INFO: 2025-12-05 05:12:08,525: main() 'Using profile folder /home/jay/.config/variety/'
INFO: 2025-12-05 05:12:08,527: perform_upgrade() 'Last run version was 0.8.13 or earlier, current version is 0.8.13'
INFO: 2025-12-05 05:12:08,532: process_command() 'Received command: ['--next']'
INFO: 2025-12-05 05:12:08,534: start() 'Using data_path /usr/share/variety'
INFO: 2025-12-05 05:12:08,534: load() 'Jumble loading'
INFO: 2025-12-05 05:12:08,534: _walk_modules() 'Jumble loading module in __init__ from /usr/lib/python3.13/site-packages/variety/plugins/builtin/__init__.py'
INFO: 2025-12-05 05:12:08,534: _walk_modules() 'Jumble loading module in GoodreadsSource from /usr/lib/python3.13/site-packages/variety/plugins/builtin/quotes/GoodreadsSource.py'
INFO: 2025-12-05 05:12:08,572: load() 'Jumble found plugin class: <class 'GoodreadsSource.GoodreadsSource'>: {'name': 'Goodreads', 'description': 'Fetches quotes from Goodreads.com', 'author': 'Peter Levi', 'version': '0.1'}'
INFO: 2025-12-05 05:12:08,572: _walk_modules() 'Jumble loading module in LocalFilesSource from /usr/lib/python3.13/site-packages/variety/plugins/builtin/quotes/LocalFilesSource.py'
INFO: 2025-12-05 05:12:08,573: load() 'Jumble found plugin class: <class 'LocalFilesSource.LocalFilesSource'>: {'name': 'Local text files', 'description': 'Displays quotes, defined in local text files.\nPut your own txt files in: ~/.config/variety/pluginconfig/quotes/.\nThe file format is:\n\nquote -- author\n.\nsecond quote -- another author\n.\netc...\n\nExample: http://rvelthuis.de/zips/quotes.txt', 'author': 'Peter Levi', 'version': '0.1'}'
INFO: 2025-12-05 05:12:08,573: _walk_modules() 'Jumble loading module in FortuneSource from /usr/lib/python3.13/site-packages/variety/plugins/builtin/quotes/FortuneSource.py'
INFO: 2025-12-05 05:12:08,574: load() 'Jumble found plugin class: <class 'FortuneSource.FortuneSource'>: {'name': 'UNIX fortune program', 'description': 'Displays quotes using the UNIX fortune program. You may want to install additional fortune packs, e.g. fortunes-bofh-excuses.', 'author': 'Dan Jones', 'version': '0.1'}'
INFO: 2025-12-05 05:12:08,574: _walk_modules() 'Jumble loading module in UrbanDictionarySource from /usr/lib/python3.13/site-packages/variety/plugins/builtin/quotes/UrbanDictionarySource.py'
INFO: 2025-12-05 05:12:08,574: load() 'Jumble found plugin class: <class 'UrbanDictionarySource.UrbanDictionarySource'>: {'name': 'Urban Dictionary', 'description': 'Displays definitions from Urban Dictionary', 'author': 'James Miller', 'version': '0.1'}'
INFO: 2025-12-05 05:12:08,574: _walk_modules() 'Jumble loading module in QuotationsPageSource from /usr/lib/python3.13/site-packages/variety/plugins/builtin/quotes/QuotationsPageSource.py'
INFO: 2025-12-05 05:12:08,575: load() 'Jumble found plugin class: <class 'QuotationsPageSource.QuotationsPageSource'>: {'name': 'TheQuotationsPage.com', 'description': 'Fetches quotes from TheQuotationsPage.com', 'author': 'Peter Levi', 'version': '0.1'}'
INFO: 2025-12-05 05:12:08,575: _walk_modules() 'Jumble loading module in __init__ from /usr/lib/python3.13/site-packages/variety/plugins/builtin/quotes/__init__.py'
INFO: 2025-12-05 05:12:08,575: _walk_modules() 'Jumble loading module in MediaRSSSource from /usr/lib/python3.13/site-packages/variety/plugins/builtin/downloaders/MediaRSSSource.py'
INFO: 2025-12-05 05:12:08,577: load() 'Jumble found plugin class: <class 'MediaRSSSource.MediaRSSSource'>: {'name': 'MediaRSSSource', 'description': 'Configurable source for fetching images from MediaRSS feeds', 'author': 'Peter Levi', 'version': '0.1'}'
INFO: 2025-12-05 05:12:08,577: _walk_modules() 'Jumble loading module in ArtStationDownloader from /usr/lib/python3.13/site-packages/variety/plugins/builtin/downloaders/ArtStationDownloader.py'
INFO: 2025-12-05 05:12:08,578: _walk_modules() 'Jumble loading module in BingDownloader from /usr/lib/python3.13/site-packages/variety/plugins/builtin/downloaders/BingDownloader.py'
INFO: 2025-12-05 05:12:08,578: load() 'Jumble found plugin class: <class 'BingDownloader.BingDownloader'>: {'name': 'BingDownloader', 'description': 'Bing Photo of the Day', 'author': 'Peter Levi', 'version': '0.1'}'
INFO: 2025-12-05 05:12:08,578: _walk_modules() 'Jumble loading module in MediaRSSDownloader from /usr/lib/python3.13/site-packages/variety/plugins/builtin/downloaders/MediaRSSDownloader.py'
INFO: 2025-12-05 05:12:08,579: _walk_modules() 'Jumble loading module in WallhavenSource from /usr/lib/python3.13/site-packages/variety/plugins/builtin/downloaders/WallhavenSource.py'
INFO: 2025-12-05 05:12:08,580: load() 'Jumble found plugin class: <class 'WallhavenSource.WallhavenSource'>: {'name': 'WallhavenSource', 'description': 'Configurable source for fetching images from Wallhaven.cc', 'author': 'Peter Levi', 'version': '0.1'}'
INFO: 2025-12-05 05:12:08,580: _walk_modules() 'Jumble loading module in UnsplashConfigurableSource from /usr/lib/python3.13/site-packages/variety/plugins/builtin/downloaders/UnsplashConfigurableSource.py'
INFO: 2025-12-05 05:12:08,581: load() 'Jumble found plugin class: <class 'UnsplashConfigurableSource.UnsplashConfigurableSource'>: {'name': 'UnsplashConfigurableSource', 'description': 'Configurable source for fetching photos from Unsplash.com', 'author': 'Peter Levi', 'version': '0.1'}'
INFO: 2025-12-05 05:12:08,582: _walk_modules() 'Jumble loading module in NationalGeographicDownloader from /usr/lib/python3.13/site-packages/variety/plugins/builtin/downloaders/NationalGeographicDownloader.py'
INFO: 2025-12-05 05:12:08,582: load() 'Jumble found plugin class: <class 'NationalGeographicDownloader.NationalGeographicDownloader'>: {'name': 'NationalGeographicDownloader', 'description': "National Geographic's photo of the day", 'author': 'Eric RÃ¶sch', 'version': '0.1'}'
INFO: 2025-12-05 05:12:08,582: _walk_modules() 'Jumble loading module in WallhavenDownloader from /usr/lib/python3.13/site-packages/variety/plugins/builtin/downloaders/WallhavenDownloader.py'
INFO: 2025-12-05 05:12:08,583: _walk_modules() 'Jumble loading module in WallhavenLegacyDownloader from /usr/lib/python3.13/site-packages/variety/plugins/builtin/downloaders/WallhavenLegacyDownloader.py'
INFO: 2025-12-05 05:12:08,583: _walk_modules() 'Jumble loading module in EarthviewDownloader from /usr/lib/python3.13/site-packages/variety/plugins/builtin/downloaders/EarthviewDownloader.py'
INFO: 2025-12-05 05:12:08,583: load() 'Jumble found plugin class: <class 'EarthviewDownloader.EarthviewDownloader'>: {'name': 'EarthviewDownloader', 'description': 'Google Earth View Wallpapers', 'author': 'Peter Levi', 'version': '0.1'}'
INFO: 2025-12-05 05:12:08,583: _walk_modules() 'Jumble loading module in UnsplashDownloader from /usr/lib/python3.13/site-packages/variety/plugins/builtin/downloaders/UnsplashDownloader.py'
INFO: 2025-12-05 05:12:08,584: load() 'Jumble found plugin class: <class 'UnsplashDownloader.UnsplashDownloader'>: {'name': 'UnsplashDownloader', 'description': 'High-resolution photos from Unsplash.com', 'author': 'Peter Levi', 'version': '0.1'}'
INFO: 2025-12-05 05:12:08,584: _walk_modules() 'Jumble loading module in ArtStationSource from /usr/lib/python3.13/site-packages/variety/plugins/builtin/downloaders/ArtStationSource.py'
INFO: 2025-12-05 05:12:08,584: load() 'Jumble found plugin class: <class 'ArtStationSource.ArtStationSource'>: {'name': 'ArtStationSource', 'description': 'Configurable source for fetching images from ArtStation', 'author': 'Denis Gordeev', 'version': '0.1'}'
INFO: 2025-12-05 05:12:08,585: _walk_modules() 'Jumble loading module in __init__ from /usr/lib/python3.13/site-packages/variety/plugins/builtin/downloaders/__init__.py'
INFO: 2025-12-05 05:12:08,585: _walk_modules() 'Jumble loading module in RedditSource from /usr/lib/python3.13/site-packages/variety/plugins/builtin/downloaders/RedditSource.py'
INFO: 2025-12-05 05:12:08,586: load() 'Jumble found plugin class: <class 'RedditSource.RedditSource'>: {'name': 'RedditSource', 'description': 'Configurable source for fetching images from Reddit', 'author': 'Peter Levi', 'version': '0.1'}'
INFO: 2025-12-05 05:12:08,586: _walk_modules() 'Jumble loading module in RedditDownloader from /usr/lib/python3.13/site-packages/variety/plugins/builtin/downloaders/RedditDownloader.py'
INFO: 2025-12-05 05:12:08,586: _walk_modules() 'Jumble loading module in APODDownloader from /usr/lib/python3.13/site-packages/variety/plugins/builtin/downloaders/APODDownloader.py'
INFO: 2025-12-05 05:12:08,587: load() 'Jumble found plugin class: <class 'APODDownloader.APODDownloader'>: {'name': 'APODDownloader', 'description': 'NASA Astro Pic of the Day', 'author': 'Peter Levi', 'version': '0.1'}'
INFO: 2025-12-05 05:12:08,587: _walk_modules() 'Jumble loading module in ResizingDisplayModesPlugin from /usr/lib/python3.13/site-packages/variety/plugins/builtin/display_modes/ResizingDisplayModesPlugin.py'
INFO: 2025-12-05 05:12:08,588: load() 'Jumble found plugin class: <class 'ResizingDisplayModesPlugin.ResizingDisplayModesPlugin'>: {'name': 'ResizingDisplayModesPlugin', 'description': 'Display modes that use image resizing within Variety', 'version': '1.0', 'author': 'Peter Levi'}'
INFO: 2025-12-05 05:12:08,588: _walk_modules() 'Jumble loading module in GnomeDisplayModesPlugin from /usr/lib/python3.13/site-packages/variety/plugins/builtin/display_modes/GnomeDisplayModesPlugin.py'
INFO: 2025-12-05 05:12:08,588: load() 'Jumble found plugin class: <class 'GnomeDisplayModesPlugin.GnomeDisplayModesPlugin'>: {'name': 'GnomeDisplayModesPlugin', 'description': 'Display modes relying on the underlying desktop environment', 'version': '1.0', 'author': 'Peter Levi'}'
INFO: 2025-12-05 05:12:08,588: _walk_modules() 'Jumble loading module in __init__ from /usr/lib/python3.13/site-packages/variety/plugins/builtin/display_modes/__init__.py'
INFO: 2025-12-05 05:12:08,588: _walk_modules() 'Jumble loading module in LegacyDisplayModesPlugin from /usr/lib/python3.13/site-packages/variety/plugins/builtin/display_modes/LegacyDisplayModesPlugin.py'
INFO: 2025-12-05 05:12:08,589: load() 'Jumble found plugin class: <class 'LegacyDisplayModesPlugin.LegacyDisplayModesPlugin'>: {'name': 'LegacyDisplayModesPlugin', 'description': 'Legacy display mode for compatibility with past Variety versions', 'version': '1.0', 'author': 'Peter Levi'}'
ERROR: 2025-12-05 05:12:08,590: get_xdg_pictures_folder() 'Could not get path to Pictures folder. Defaulting to ~/Pictures.'
Traceback (most recent call last):
  File "/usr/lib/python3.13/site-packages/variety/Util.py", line 818, in get_xdg_pictures_folder
    raise Exception("Could not get path to Pictures folder. Defaulting to ~/Pictures.")
Exception: Could not get path to Pictures folder. Defaulting to ~/Pictures.
ERROR: 2025-12-05 05:12:08,591: get_xdg_pictures_folder() 'Could not get path to Pictures folder. Defaulting to ~/Pictures.'
Traceback (most recent call last):
  File "/usr/lib/python3.13/site-packages/variety/Util.py", line 818, in get_xdg_pictures_folder
    raise Exception("Could not get path to Pictures folder. Defaulting to ~/Pictures.")
Exception: Could not get path to Pictures folder. Defaulting to ~/Pictures.
INFO: 2025-12-05 05:12:08,604: reload_config() 'Creating new downloader for type wallhaven, location https://wallhaven.cc/toplist'
INFO: 2025-12-05 05:12:08,607: log_options() 'Loaded options:'
INFO: 2025-12-05 05:12:08,607: log_options() 'change_enabled = True'
INFO: 2025-12-05 05:12:08,607: log_options() 'change_interval = 18000'
INFO: 2025-12-05 05:12:08,607: log_options() 'change_on_start = False'
INFO: 2025-12-05 05:12:08,607: log_options() 'clipboard_enabled = False'
INFO: 2025-12-05 05:12:08,607: log_options() 'clipboard_hosts = ['wallhaven.cc', 'wallpapers.net', 'flickr.com', 'imgur.com', 'deviantart.com', 'interfacelift.com', 'vladstudio.com', 'imageshack.us', 'deviantart.net', 'imageshack.com']'
INFO: 2025-12-05 05:12:08,607: log_options() 'clipboard_use_whitelist = True'
INFO: 2025-12-05 05:12:08,607: log_options() 'clock_date_font = Serif 30'
INFO: 2025-12-05 05:12:08,607: log_options() 'clock_enabled = False'
INFO: 2025-12-05 05:12:08,607: log_options() 'clock_filter = -density 100 -font `fc-match -f '%{file[0]}' '%CLOCK_FONT_NAME'` -pointsize %CLOCK_FONT_SIZE -gravity SouthEast -fill '#00000044' -annotate 0x0+[%HOFFSET+58]+[%VOFFSET+108] '%H:%M' -fill white -annotate 0x0+[%HOFFSET+60]+[%VOFFSET+110] '%H:%M' -font `fc-match -f '%{file[0]}' '%DATE_FONT_NAME'` -pointsize %DATE_FONT_SIZE -fill '#00000044' -annotate 0x0+[%HOFFSET+58]+[%VOFFSET+58] '%A, %B %d' -fill white -annotate 0x0+[%HOFFSET+60]+[%VOFFSET+60] '%A, %B %d''
INFO: 2025-12-05 05:12:08,607: log_options() 'clock_font = Serif 70'
INFO: 2025-12-05 05:12:08,607: log_options() 'configfile = /home/jay/.config/variety/variety.conf'
INFO: 2025-12-05 05:12:08,607: log_options() 'copyto_enabled = False'
INFO: 2025-12-05 05:12:08,607: log_options() 'copyto_folder = Default'
INFO: 2025-12-05 05:12:08,607: log_options() 'desired_color = [160, 160, 160]'
INFO: 2025-12-05 05:12:08,607: log_options() 'desired_color_enabled = False'
INFO: 2025-12-05 05:12:08,607: log_options() 'download_folder = /home/jay/.config/variety/Downloaded'
INFO: 2025-12-05 05:12:08,607: log_options() 'download_preference_ratio = 0.9'
INFO: 2025-12-05 05:12:08,607: log_options() 'favorites_folder = /home/jay/.config/variety/Favorites'
INFO: 2025-12-05 05:12:08,607: log_options() 'favorites_operations = [['Downloaded', 'Copy'], ['Fetched', 'Move'], ['Others', 'Copy']]'
INFO: 2025-12-05 05:12:08,607: log_options() 'fetched_folder = /home/jay/.config/variety/Fetched'
INFO: 2025-12-05 05:12:08,607: log_options() 'filters = [[True, 'Keep original', ''], [True, 'Grayscale', '-type Grayscale'], [False, 'Heavy blur', '-scale 20% -blur 0x10 -resize 500%'], [True, 'Soft blur', '-scale 20% -blur 0x2 -resize 500%'], [True, 'Oil painting', '-paint 8'], [False, 'Pointilism', '-spread 10 -noise 3'], [True, 'Pixellate', '-scale 3% -scale 3333%']]'
INFO: 2025-12-05 05:12:08,607: log_options() 'get_wallpaper_script = /home/jay/.config/variety/scripts/get_wallpaper'
INFO: 2025-12-05 05:12:08,607: log_options() 'icon = Light'
INFO: 2025-12-05 05:12:08,607: log_options() 'internet_enabled = True'
INFO: 2025-12-05 05:12:08,607: log_options() 'lightness_enabled = False'
INFO: 2025-12-05 05:12:08,607: log_options() 'lightness_mode = 0'
INFO: 2025-12-05 05:12:08,607: log_options() 'min_rating = 4'
INFO: 2025-12-05 05:12:08,607: log_options() 'min_rating_enabled = False'
INFO: 2025-12-05 05:12:08,607: log_options() 'min_size = 80'
INFO: 2025-12-05 05:12:08,607: log_options() 'min_size_enabled = True'
INFO: 2025-12-05 05:12:08,607: log_options() 'name_regex = .*'
INFO: 2025-12-05 05:12:08,607: log_options() 'name_regex_enabled = False'
INFO: 2025-12-05 05:12:08,607: log_options() 'quota_enabled = True'
INFO: 2025-12-05 05:12:08,607: log_options() 'quota_size = 1000'
INFO: 2025-12-05 05:12:08,607: log_options() 'quotes_authors = '
INFO: 2025-12-05 05:12:08,607: log_options() 'quotes_bg_color = [80, 80, 80]'
INFO: 2025-12-05 05:12:08,607: log_options() 'quotes_bg_opacity = 55'
INFO: 2025-12-05 05:12:08,607: log_options() 'quotes_change_enabled = False'
INFO: 2025-12-05 05:12:08,607: log_options() 'quotes_change_interval = 300'
INFO: 2025-12-05 05:12:08,607: log_options() 'quotes_disabled_sources = ['Urban Dictionary']'
INFO: 2025-12-05 05:12:08,607: log_options() 'quotes_enabled = False'
INFO: 2025-12-05 05:12:08,608: log_options() 'quotes_favorites_file = /home/jay/.config/variety/favorite_quotes.txt'
INFO: 2025-12-05 05:12:08,608: log_options() 'quotes_font = Serif 30'
INFO: 2025-12-05 05:12:08,608: log_options() 'quotes_hpos = 100'
INFO: 2025-12-05 05:12:08,608: log_options() 'quotes_max_length = 250'
INFO: 2025-12-05 05:12:08,608: log_options() 'quotes_tags = '
INFO: 2025-12-05 05:12:08,608: log_options() 'quotes_text_color = [255, 255, 255]'
INFO: 2025-12-05 05:12:08,608: log_options() 'quotes_text_shadow = False'
INFO: 2025-12-05 05:12:08,608: log_options() 'quotes_vpos = 40'
INFO: 2025-12-05 05:12:08,608: log_options() 'quotes_width = 70'
INFO: 2025-12-05 05:12:08,608: log_options() 'safe_mode = False'
INFO: 2025-12-05 05:12:08,608: log_options() 'set_wallpaper_script = /home/jay/.config/variety/scripts/set_wallpaper'
INFO: 2025-12-05 05:12:08,608: log_options() 'slideshow_custom_enabled = False'
INFO: 2025-12-05 05:12:08,608: log_options() 'slideshow_custom_folder = /home/jay/Pictures'
INFO: 2025-12-05 05:12:08,608: log_options() 'slideshow_downloads_enabled = False'
INFO: 2025-12-05 05:12:08,608: log_options() 'slideshow_fade = 0.4'
INFO: 2025-12-05 05:12:08,608: log_options() 'slideshow_favorites_enabled = True'
INFO: 2025-12-05 05:12:08,608: log_options() 'slideshow_mode = Fullscreen'
INFO: 2025-12-05 05:12:08,608: log_options() 'slideshow_monitor = All'
INFO: 2025-12-05 05:12:08,608: log_options() 'slideshow_pan = 0.05'
INFO: 2025-12-05 05:12:08,608: log_options() 'slideshow_seconds = 6.0'
INFO: 2025-12-05 05:12:08,608: log_options() 'slideshow_sort_order = Random'
INFO: 2025-12-05 05:12:08,608: log_options() 'slideshow_sources_enabled = True'
INFO: 2025-12-05 05:12:08,608: log_options() 'slideshow_zoom = 0.2'
INFO: 2025-12-05 05:12:08,608: log_options() 'smart_enabled = False'
INFO: 2025-12-05 05:12:08,608: log_options() 'smart_notice_shown = False'
INFO: 2025-12-05 05:12:08,608: log_options() 'smart_register_shown = False'
INFO: 2025-12-05 05:12:08,608: log_options() 'sources = [[True, 'favorites', 'The Favorites folder'], [True, 'fetched', 'The Fetched folder'], [True, 'folder', '/usr/share/backgrounds'], [False, 'flickr', 'user:www.flickr.com/photos/peter-levi/;user_id:93647178@N00;'], [False, 'apod', "NASA's Astronomy Picture of the Day"], [False, 'bing', 'Bing Photo of the Day'], [False, 'earthview', 'Google Earth View Wallpapers'], [False, 'natgeo', "National Geographic's photo of the day"], [False, 'unsplash', 'High-resolution photos from Unsplash.com'], [False, 'artstation', 'https://www.artstation.com/khyzylsaleem.rss'], [True, 'wallhaven', 'https://wallhaven.cc/toplist']]'
INFO: 2025-12-05 05:12:08,608: log_options() 'stats_enabled = True'
INFO: 2025-12-05 05:12:08,608: log_options() 'stats_notice_shown = False'
INFO: 2025-12-05 05:12:08,608: log_options() 'sync_enabled = True'
INFO: 2025-12-05 05:12:08,608: log_options() 'use_landscape_enabled = True'
INFO: 2025-12-05 05:12:08,608: log_options() 'wallhaven_api_key = '
INFO: 2025-12-05 05:12:08,608: log_options() 'wallpaper_auto_rotate = False'
INFO: 2025-12-05 05:12:08,608: log_options() 'wallpaper_display_mode = os'
INFO: 2025-12-05 05:12:08,608: reload_config() 'No need to clear prepared queue'
INFO: 2025-12-05 05:12:08,608: update_indicator() 'Setting file info to: /usr/share/backgrounds/gnome/adwaita-l.jxl'
INFO: 2025-12-05 05:12:08,610: load_banned() 'Missing or invalid banned URLs list, no URLs will be banned'
INFO: 2025-12-05 05:12:08,610: load_last_change_time() 'Change interval < 6 hours, ignore persisted last_change_time, wait initially the whole interval: 18000'
INFO: 2025-12-05 05:12:08,610: update_indicator() 'Setting file info to: /usr/share/backgrounds/gnome/adwaita-l.jxl'
INFO: 2025-12-05 05:12:08,610: regular_change_thread() 'regular_change thread running'
INFO: 2025-12-05 05:12:08,611: prepare_thread() 'Prepare thread running'
INFO: 2025-12-05 05:12:08,611: get_throttling() 'Wallhaven.cc: parsing serverside options'
INFO: 2025-12-05 05:12:08,611: prepare_thread() 'Prepared buffer contains 0 images'
INFO: 2025-12-05 05:12:08,611: get_throttling() 'Could not parse Wallhaven.cc serverside options, using defaults 360, 40'
INFO: 2025-12-05 05:12:08,612: prepare_thread() 'Preparing some images'
INFO: 2025-12-05 05:12:08,612: get_throttling() 'Wallhaven.cc: parsing serverside options'
INFO: 2025-12-05 05:12:08,612: get_throttling() 'Could not parse Wallhaven.cc serverside options, using defaults 360, 40'
INFO: 2025-12-05 05:12:08,612: download_one() 'Wallhaven.cc: Downloading an image, config: https://wallhaven.cc/toplist'
INFO: 2025-12-05 05:12:08,613: download_one() 'Wallhaven.cc: Queue size: 0'
INFO: 2025-12-05 05:12:08,613: get_throttling() 'Wallhaven.cc: parsing serverside options'
INFO: 2025-12-05 05:12:08,613: get_throttling() 'Could not parse Wallhaven.cc serverside options, using defaults 360, 40'
INFO: 2025-12-05 05:12:08,613: download_one() 'Wallhaven.cc: Filling queue'
INFO: 2025-12-05 05:12:08,613: search() 'Performing wallhaven search: url=https://wallhaven.cc/toplist'
INFO: 2025-12-05 05:12:08,616: update_indicator_icon() 'Creating indicator'
WARNING: 2025-12-05 05:12:08,654: create_menu() 'Variety Slideshow is not installed. This is an optional extension adding pan-and-zoom slideshows to Variety: see https://github.com/peterlevi/variety-slideshow for details'
INFO: 2025-12-05 05:12:08,655: create_indicator() 'indicator backend: AppIndicator3'
INFO: 2025-12-05 05:12:08,668: set_from_theme_icon() 'Showing indicator icon variety-indicator from GTK theme'
INFO: 2025-12-05 05:12:08,711: do_set_wp() 'Calling do_set_wp with /usr/share/backgrounds/gnome/adwaita-l.jxl, time: 1764911528.7116754'
INFO: 2025-12-05 05:12:08,712: do_set_wp() 'Missing file or bad permissions, will not use it: /usr/share/backgrounds/gnome/adwaita-l.jxl'
ERROR: 2025-12-05 05:12:08,824: request() 'SSL Error for url https://wallhaven.cc/toplist:'
Traceback (most recent call last):
  File "/usr/lib/python3.13/site-packages/urllib3/connectionpool.py", line 464, in _make_request
    self._validate_conn(conn)
    ~~~~~~~~~~~~~~~~~~~^^^^^^
  File "/usr/lib/python3.13/site-packages/urllib3/connectionpool.py", line 1093, in _validate_conn
    conn.connect()
    ~~~~~~~~~~~~^^
  File "/usr/lib/python3.13/site-packages/urllib3/connection.py", line 790, in connect
    sock_and_verified = _ssl_wrap_socket_and_match_hostname(
        sock=sock,
    ...<14 lines>...
        assert_fingerprint=self.assert_fingerprint,
    )
  File "/usr/lib/python3.13/site-packages/urllib3/connection.py", line 969, in _ssl_wrap_socket_and_match_hostname
    ssl_sock = ssl_wrap_socket(
        sock=sock,
    ...<8 lines>...
        tls_in_tls=tls_in_tls,
    )
  File "/usr/lib/python3.13/site-packages/urllib3/util/ssl_.py", line 480, in ssl_wrap_socket
    ssl_sock = _ssl_wrap_socket_impl(sock, context, tls_in_tls, server_hostname)
  File "/usr/lib/python3.13/site-packages/urllib3/util/ssl_.py", line 524, in _ssl_wrap_socket_impl
    return ssl_context.wrap_socket(sock, server_hostname=server_hostname)
           ~~~~~~~~~~~~~~~~~~~~~~~^^^^^^^^^^^^^^^^^^^^^^^^^^^^^^^^^^^^^^^
  File "/usr/lib/python3.13/ssl.py", line 455, in wrap_socket
    return self.sslsocket_class._create(
           ~~~~~~~~~~~~~~~~~~~~~~~~~~~~^
        sock=sock,
        ^^^^^^^^^^
    ...<5 lines>...
        session=session
        ^^^^^^^^^^^^^^^
    )
    ^
  File "/usr/lib/python3.13/ssl.py", line 1076, in _create
    self.do_handshake()
    ~~~~~~~~~~~~~~~~~^^
  File "/usr/lib/python3.13/ssl.py", line 1372, in do_handshake
    self._sslobj.do_handshake()
    ~~~~~~~~~~~~~~~~~~~~~~~~~^^
ssl.SSLError: [SSL] unknown error (_ssl.c:1032)

During handling of the above exception, another exception occurred:

Traceback (most recent call last):
  File "/usr/lib/python3.13/site-packages/urllib3/connectionpool.py", line 787, in urlopen
    response = self._make_request(
        conn,
    ...<10 lines>...
        **response_kw,
    )
  File "/usr/lib/python3.13/site-packages/urllib3/connectionpool.py", line 488, in _make_request
    raise new_e
urllib3.exceptions.SSLError: [SSL] unknown error (_ssl.c:1032)

The above exception was the direct cause of the following exception:

Traceback (most recent call last):
  File "/usr/lib/python3.13/site-packages/requests/adapters.py", line 644, in send
    resp = conn.urlopen(
        method=request.method,
    ...<9 lines>...
        chunked=chunked,
    )
  File "/usr/lib/python3.13/site-packages/urllib3/connectionpool.py", line 841, in urlopen
    retries = retries.increment(
        method, url, error=new_e, _pool=self, _stacktrace=sys.exc_info()[2]
    )
  File "/usr/lib/python3.13/site-packages/urllib3/util/retry.py", line 519, in increment
    raise MaxRetryError(_pool, url, reason) from reason  # type: ignore[arg-type]
    ^^^^^^^^^^^^^^^^^^^^^^^^^^^^^^^^^^^^^^^^^^^^^^^^^^^
urllib3.exceptions.MaxRetryError: HTTPSConnectionPool(host='wallhaven.cc', port=443): Max retries exceeded with url: /toplist (Caused by SSLError(SSLError(1, '[SSL] unknown error (_ssl.c:1032)')))

During handling of the above exception, another exception occurred:

Traceback (most recent call last):
  File "/usr/lib/python3.13/site-packages/variety/Util.py", line 654, in request
    r = requests.request(
        method=method,
    ...<5 lines>...
        timeout=timeout,
    )
  File "/usr/lib/python3.13/site-packages/requests/api.py", line 59, in request
    return session.request(method=method, url=url, **kwargs)
           ~~~~~~~~~~~~~~~^^^^^^^^^^^^^^^^^^^^^^^^^^^^^^^^^^
  File "/usr/lib/python3.13/site-packages/requests/sessions.py", line 589, in request
    resp = self.send(prep, **send_kwargs)
  File "/usr/lib/python3.13/site-packages/requests/sessions.py", line 703, in send
    r = adapter.send(request, **kwargs)
  File "/usr/lib/python3.13/site-packages/requests/adapters.py", line 675, in send
    raise SSLError(e, request=request)
requests.exceptions.SSLError: HTTPSConnectionPool(host='wallhaven.cc', port=443): Max retries exceeded with url: /toplist (Caused by SSLError(SSLError(1, '[SSL] unknown error (_ssl.c:1032)')))
ERROR: 2025-12-05 05:12:08,830: download_one_from() 'Could not download wallpaper:'
Traceback (most recent call last):
  File "/usr/lib/python3.13/site-packages/urllib3/connectionpool.py", line 464, in _make_request
    self._validate_conn(conn)
    ~~~~~~~~~~~~~~~~~~~^^^^^^
  File "/usr/lib/python3.13/site-packages/urllib3/connectionpool.py", line 1093, in _validate_conn
    conn.connect()
    ~~~~~~~~~~~~^^
  File "/usr/lib/python3.13/site-packages/urllib3/connection.py", line 790, in connect
    sock_and_verified = _ssl_wrap_socket_and_match_hostname(
        sock=sock,
    ...<14 lines>...
        assert_fingerprint=self.assert_fingerprint,
    )
  File "/usr/lib/python3.13/site-packages/urllib3/connection.py", line 969, in _ssl_wrap_socket_and_match_hostname
    ssl_sock = ssl_wrap_socket(
        sock=sock,
    ...<8 lines>...
        tls_in_tls=tls_in_tls,
    )
  File "/usr/lib/python3.13/site-packages/urllib3/util/ssl_.py", line 480, in ssl_wrap_socket
    ssl_sock = _ssl_wrap_socket_impl(sock, context, tls_in_tls, server_hostname)
  File "/usr/lib/python3.13/site-packages/urllib3/util/ssl_.py", line 524, in _ssl_wrap_socket_impl
    return ssl_context.wrap_socket(sock, server_hostname=server_hostname)
           ~~~~~~~~~~~~~~~~~~~~~~~^^^^^^^^^^^^^^^^^^^^^^^^^^^^^^^^^^^^^^^
  File "/usr/lib/python3.13/ssl.py", line 455, in wrap_socket
    return self.sslsocket_class._create(
           ~~~~~~~~~~~~~~~~~~~~~~~~~~~~^
        sock=sock,
        ^^^^^^^^^^
    ...<5 lines>...
        session=session
        ^^^^^^^^^^^^^^^
    )
    ^
  File "/usr/lib/python3.13/ssl.py", line 1076, in _create
    self.do_handshake()
    ~~~~~~~~~~~~~~~~~^^
  File "/usr/lib/python3.13/ssl.py", line 1372, in do_handshake
    self._sslobj.do_handshake()
    ~~~~~~~~~~~~~~~~~~~~~~~~~^^
ssl.SSLError: [SSL] unknown error (_ssl.c:1032)

During handling of the above exception, another exception occurred:

Traceback (most recent call last):
  File "/usr/lib/python3.13/site-packages/urllib3/connectionpool.py", line 787, in urlopen
    response = self._make_request(
        conn,
    ...<10 lines>...
        **response_kw,
    )
  File "/usr/lib/python3.13/site-packages/urllib3/connectionpool.py", line 488, in _make_request
    raise new_e
urllib3.exceptions.SSLError: [SSL] unknown error (_ssl.c:1032)

The above exception was the direct cause of the following exception:

Traceback (most recent call last):
  File "/usr/lib/python3.13/site-packages/requests/adapters.py", line 644, in send
    resp = conn.urlopen(
        method=request.method,
    ...<9 lines>...
        chunked=chunked,
    )
  File "/usr/lib/python3.13/site-packages/urllib3/connectionpool.py", line 841, in urlopen
    retries = retries.increment(
        method, url, error=new_e, _pool=self, _stacktrace=sys.exc_info()[2]
    )
  File "/usr/lib/python3.13/site-packages/urllib3/util/retry.py", line 519, in increment
    raise MaxRetryError(_pool, url, reason) from reason  # type: ignore[arg-type]
    ^^^^^^^^^^^^^^^^^^^^^^^^^^^^^^^^^^^^^^^^^^^^^^^^^^^
urllib3.exceptions.MaxRetryError: HTTPSConnectionPool(host='wallhaven.cc', port=443): Max retries exceeded with url: /toplist (Caused by SSLError(SSLError(1, '[SSL] unknown error (_ssl.c:1032)')))

During handling of the above exception, another exception occurred:

Traceback (most recent call last):
  File "/usr/lib/python3.13/site-packages/variety/VarietyWindow.py", line 1166, in download_one_from
    file = downloader.download_one()
  File "/usr/lib/python3.13/site-packages/variety/plugins/downloaders/DefaultDownloader.py", line 141, in download_one
    items = self.fill_queue()
  File "/usr/lib/python3.13/site-packages/variety/plugins/builtin/downloaders/WallhavenDownloader.py", line 147, in fill_queue
    return self.legacy_downloader.fill_queue()
           ~~~~~~~~~~~~~~~~~~~~~~~~~~~~~~~~~^^
  File "/usr/lib/python3.13/site-packages/variety/plugins/builtin/downloaders/WallhavenLegacyDownloader.py", line 119, in fill_queue
    s, count = self.search()
               ~~~~~~~~~~~^^
  File "/usr/lib/python3.13/site-packages/variety/plugins/builtin/downloaders/WallhavenLegacyDownloader.py", line 53, in search
    soup = Util.html_soup(url)
  File "/usr/lib/python3.13/site-packages/variety/Util.py", line 688, in html_soup
    return bs4.BeautifulSoup(Util.fetch(url, data, **request_kwargs), "lxml")
                             ~~~~~~~~~~^^^^^^^^^^^^^^^^^^^^^^^^^^^^^
  File "/usr/lib/python3.13/site-packages/variety/Util.py", line 676, in fetch
    return Util.request(url, data, **request_kwargs).text
           ~~~~~~~~~~~~^^^^^^^^^^^^^^^^^^^^^^^^^^^^^
  File "/usr/lib/python3.13/site-packages/variety/Util.py", line 654, in request
    r = requests.request(
        method=method,
    ...<5 lines>...
        timeout=timeout,
    )
  File "/usr/lib/python3.13/site-packages/requests/api.py", line 59, in request
    return session.request(method=method, url=url, **kwargs)
           ~~~~~~~~~~~~~~~^^^^^^^^^^^^^^^^^^^^^^^^^^^^^^^^^^
  File "/usr/lib/python3.13/site-packages/requests/sessions.py", line 589, in request
    resp = self.send(prep, **send_kwargs)
  File "/usr/lib/python3.13/site-packages/requests/sessions.py", line 703, in send
    r = adapter.send(request, **kwargs)
  File "/usr/lib/python3.13/site-packages/requests/adapters.py", line 675, in send
    raise SSLError(e, request=request)
requests.exceptions.SSLError: HTTPSConnectionPool(host='wallhaven.cc', port=443): Max retries exceeded with url: /toplist (Caused by SSLError(SSLError(1, '[SSL] unknown error (_ssl.c:1032)')))
INFO: 2025-12-05 05:12:10,103: reload() 'Reloading preferences dialog'
ERROR: 2025-12-05 05:12:10,104: get_xdg_pictures_folder() 'Could not get path to Pictures folder. Defaulting to ~/Pictures.'
Traceback (most recent call last):
  File "/usr/lib/python3.13/site-packages/variety/Util.py", line 818, in get_xdg_pictures_folder
    raise Exception("Could not get path to Pictures folder. Defaulting to ~/Pictures.")
Exception: Could not get path to Pictures folder. Defaulting to ~/Pictures.
ERROR: 2025-12-05 05:12:10,106: get_xdg_pictures_folder() 'Could not get path to Pictures folder. Defaulting to ~/Pictures.'
Traceback (most recent call last):
  File "/usr/lib/python3.13/site-packages/variety/Util.py", line 818, in get_xdg_pictures_folder
    raise Exception("Could not get path to Pictures folder. Defaulting to ~/Pictures.")
Exception: Could not get path to Pictures folder. Defaulting to ~/Pictures.
ERROR: 2025-12-05 05:12:10,111: get_xdg_pictures_folder() 'Could not get path to Pictures folder. Defaulting to ~/Pictures.'
Traceback (most recent call last):
  File "/usr/lib/python3.13/site-packages/variety/Util.py", line 818, in get_xdg_pictures_folder
    raise Exception("Could not get path to Pictures folder. Defaulting to ~/Pictures.")
Exception: Could not get path to Pictures folder. Defaulting to ~/Pictures.
INFO: 2025-12-05 05:12:11,534: set_wallpaper() 'Calling set_wallpaper with /home/jay/.config/variety/Downloaded/wallhaven_wallhaven_cc_toplist/wallhaven-8gg3lo.jpg'
INFO: 2025-12-05 05:12:11,535: do_set_wp() 'Calling do_set_wp with /home/jay/.config/variety/Downloaded/wallhaven_wallhaven_cc_toplist/wallhaven-8gg3lo.jpg, time: 1764911531.5354657'
INFO: 2025-12-05 05:12:11,551: update_indicator() 'Setting file info to: /home/jay/.config/variety/Downloaded/wallhaven_wallhaven_cc_toplist/wallhaven-8gg3lo.jpg'
INFO: 2025-12-05 05:12:11,553: list_files() 'More than 1 files in the folders, stop listing'
INFO: 2025-12-05 05:12:14,850: process_command() 'Received command: ['--next']'
INFO: 2025-12-05 05:12:14,853: set_wallpaper() 'Calling set_wallpaper with /home/jay/.config/variety/Downloaded/wallhaven_wallhaven_cc_toplist/wallhaven-3qzppv.jpg'
INFO: 2025-12-05 05:12:14,853: do_set_wp() 'Calling do_set_wp with /home/jay/.config/variety/Downloaded/wallhaven_wallhaven_cc_toplist/wallhaven-3qzppv.jpg, time: 1764911534.8535652'
INFO: 2025-12-05 05:12:14,863: update_indicator() 'Setting file info to: /home/jay/.config/variety/Downloaded/wallhaven_wallhaven_cc_toplist/wallhaven-3qzppv.jpg'
INFO: 2025-12-05 05:12:14,864: list_files() 'More than 1 files in the folders, stop listing'
INFO: 2025-12-05 05:12:15,590: prepare_thread() 'After search prepared buffer contains 45 images'
INFO: 2025-12-05 05:12:15,591: prepare_thread() 'Prepared buffer contains 45 images'
INFO: 2025-12-05 05:12:17,591: trigger_download() 'Triggering download thread to check if download needed and possible'
INFO: 2025-12-05 05:12:17,592: trigger_download() 'Triggering download thread to check if download needed and possible'
INFO: 2025-12-05 05:12:18,289: process_command() 'Received command: ['--next']'
INFO: 2025-12-05 05:12:18,292: set_wallpaper() 'Calling set_wallpaper with /home/jay/.config/variety/Downloaded/wallhaven_wallhaven_cc_toplist/wallhaven-xee72o.png'
INFO: 2025-12-05 05:12:18,292: prepare_thread() 'Prepared buffer contains 44 images'
INFO: 2025-12-05 05:12:18,292: do_set_wp() 'Calling do_set_wp with /home/jay/.config/variety/Downloaded/wallhaven_wallhaven_cc_toplist/wallhaven-xee72o.png, time: 1764911538.2929478'
INFO: 2025-12-05 05:12:18,293: build_imagemagick_filter_cmd() 'Applying filter: -paint 8'
INFO: 2025-12-05 05:12:18,293: build_imagemagick_filter_cmd() 'ImageMagick filter cmd: convert /home/jay/.config/variety/Downloaded/wallhaven_wallhaven_cc_toplist/wallhaven-xee72o.png -scale 3200x2000^ -paint 8 /home/jay/.config/variety/wallpaper/wallpaper-filter-69fe7fbdf1fc2d66ea0098e861a27040.jpg'
INFO: 2025-12-05 05:12:20,293: trigger_download() 'Triggering download thread to check if download needed and possible'
INFO: 2025-12-05 05:12:23,235: update_indicator() 'Setting file info to: /home/jay/.config/variety/Downloaded/wallhaven_wallhaven_cc_toplist/wallhaven-xee72o.png'
INFO: 2025-12-05 05:12:23,238: list_files() 'More than 1 files in the folders, stop listing'
INFO: 2025-12-05 05:12:28,612: server_options_thread() 'Fetching server options from https://gist.githubusercontent.com/peterlevi/a7d1dbf3a4e76e15760a/raw/fab10d0ce5cfe66377e7c650be56edb497aabbd4/variety_server_options.json'
INFO: 2025-12-05 05:12:28,799: server_options_thread() 'Fetched server options: {'flickr': {'min_fill_queue_interval': 1200, 'min_download_interval': 1200}, 'wallbase': {'min_fill_queue_interval': 1800, 'min_download_interval': 1800}, 'wallhaven': {'min_fill_queue_interval': 1800, 'min_download_interval': 1800}, 'wallpapers.net': {'min_fill_queue_interval': 601, 'min_download_interval': 0}, 'unsplash': {'min_fill_queue_interval': 20000000000, 'min_download_interval': 20000000000}, 'unsplash_v2': {'min_fill_queue_interval': 3600, 'min_download_interval': 1800}, 'status_message': {'0.0.1': '', '*': ''}}'
INFO: 2025-12-05 05:15:20,294: get_throttling() 'Wallhaven.cc: parsing serverside options'
INFO: 2025-12-05 05:15:20,294: get_throttling() 'Wallhaven.cc serverside options: {'min_fill_queue_interval': 1800, 'min_download_interval': 1800}'
INFO: 2025-12-05 05:15:20,294: get_throttling() 'Wallhaven.cc: parsing serverside options'
INFO: 2025-12-05 05:15:20,295: get_throttling() 'Wallhaven.cc serverside options: {'min_fill_queue_interval': 1800, 'min_download_interval': 1800}'
INFO: 2025-12-05 05:15:20,295: download_one() 'Wallhaven.cc: Downloading an image, config: https://wallhaven.cc/toplist'
INFO: 2025-12-05 05:15:20,295: download_one() 'Wallhaven.cc: Queue size: 0'
INFO: 2025-12-05 05:15:20,295: get_throttling() 'Wallhaven.cc: parsing serverside options'
INFO: 2025-12-05 05:15:20,295: get_throttling() 'Wallhaven.cc serverside options: {'min_fill_queue_interval': 1800, 'min_download_interval': 1800}'
INFO: 2025-12-05 05:15:20,295: download_one() 'Wallhaven.cc: Filling queue'
INFO: 2025-12-05 05:15:20,295: search() 'Performing wallhaven search: url=https://wallhaven.cc/toplist'
ERROR: 2025-12-05 05:15:20,885: request() 'SSL Error for url https://wallhaven.cc/toplist:'
Traceback (most recent call last):
  File "/usr/lib/python3.13/site-packages/urllib3/connectionpool.py", line 464, in _make_request
    self._validate_conn(conn)
    ~~~~~~~~~~~~~~~~~~~^^^^^^
  File "/usr/lib/python3.13/site-packages/urllib3/connectionpool.py", line 1093, in _validate_conn
    conn.connect()
    ~~~~~~~~~~~~^^
  File "/usr/lib/python3.13/site-packages/urllib3/connection.py", line 790, in connect
    sock_and_verified = _ssl_wrap_socket_and_match_hostname(
        sock=sock,
    ...<14 lines>...
        assert_fingerprint=self.assert_fingerprint,
    )
  File "/usr/lib/python3.13/site-packages/urllib3/connection.py", line 969, in _ssl_wrap_socket_and_match_hostname
    ssl_sock = ssl_wrap_socket(
        sock=sock,
    ...<8 lines>...
        tls_in_tls=tls_in_tls,
    )
  File "/usr/lib/python3.13/site-packages/urllib3/util/ssl_.py", line 480, in ssl_wrap_socket
    ssl_sock = _ssl_wrap_socket_impl(sock, context, tls_in_tls, server_hostname)
  File "/usr/lib/python3.13/site-packages/urllib3/util/ssl_.py", line 524, in _ssl_wrap_socket_impl
    return ssl_context.wrap_socket(sock, server_hostname=server_hostname)
           ~~~~~~~~~~~~~~~~~~~~~~~^^^^^^^^^^^^^^^^^^^^^^^^^^^^^^^^^^^^^^^
  File "/usr/lib/python3.13/ssl.py", line 455, in wrap_socket
    return self.sslsocket_class._create(
           ~~~~~~~~~~~~~~~~~~~~~~~~~~~~^
        sock=sock,
        ^^^^^^^^^^
    ...<5 lines>...
        session=session
        ^^^^^^^^^^^^^^^
    )
    ^
  File "/usr/lib/python3.13/ssl.py", line 1076, in _create
    self.do_handshake()
    ~~~~~~~~~~~~~~~~~^^
  File "/usr/lib/python3.13/ssl.py", line 1372, in do_handshake
    self._sslobj.do_handshake()
    ~~~~~~~~~~~~~~~~~~~~~~~~~^^
ssl.SSLError: [SSL] unknown error (_ssl.c:1032)

During handling of the above exception, another exception occurred:

Traceback (most recent call last):
  File "/usr/lib/python3.13/site-packages/urllib3/connectionpool.py", line 787, in urlopen
    response = self._make_request(
        conn,
    ...<10 lines>...
        **response_kw,
    )
  File "/usr/lib/python3.13/site-packages/urllib3/connectionpool.py", line 488, in _make_request
    raise new_e
urllib3.exceptions.SSLError: [SSL] unknown error (_ssl.c:1032)

The above exception was the direct cause of the following exception:

Traceback (most recent call last):
  File "/usr/lib/python3.13/site-packages/requests/adapters.py", line 644, in send
    resp = conn.urlopen(
        method=request.method,
    ...<9 lines>...
        chunked=chunked,
    )
  File "/usr/lib/python3.13/site-packages/urllib3/connectionpool.py", line 841, in urlopen
    retries = retries.increment(
        method, url, error=new_e, _pool=self, _stacktrace=sys.exc_info()[2]
    )
  File "/usr/lib/python3.13/site-packages/urllib3/util/retry.py", line 519, in increment
    raise MaxRetryError(_pool, url, reason) from reason  # type: ignore[arg-type]
    ^^^^^^^^^^^^^^^^^^^^^^^^^^^^^^^^^^^^^^^^^^^^^^^^^^^
urllib3.exceptions.MaxRetryError: HTTPSConnectionPool(host='wallhaven.cc', port=443): Max retries exceeded with url: /toplist (Caused by SSLError(SSLError(1, '[SSL] unknown error (_ssl.c:1032)')))

During handling of the above exception, another exception occurred:

Traceback (most recent call last):
  File "/usr/lib/python3.13/site-packages/variety/Util.py", line 654, in request
    r = requests.request(
        method=method,
    ...<5 lines>...
        timeout=timeout,
    )
  File "/usr/lib/python3.13/site-packages/requests/api.py", line 59, in request
    return session.request(method=method, url=url, **kwargs)
           ~~~~~~~~~~~~~~~^^^^^^^^^^^^^^^^^^^^^^^^^^^^^^^^^^
  File "/usr/lib/python3.13/site-packages/requests/sessions.py", line 589, in request
    resp = self.send(prep, **send_kwargs)
  File "/usr/lib/python3.13/site-packages/requests/sessions.py", line 703, in send
    r = adapter.send(request, **kwargs)
  File "/usr/lib/python3.13/site-packages/requests/adapters.py", line 675, in send
    raise SSLError(e, request=request)
requests.exceptions.SSLError: HTTPSConnectionPool(host='wallhaven.cc', port=443): Max retries exceeded with url: /toplist (Caused by SSLError(SSLError(1, '[SSL] unknown error (_ssl.c:1032)')))
ERROR: 2025-12-05 05:15:20,892: download_one_from() 'Could not download wallpaper:'
Traceback (most recent call last):
  File "/usr/lib/python3.13/site-packages/urllib3/connectionpool.py", line 464, in _make_request
    self._validate_conn(conn)
    ~~~~~~~~~~~~~~~~~~~^^^^^^
  File "/usr/lib/python3.13/site-packages/urllib3/connectionpool.py", line 1093, in _validate_conn
    conn.connect()
    ~~~~~~~~~~~~^^
  File "/usr/lib/python3.13/site-packages/urllib3/connection.py", line 790, in connect
    sock_and_verified = _ssl_wrap_socket_and_match_hostname(
        sock=sock,
    ...<14 lines>...
        assert_fingerprint=self.assert_fingerprint,
    )
  File "/usr/lib/python3.13/site-packages/urllib3/connection.py", line 969, in _ssl_wrap_socket_and_match_hostname
    ssl_sock = ssl_wrap_socket(
        sock=sock,
    ...<8 lines>...
        tls_in_tls=tls_in_tls,
    )
  File "/usr/lib/python3.13/site-packages/urllib3/util/ssl_.py", line 480, in ssl_wrap_socket
    ssl_sock = _ssl_wrap_socket_impl(sock, context, tls_in_tls, server_hostname)
  File "/usr/lib/python3.13/site-packages/urllib3/util/ssl_.py", line 524, in _ssl_wrap_socket_impl
    return ssl_context.wrap_socket(sock, server_hostname=server_hostname)
           ~~~~~~~~~~~~~~~~~~~~~~~^^^^^^^^^^^^^^^^^^^^^^^^^^^^^^^^^^^^^^^
  File "/usr/lib/python3.13/ssl.py", line 455, in wrap_socket
    return self.sslsocket_class._create(
           ~~~~~~~~~~~~~~~~~~~~~~~~~~~~^
        sock=sock,
        ^^^^^^^^^^
    ...<5 lines>...
        session=session
        ^^^^^^^^^^^^^^^
    )
    ^
  File "/usr/lib/python3.13/ssl.py", line 1076, in _create
    self.do_handshake()
    ~~~~~~~~~~~~~~~~~^^
  File "/usr/lib/python3.13/ssl.py", line 1372, in do_handshake
    self._sslobj.do_handshake()
    ~~~~~~~~~~~~~~~~~~~~~~~~~^^
ssl.SSLError: [SSL] unknown error (_ssl.c:1032)

During handling of the above exception, another exception occurred:

Traceback (most recent call last):
  File "/usr/lib/python3.13/site-packages/urllib3/connectionpool.py", line 787, in urlopen
    response = self._make_request(
        conn,
    ...<10 lines>...
        **response_kw,
    )
  File "/usr/lib/python3.13/site-packages/urllib3/connectionpool.py", line 488, in _make_request
    raise new_e
urllib3.exceptions.SSLError: [SSL] unknown error (_ssl.c:1032)

The above exception was the direct cause of the following exception:

Traceback (most recent call last):
  File "/usr/lib/python3.13/site-packages/requests/adapters.py", line 644, in send
    resp = conn.urlopen(
        method=request.method,
    ...<9 lines>...
        chunked=chunked,
    )
  File "/usr/lib/python3.13/site-packages/urllib3/connectionpool.py", line 841, in urlopen
    retries = retries.increment(
        method, url, error=new_e, _pool=self, _stacktrace=sys.exc_info()[2]
    )
  File "/usr/lib/python3.13/site-packages/urllib3/util/retry.py", line 519, in increment
    raise MaxRetryError(_pool, url, reason) from reason  # type: ignore[arg-type]
    ^^^^^^^^^^^^^^^^^^^^^^^^^^^^^^^^^^^^^^^^^^^^^^^^^^^
urllib3.exceptions.MaxRetryError: HTTPSConnectionPool(host='wallhaven.cc', port=443): Max retries exceeded with url: /toplist (Caused by SSLError(SSLError(1, '[SSL] unknown error (_ssl.c:1032)')))

During handling of the above exception, another exception occurred:

Traceback (most recent call last):
  File "/usr/lib/python3.13/site-packages/variety/VarietyWindow.py", line 1166, in download_one_from
    file = downloader.download_one()
  File "/usr/lib/python3.13/site-packages/variety/plugins/downloaders/DefaultDownloader.py", line 141, in download_one
    items = self.fill_queue()
  File "/usr/lib/python3.13/site-packages/variety/plugins/builtin/downloaders/WallhavenDownloader.py", line 147, in fill_queue
    return self.legacy_downloader.fill_queue()
           ~~~~~~~~~~~~~~~~~~~~~~~~~~~~~~~~~^^
  File "/usr/lib/python3.13/site-packages/variety/plugins/builtin/downloaders/WallhavenLegacyDownloader.py", line 119, in fill_queue
    s, count = self.search()
               ~~~~~~~~~~~^^
  File "/usr/lib/python3.13/site-packages/variety/plugins/builtin/downloaders/WallhavenLegacyDownloader.py", line 53, in search
    soup = Util.html_soup(url)
  File "/usr/lib/python3.13/site-packages/variety/Util.py", line 688, in html_soup
    return bs4.BeautifulSoup(Util.fetch(url, data, **request_kwargs), "lxml")
                             ~~~~~~~~~~^^^^^^^^^^^^^^^^^^^^^^^^^^^^^
  File "/usr/lib/python3.13/site-packages/variety/Util.py", line 676, in fetch
    return Util.request(url, data, **request_kwargs).text
           ~~~~~~~~~~~~^^^^^^^^^^^^^^^^^^^^^^^^^^^^^
  File "/usr/lib/python3.13/site-packages/variety/Util.py", line 654, in request
    r = requests.request(
        method=method,
    ...<5 lines>...
        timeout=timeout,
    )
  File "/usr/lib/python3.13/site-packages/requests/api.py", line 59, in request
    return session.request(method=method, url=url, **kwargs)
           ~~~~~~~~~~~~~~~^^^^^^^^^^^^^^^^^^^^^^^^^^^^^^^^^^
  File "/usr/lib/python3.13/site-packages/requests/sessions.py", line 589, in request
    resp = self.send(prep, **send_kwargs)
  File "/usr/lib/python3.13/site-packages/requests/sessions.py", line 703, in send
    r = adapter.send(request, **kwargs)
  File "/usr/lib/python3.13/site-packages/requests/adapters.py", line 675, in send
    raise SSLError(e, request=request)
requests.exceptions.SSLError: HTTPSConnectionPool(host='wallhaven.cc', port=443): Max retries exceeded with url: /toplist (Caused by SSLError(SSLError(1, '[SSL] unknown error (_ssl.c:1032)')))
INFO: 2025-12-05 05:18:21,897: get_throttling() 'Wallhaven.cc: parsing serverside options'
INFO: 2025-12-05 05:18:21,898: get_throttling() 'Wallhaven.cc serverside options: {'min_fill_queue_interval': 1800, 'min_download_interval': 1800}'
INFO: 2025-12-05 05:18:21,898: get_throttling() 'Wallhaven.cc: parsing serverside options'
INFO: 2025-12-05 05:18:21,898: get_throttling() 'Wallhaven.cc serverside options: {'min_fill_queue_interval': 1800, 'min_download_interval': 1800}'
INFO: 2025-12-05 05:18:21,898: download_one() 'Wallhaven.cc: Downloading an image, config: https://wallhaven.cc/toplist'
INFO: 2025-12-05 05:18:21,898: download_one() 'Wallhaven.cc: Queue size: 0'
INFO: 2025-12-05 05:18:21,898: get_throttling() 'Wallhaven.cc: parsing serverside options'
INFO: 2025-12-05 05:18:21,898: get_throttling() 'Wallhaven.cc serverside options: {'min_fill_queue_interval': 1800, 'min_download_interval': 1800}'
INFO: 2025-12-05 05:18:21,898: download_one() 'Wallhaven.cc: Filling queue'
INFO: 2025-12-05 05:18:21,898: search() 'Performing wallhaven search: url=https://wallhaven.cc/toplist'
ERROR: 2025-12-05 05:18:22,081: request() 'SSL Error for url https://wallhaven.cc/toplist:'
Traceback (most recent call last):
  File "/usr/lib/python3.13/site-packages/urllib3/connectionpool.py", line 464, in _make_request
    self._validate_conn(conn)
    ~~~~~~~~~~~~~~~~~~~^^^^^^
  File "/usr/lib/python3.13/site-packages/urllib3/connectionpool.py", line 1093, in _validate_conn
    conn.connect()
    ~~~~~~~~~~~~^^
  File "/usr/lib/python3.13/site-packages/urllib3/connection.py", line 790, in connect
    sock_and_verified = _ssl_wrap_socket_and_match_hostname(
        sock=sock,
    ...<14 lines>...
        assert_fingerprint=self.assert_fingerprint,
    )
  File "/usr/lib/python3.13/site-packages/urllib3/connection.py", line 969, in _ssl_wrap_socket_and_match_hostname
    ssl_sock = ssl_wrap_socket(
        sock=sock,
    ...<8 lines>...
        tls_in_tls=tls_in_tls,
    )
  File "/usr/lib/python3.13/site-packages/urllib3/util/ssl_.py", line 480, in ssl_wrap_socket
    ssl_sock = _ssl_wrap_socket_impl(sock, context, tls_in_tls, server_hostname)
  File "/usr/lib/python3.13/site-packages/urllib3/util/ssl_.py", line 524, in _ssl_wrap_socket_impl
    return ssl_context.wrap_socket(sock, server_hostname=server_hostname)
           ~~~~~~~~~~~~~~~~~~~~~~~^^^^^^^^^^^^^^^^^^^^^^^^^^^^^^^^^^^^^^^
  File "/usr/lib/python3.13/ssl.py", line 455, in wrap_socket
    return self.sslsocket_class._create(
           ~~~~~~~~~~~~~~~~~~~~~~~~~~~~^
        sock=sock,
        ^^^^^^^^^^
    ...<5 lines>...
        session=session
        ^^^^^^^^^^^^^^^
    )
    ^
  File "/usr/lib/python3.13/ssl.py", line 1076, in _create
    self.do_handshake()
    ~~~~~~~~~~~~~~~~~^^
  File "/usr/lib/python3.13/ssl.py", line 1372, in do_handshake
    self._sslobj.do_handshake()
    ~~~~~~~~~~~~~~~~~~~~~~~~~^^
ssl.SSLError: [SSL] unknown error (_ssl.c:1032)

During handling of the above exception, another exception occurred:

Traceback (most recent call last):
  File "/usr/lib/python3.13/site-packages/urllib3/connectionpool.py", line 787, in urlopen
    response = self._make_request(
        conn,
    ...<10 lines>...
        **response_kw,
    )
  File "/usr/lib/python3.13/site-packages/urllib3/connectionpool.py", line 488, in _make_request
    raise new_e
urllib3.exceptions.SSLError: [SSL] unknown error (_ssl.c:1032)

The above exception was the direct cause of the following exception:

Traceback (most recent call last):
  File "/usr/lib/python3.13/site-packages/requests/adapters.py", line 644, in send
    resp = conn.urlopen(
        method=request.method,
    ...<9 lines>...
        chunked=chunked,
    )
  File "/usr/lib/python3.13/site-packages/urllib3/connectionpool.py", line 841, in urlopen
    retries = retries.increment(
        method, url, error=new_e, _pool=self, _stacktrace=sys.exc_info()[2]
    )
  File "/usr/lib/python3.13/site-packages/urllib3/util/retry.py", line 519, in increment
    raise MaxRetryError(_pool, url, reason) from reason  # type: ignore[arg-type]
    ^^^^^^^^^^^^^^^^^^^^^^^^^^^^^^^^^^^^^^^^^^^^^^^^^^^
urllib3.exceptions.MaxRetryError: HTTPSConnectionPool(host='wallhaven.cc', port=443): Max retries exceeded with url: /toplist (Caused by SSLError(SSLError(1, '[SSL] unknown error (_ssl.c:1032)')))

During handling of the above exception, another exception occurred:

Traceback (most recent call last):
  File "/usr/lib/python3.13/site-packages/variety/Util.py", line 654, in request
    r = requests.request(
        method=method,
    ...<5 lines>...
        timeout=timeout,
    )
  File "/usr/lib/python3.13/site-packages/requests/api.py", line 59, in request
    return session.request(method=method, url=url, **kwargs)
           ~~~~~~~~~~~~~~~^^^^^^^^^^^^^^^^^^^^^^^^^^^^^^^^^^
  File "/usr/lib/python3.13/site-packages/requests/sessions.py", line 589, in request
    resp = self.send(prep, **send_kwargs)
  File "/usr/lib/python3.13/site-packages/requests/sessions.py", line 703, in send
    r = adapter.send(request, **kwargs)
  File "/usr/lib/python3.13/site-packages/requests/adapters.py", line 675, in send
    raise SSLError(e, request=request)
requests.exceptions.SSLError: HTTPSConnectionPool(host='wallhaven.cc', port=443): Max retries exceeded with url: /toplist (Caused by SSLError(SSLError(1, '[SSL] unknown error (_ssl.c:1032)')))
ERROR: 2025-12-05 05:18:22,087: download_one_from() 'Could not download wallpaper:'
Traceback (most recent call last):
  File "/usr/lib/python3.13/site-packages/urllib3/connectionpool.py", line 464, in _make_request
    self._validate_conn(conn)
    ~~~~~~~~~~~~~~~~~~~^^^^^^
  File "/usr/lib/python3.13/site-packages/urllib3/connectionpool.py", line 1093, in _validate_conn
    conn.connect()
    ~~~~~~~~~~~~^^
  File "/usr/lib/python3.13/site-packages/urllib3/connection.py", line 790, in connect
    sock_and_verified = _ssl_wrap_socket_and_match_hostname(
        sock=sock,
    ...<14 lines>...
        assert_fingerprint=self.assert_fingerprint,
    )
  File "/usr/lib/python3.13/site-packages/urllib3/connection.py", line 969, in _ssl_wrap_socket_and_match_hostname
    ssl_sock = ssl_wrap_socket(
        sock=sock,
    ...<8 lines>...
        tls_in_tls=tls_in_tls,
    )
  File "/usr/lib/python3.13/site-packages/urllib3/util/ssl_.py", line 480, in ssl_wrap_socket
    ssl_sock = _ssl_wrap_socket_impl(sock, context, tls_in_tls, server_hostname)
  File "/usr/lib/python3.13/site-packages/urllib3/util/ssl_.py", line 524, in _ssl_wrap_socket_impl
    return ssl_context.wrap_socket(sock, server_hostname=server_hostname)
           ~~~~~~~~~~~~~~~~~~~~~~~^^^^^^^^^^^^^^^^^^^^^^^^^^^^^^^^^^^^^^^
  File "/usr/lib/python3.13/ssl.py", line 455, in wrap_socket
    return self.sslsocket_class._create(
           ~~~~~~~~~~~~~~~~~~~~~~~~~~~~^
        sock=sock,
        ^^^^^^^^^^
    ...<5 lines>...
        session=session
        ^^^^^^^^^^^^^^^
    )
    ^
  File "/usr/lib/python3.13/ssl.py", line 1076, in _create
    self.do_handshake()
    ~~~~~~~~~~~~~~~~~^^
  File "/usr/lib/python3.13/ssl.py", line 1372, in do_handshake
    self._sslobj.do_handshake()
    ~~~~~~~~~~~~~~~~~~~~~~~~~^^
ssl.SSLError: [SSL] unknown error (_ssl.c:1032)

During handling of the above exception, another exception occurred:

Traceback (most recent call last):
  File "/usr/lib/python3.13/site-packages/urllib3/connectionpool.py", line 787, in urlopen
    response = self._make_request(
        conn,
    ...<10 lines>...
        **response_kw,
    )
  File "/usr/lib/python3.13/site-packages/urllib3/connectionpool.py", line 488, in _make_request
    raise new_e
urllib3.exceptions.SSLError: [SSL] unknown error (_ssl.c:1032)

The above exception was the direct cause of the following exception:

Traceback (most recent call last):
  File "/usr/lib/python3.13/site-packages/requests/adapters.py", line 644, in send
    resp = conn.urlopen(
        method=request.method,
    ...<9 lines>...
        chunked=chunked,
    )
  File "/usr/lib/python3.13/site-packages/urllib3/connectionpool.py", line 841, in urlopen
    retries = retries.increment(
        method, url, error=new_e, _pool=self, _stacktrace=sys.exc_info()[2]
    )
  File "/usr/lib/python3.13/site-packages/urllib3/util/retry.py", line 519, in increment
    raise MaxRetryError(_pool, url, reason) from reason  # type: ignore[arg-type]
    ^^^^^^^^^^^^^^^^^^^^^^^^^^^^^^^^^^^^^^^^^^^^^^^^^^^
urllib3.exceptions.MaxRetryError: HTTPSConnectionPool(host='wallhaven.cc', port=443): Max retries exceeded with url: /toplist (Caused by SSLError(SSLError(1, '[SSL] unknown error (_ssl.c:1032)')))

During handling of the above exception, another exception occurred:

Traceback (most recent call last):
  File "/usr/lib/python3.13/site-packages/variety/VarietyWindow.py", line 1166, in download_one_from
    file = downloader.download_one()
  File "/usr/lib/python3.13/site-packages/variety/plugins/downloaders/DefaultDownloader.py", line 141, in download_one
    items = self.fill_queue()
  File "/usr/lib/python3.13/site-packages/variety/plugins/builtin/downloaders/WallhavenDownloader.py", line 147, in fill_queue
    return self.legacy_downloader.fill_queue()
           ~~~~~~~~~~~~~~~~~~~~~~~~~~~~~~~~~^^
  File "/usr/lib/python3.13/site-packages/variety/plugins/builtin/downloaders/WallhavenLegacyDownloader.py", line 119, in fill_queue
    s, count = self.search()
               ~~~~~~~~~~~^^
  File "/usr/lib/python3.13/site-packages/variety/plugins/builtin/downloaders/WallhavenLegacyDownloader.py", line 53, in search
    soup = Util.html_soup(url)
  File "/usr/lib/python3.13/site-packages/variety/Util.py", line 688, in html_soup
    return bs4.BeautifulSoup(Util.fetch(url, data, **request_kwargs), "lxml")
                             ~~~~~~~~~~^^^^^^^^^^^^^^^^^^^^^^^^^^^^^
  File "/usr/lib/python3.13/site-packages/variety/Util.py", line 676, in fetch
    return Util.request(url, data, **request_kwargs).text
           ~~~~~~~~~~~~^^^^^^^^^^^^^^^^^^^^^^^^^^^^^
  File "/usr/lib/python3.13/site-packages/variety/Util.py", line 654, in request
    r = requests.request(
        method=method,
    ...<5 lines>...
        timeout=timeout,
    )
  File "/usr/lib/python3.13/site-packages/requests/api.py", line 59, in request
    return session.request(method=method, url=url, **kwargs)
           ~~~~~~~~~~~~~~~^^^^^^^^^^^^^^^^^^^^^^^^^^^^^^^^^^
  File "/usr/lib/python3.13/site-packages/requests/sessions.py", line 589, in request
    resp = self.send(prep, **send_kwargs)
  File "/usr/lib/python3.13/site-packages/requests/sessions.py", line 703, in send
    r = adapter.send(request, **kwargs)
  File "/usr/lib/python3.13/site-packages/requests/adapters.py", line 675, in send
    raise SSLError(e, request=request)
requests.exceptions.SSLError: HTTPSConnectionPool(host='wallhaven.cc', port=443): Max retries exceeded with url: /toplist (Caused by SSLError(SSLError(1, '[SSL] unknown error (_ssl.c:1032)')))
INFO: 2025-12-05 05:21:23,092: get_throttling() 'Wallhaven.cc: parsing serverside options'
INFO: 2025-12-05 05:21:23,093: get_throttling() 'Wallhaven.cc serverside options: {'min_fill_queue_interval': 1800, 'min_download_interval': 1800}'
INFO: 2025-12-05 05:21:23,093: get_throttling() 'Wallhaven.cc: parsing serverside options'
INFO: 2025-12-05 05:21:23,093: get_throttling() 'Wallhaven.cc serverside options: {'min_fill_queue_interval': 1800, 'min_download_interval': 1800}'
INFO: 2025-12-05 05:21:23,093: download_one() 'Wallhaven.cc: Downloading an image, config: https://wallhaven.cc/toplist'
INFO: 2025-12-05 05:21:23,093: download_one() 'Wallhaven.cc: Queue size: 0'
INFO: 2025-12-05 05:21:23,093: get_throttling() 'Wallhaven.cc: parsing serverside options'
INFO: 2025-12-05 05:21:23,093: get_throttling() 'Wallhaven.cc serverside options: {'min_fill_queue_interval': 1800, 'min_download_interval': 1800}'
INFO: 2025-12-05 05:21:23,093: download_one() 'Wallhaven.cc: Filling queue'
INFO: 2025-12-05 05:21:23,093: search() 'Performing wallhaven search: url=https://wallhaven.cc/toplist'
ERROR: 2025-12-05 05:21:23,252: request() 'SSL Error for url https://wallhaven.cc/toplist:'
Traceback (most recent call last):
  File "/usr/lib/python3.13/site-packages/urllib3/connectionpool.py", line 464, in _make_request
    self._validate_conn(conn)
    ~~~~~~~~~~~~~~~~~~~^^^^^^
  File "/usr/lib/python3.13/site-packages/urllib3/connectionpool.py", line 1093, in _validate_conn
    conn.connect()
    ~~~~~~~~~~~~^^
  File "/usr/lib/python3.13/site-packages/urllib3/connection.py", line 790, in connect
    sock_and_verified = _ssl_wrap_socket_and_match_hostname(
        sock=sock,
    ...<14 lines>...
        assert_fingerprint=self.assert_fingerprint,
    )
  File "/usr/lib/python3.13/site-packages/urllib3/connection.py", line 969, in _ssl_wrap_socket_and_match_hostname
    ssl_sock = ssl_wrap_socket(
        sock=sock,
    ...<8 lines>...
        tls_in_tls=tls_in_tls,
    )
  File "/usr/lib/python3.13/site-packages/urllib3/util/ssl_.py", line 480, in ssl_wrap_socket
    ssl_sock = _ssl_wrap_socket_impl(sock, context, tls_in_tls, server_hostname)
  File "/usr/lib/python3.13/site-packages/urllib3/util/ssl_.py", line 524, in _ssl_wrap_socket_impl
    return ssl_context.wrap_socket(sock, server_hostname=server_hostname)
           ~~~~~~~~~~~~~~~~~~~~~~~^^^^^^^^^^^^^^^^^^^^^^^^^^^^^^^^^^^^^^^
  File "/usr/lib/python3.13/ssl.py", line 455, in wrap_socket
    return self.sslsocket_class._create(
           ~~~~~~~~~~~~~~~~~~~~~~~~~~~~^
        sock=sock,
        ^^^^^^^^^^
    ...<5 lines>...
        session=session
        ^^^^^^^^^^^^^^^
    )
    ^
  File "/usr/lib/python3.13/ssl.py", line 1076, in _create
    self.do_handshake()
    ~~~~~~~~~~~~~~~~~^^
  File "/usr/lib/python3.13/ssl.py", line 1372, in do_handshake
    self._sslobj.do_handshake()
    ~~~~~~~~~~~~~~~~~~~~~~~~~^^
ssl.SSLError: [SSL] unknown error (_ssl.c:1032)

During handling of the above exception, another exception occurred:

Traceback (most recent call last):
  File "/usr/lib/python3.13/site-packages/urllib3/connectionpool.py", line 787, in urlopen
    response = self._make_request(
        conn,
    ...<10 lines>...
        **response_kw,
    )
  File "/usr/lib/python3.13/site-packages/urllib3/connectionpool.py", line 488, in _make_request
    raise new_e
urllib3.exceptions.SSLError: [SSL] unknown error (_ssl.c:1032)

The above exception was the direct cause of the following exception:

Traceback (most recent call last):
  File "/usr/lib/python3.13/site-packages/requests/adapters.py", line 644, in send
    resp = conn.urlopen(
        method=request.method,
    ...<9 lines>...
        chunked=chunked,
    )
  File "/usr/lib/python3.13/site-packages/urllib3/connectionpool.py", line 841, in urlopen
    retries = retries.increment(
        method, url, error=new_e, _pool=self, _stacktrace=sys.exc_info()[2]
    )
  File "/usr/lib/python3.13/site-packages/urllib3/util/retry.py", line 519, in increment
    raise MaxRetryError(_pool, url, reason) from reason  # type: ignore[arg-type]
    ^^^^^^^^^^^^^^^^^^^^^^^^^^^^^^^^^^^^^^^^^^^^^^^^^^^
urllib3.exceptions.MaxRetryError: HTTPSConnectionPool(host='wallhaven.cc', port=443): Max retries exceeded with url: /toplist (Caused by SSLError(SSLError(1, '[SSL] unknown error (_ssl.c:1032)')))

During handling of the above exception, another exception occurred:

Traceback (most recent call last):
  File "/usr/lib/python3.13/site-packages/variety/Util.py", line 654, in request
    r = requests.request(
        method=method,
    ...<5 lines>...
        timeout=timeout,
    )
  File "/usr/lib/python3.13/site-packages/requests/api.py", line 59, in request
    return session.request(method=method, url=url, **kwargs)
           ~~~~~~~~~~~~~~~^^^^^^^^^^^^^^^^^^^^^^^^^^^^^^^^^^
  File "/usr/lib/python3.13/site-packages/requests/sessions.py", line 589, in request
    resp = self.send(prep, **send_kwargs)
  File "/usr/lib/python3.13/site-packages/requests/sessions.py", line 703, in send
    r = adapter.send(request, **kwargs)
  File "/usr/lib/python3.13/site-packages/requests/adapters.py", line 675, in send
    raise SSLError(e, request=request)
requests.exceptions.SSLError: HTTPSConnectionPool(host='wallhaven.cc', port=443): Max retries exceeded with url: /toplist (Caused by SSLError(SSLError(1, '[SSL] unknown error (_ssl.c:1032)')))
ERROR: 2025-12-05 05:21:23,258: download_one_from() 'Could not download wallpaper:'
Traceback (most recent call last):
  File "/usr/lib/python3.13/site-packages/urllib3/connectionpool.py", line 464, in _make_request
    self._validate_conn(conn)
    ~~~~~~~~~~~~~~~~~~~^^^^^^
  File "/usr/lib/python3.13/site-packages/urllib3/connectionpool.py", line 1093, in _validate_conn
    conn.connect()
    ~~~~~~~~~~~~^^
  File "/usr/lib/python3.13/site-packages/urllib3/connection.py", line 790, in connect
    sock_and_verified = _ssl_wrap_socket_and_match_hostname(
        sock=sock,
    ...<14 lines>...
        assert_fingerprint=self.assert_fingerprint,
    )
  File "/usr/lib/python3.13/site-packages/urllib3/connection.py", line 969, in _ssl_wrap_socket_and_match_hostname
    ssl_sock = ssl_wrap_socket(
        sock=sock,
    ...<8 lines>...
        tls_in_tls=tls_in_tls,
    )
  File "/usr/lib/python3.13/site-packages/urllib3/util/ssl_.py", line 480, in ssl_wrap_socket
    ssl_sock = _ssl_wrap_socket_impl(sock, context, tls_in_tls, server_hostname)
  File "/usr/lib/python3.13/site-packages/urllib3/util/ssl_.py", line 524, in _ssl_wrap_socket_impl
    return ssl_context.wrap_socket(sock, server_hostname=server_hostname)
           ~~~~~~~~~~~~~~~~~~~~~~~^^^^^^^^^^^^^^^^^^^^^^^^^^^^^^^^^^^^^^^
  File "/usr/lib/python3.13/ssl.py", line 455, in wrap_socket
    return self.sslsocket_class._create(
           ~~~~~~~~~~~~~~~~~~~~~~~~~~~~^
        sock=sock,
        ^^^^^^^^^^
    ...<5 lines>...
        session=session
        ^^^^^^^^^^^^^^^
    )
    ^
  File "/usr/lib/python3.13/ssl.py", line 1076, in _create
    self.do_handshake()
    ~~~~~~~~~~~~~~~~~^^
  File "/usr/lib/python3.13/ssl.py", line 1372, in do_handshake
    self._sslobj.do_handshake()
    ~~~~~~~~~~~~~~~~~~~~~~~~~^^
ssl.SSLError: [SSL] unknown error (_ssl.c:1032)

During handling of the above exception, another exception occurred:

Traceback (most recent call last):
  File "/usr/lib/python3.13/site-packages/urllib3/connectionpool.py", line 787, in urlopen
    response = self._make_request(
        conn,
    ...<10 lines>...
        **response_kw,
    )
  File "/usr/lib/python3.13/site-packages/urllib3/connectionpool.py", line 488, in _make_request
    raise new_e
urllib3.exceptions.SSLError: [SSL] unknown error (_ssl.c:1032)

The above exception was the direct cause of the following exception:

Traceback (most recent call last):
  File "/usr/lib/python3.13/site-packages/requests/adapters.py", line 644, in send
    resp = conn.urlopen(
        method=request.method,
    ...<9 lines>...
        chunked=chunked,
    )
  File "/usr/lib/python3.13/site-packages/urllib3/connectionpool.py", line 841, in urlopen
    retries = retries.increment(
        method, url, error=new_e, _pool=self, _stacktrace=sys.exc_info()[2]
    )
  File "/usr/lib/python3.13/site-packages/urllib3/util/retry.py", line 519, in increment
    raise MaxRetryError(_pool, url, reason) from reason  # type: ignore[arg-type]
    ^^^^^^^^^^^^^^^^^^^^^^^^^^^^^^^^^^^^^^^^^^^^^^^^^^^
urllib3.exceptions.MaxRetryError: HTTPSConnectionPool(host='wallhaven.cc', port=443): Max retries exceeded with url: /toplist (Caused by SSLError(SSLError(1, '[SSL] unknown error (_ssl.c:1032)')))

During handling of the above exception, another exception occurred:

Traceback (most recent call last):
  File "/usr/lib/python3.13/site-packages/variety/VarietyWindow.py", line 1166, in download_one_from
    file = downloader.download_one()
  File "/usr/lib/python3.13/site-packages/variety/plugins/downloaders/DefaultDownloader.py", line 141, in download_one
    items = self.fill_queue()
  File "/usr/lib/python3.13/site-packages/variety/plugins/builtin/downloaders/WallhavenDownloader.py", line 147, in fill_queue
    return self.legacy_downloader.fill_queue()
           ~~~~~~~~~~~~~~~~~~~~~~~~~~~~~~~~~^^
  File "/usr/lib/python3.13/site-packages/variety/plugins/builtin/downloaders/WallhavenLegacyDownloader.py", line 119, in fill_queue
    s, count = self.search()
               ~~~~~~~~~~~^^
  File "/usr/lib/python3.13/site-packages/variety/plugins/builtin/downloaders/WallhavenLegacyDownloader.py", line 53, in search
    soup = Util.html_soup(url)
  File "/usr/lib/python3.13/site-packages/variety/Util.py", line 688, in html_soup
    return bs4.BeautifulSoup(Util.fetch(url, data, **request_kwargs), "lxml")
                             ~~~~~~~~~~^^^^^^^^^^^^^^^^^^^^^^^^^^^^^
  File "/usr/lib/python3.13/site-packages/variety/Util.py", line 676, in fetch
    return Util.request(url, data, **request_kwargs).text
           ~~~~~~~~~~~~^^^^^^^^^^^^^^^^^^^^^^^^^^^^^
  File "/usr/lib/python3.13/site-packages/variety/Util.py", line 654, in request
    r = requests.request(
        method=method,
    ...<5 lines>...
        timeout=timeout,
    )
  File "/usr/lib/python3.13/site-packages/requests/api.py", line 59, in request
    return session.request(method=method, url=url, **kwargs)
           ~~~~~~~~~~~~~~~^^^^^^^^^^^^^^^^^^^^^^^^^^^^^^^^^^
  File "/usr/lib/python3.13/site-packages/requests/sessions.py", line 589, in request
    resp = self.send(prep, **send_kwargs)
  File "/usr/lib/python3.13/site-packages/requests/sessions.py", line 703, in send
    r = adapter.send(request, **kwargs)
  File "/usr/lib/python3.13/site-packages/requests/adapters.py", line 675, in send
    raise SSLError(e, request=request)
requests.exceptions.SSLError: HTTPSConnectionPool(host='wallhaven.cc', port=443): Max retries exceeded with url: /toplist (Caused by SSLError(SSLError(1, '[SSL] unknown error (_ssl.c:1032)')))
