INFO: 2025-12-06 13:57:39,773: main() 'Using profile folder /home/jay/.config/variety/'
INFO: 2025-12-06 13:57:39,776: perform_upgrade() 'Last run version was 0.8.13 or earlier, current version is 0.8.13'
INFO: 2025-12-06 13:57:39,778: process_command() 'Received command: ['--next']'
INFO: 2025-12-06 13:57:39,779: start() 'Using data_path /usr/share/variety'
INFO: 2025-12-06 13:57:39,779: load() 'Jumble loading'
INFO: 2025-12-06 13:57:39,779: _walk_modules() 'Jumble loading module in __init__ from /usr/lib/python3.13/site-packages/variety/plugins/builtin/__init__.py'
INFO: 2025-12-06 13:57:39,780: _walk_modules() 'Jumble loading module in GoodreadsSource from /usr/lib/python3.13/site-packages/variety/plugins/builtin/quotes/GoodreadsSource.py'
INFO: 2025-12-06 13:57:39,803: load() 'Jumble found plugin class: <class 'GoodreadsSource.GoodreadsSource'>: {'name': 'Goodreads', 'description': 'Fetches quotes from Goodreads.com', 'author': 'Peter Levi', 'version': '0.1'}'
INFO: 2025-12-06 13:57:39,803: _walk_modules() 'Jumble loading module in LocalFilesSource from /usr/lib/python3.13/site-packages/variety/plugins/builtin/quotes/LocalFilesSource.py'
INFO: 2025-12-06 13:57:39,803: load() 'Jumble found plugin class: <class 'LocalFilesSource.LocalFilesSource'>: {'name': 'Local text files', 'description': 'Displays quotes, defined in local text files.\nPut your own txt files in: ~/.config/variety/pluginconfig/quotes/.\nThe file format is:\n\nquote -- author\n.\nsecond quote -- another author\n.\netc...\n\nExample: http://rvelthuis.de/zips/quotes.txt', 'author': 'Peter Levi', 'version': '0.1'}'
INFO: 2025-12-06 13:57:39,804: _walk_modules() 'Jumble loading module in FortuneSource from /usr/lib/python3.13/site-packages/variety/plugins/builtin/quotes/FortuneSource.py'
INFO: 2025-12-06 13:57:39,804: load() 'Jumble found plugin class: <class 'FortuneSource.FortuneSource'>: {'name': 'UNIX fortune program', 'description': 'Displays quotes using the UNIX fortune program. You may want to install additional fortune packs, e.g. fortunes-bofh-excuses.', 'author': 'Dan Jones', 'version': '0.1'}'
INFO: 2025-12-06 13:57:39,804: _walk_modules() 'Jumble loading module in UrbanDictionarySource from /usr/lib/python3.13/site-packages/variety/plugins/builtin/quotes/UrbanDictionarySource.py'
INFO: 2025-12-06 13:57:39,804: load() 'Jumble found plugin class: <class 'UrbanDictionarySource.UrbanDictionarySource'>: {'name': 'Urban Dictionary', 'description': 'Displays definitions from Urban Dictionary', 'author': 'James Miller', 'version': '0.1'}'
INFO: 2025-12-06 13:57:39,804: _walk_modules() 'Jumble loading module in QuotationsPageSource from /usr/lib/python3.13/site-packages/variety/plugins/builtin/quotes/QuotationsPageSource.py'
INFO: 2025-12-06 13:57:39,805: load() 'Jumble found plugin class: <class 'QuotationsPageSource.QuotationsPageSource'>: {'name': 'TheQuotationsPage.com', 'description': 'Fetches quotes from TheQuotationsPage.com', 'author': 'Peter Levi', 'version': '0.1'}'
INFO: 2025-12-06 13:57:39,805: _walk_modules() 'Jumble loading module in __init__ from /usr/lib/python3.13/site-packages/variety/plugins/builtin/quotes/__init__.py'
INFO: 2025-12-06 13:57:39,805: _walk_modules() 'Jumble loading module in MediaRSSSource from /usr/lib/python3.13/site-packages/variety/plugins/builtin/downloaders/MediaRSSSource.py'
INFO: 2025-12-06 13:57:39,806: load() 'Jumble found plugin class: <class 'MediaRSSSource.MediaRSSSource'>: {'name': 'MediaRSSSource', 'description': 'Configurable source for fetching images from MediaRSS feeds', 'author': 'Peter Levi', 'version': '0.1'}'
INFO: 2025-12-06 13:57:39,806: _walk_modules() 'Jumble loading module in ArtStationDownloader from /usr/lib/python3.13/site-packages/variety/plugins/builtin/downloaders/ArtStationDownloader.py'
INFO: 2025-12-06 13:57:39,806: _walk_modules() 'Jumble loading module in BingDownloader from /usr/lib/python3.13/site-packages/variety/plugins/builtin/downloaders/BingDownloader.py'
INFO: 2025-12-06 13:57:39,807: load() 'Jumble found plugin class: <class 'BingDownloader.BingDownloader'>: {'name': 'BingDownloader', 'description': 'Bing Photo of the Day', 'author': 'Peter Levi', 'version': '0.1'}'
INFO: 2025-12-06 13:57:39,807: _walk_modules() 'Jumble loading module in MediaRSSDownloader from /usr/lib/python3.13/site-packages/variety/plugins/builtin/downloaders/MediaRSSDownloader.py'
INFO: 2025-12-06 13:57:39,807: _walk_modules() 'Jumble loading module in WallhavenSource from /usr/lib/python3.13/site-packages/variety/plugins/builtin/downloaders/WallhavenSource.py'
INFO: 2025-12-06 13:57:39,808: load() 'Jumble found plugin class: <class 'WallhavenSource.WallhavenSource'>: {'name': 'WallhavenSource', 'description': 'Configurable source for fetching images from Wallhaven.cc', 'author': 'Peter Levi', 'version': '0.1'}'
INFO: 2025-12-06 13:57:39,808: _walk_modules() 'Jumble loading module in UnsplashConfigurableSource from /usr/lib/python3.13/site-packages/variety/plugins/builtin/downloaders/UnsplashConfigurableSource.py'
INFO: 2025-12-06 13:57:39,809: load() 'Jumble found plugin class: <class 'UnsplashConfigurableSource.UnsplashConfigurableSource'>: {'name': 'UnsplashConfigurableSource', 'description': 'Configurable source for fetching photos from Unsplash.com', 'author': 'Peter Levi', 'version': '0.1'}'
INFO: 2025-12-06 13:57:39,809: _walk_modules() 'Jumble loading module in NationalGeographicDownloader from /usr/lib/python3.13/site-packages/variety/plugins/builtin/downloaders/NationalGeographicDownloader.py'
INFO: 2025-12-06 13:57:39,809: load() 'Jumble found plugin class: <class 'NationalGeographicDownloader.NationalGeographicDownloader'>: {'name': 'NationalGeographicDownloader', 'description': "National Geographic's photo of the day", 'author': 'Eric RÃ¶sch', 'version': '0.1'}'
INFO: 2025-12-06 13:57:39,809: _walk_modules() 'Jumble loading module in WallhavenDownloader from /usr/lib/python3.13/site-packages/variety/plugins/builtin/downloaders/WallhavenDownloader.py'
INFO: 2025-12-06 13:57:39,809: _walk_modules() 'Jumble loading module in WallhavenLegacyDownloader from /usr/lib/python3.13/site-packages/variety/plugins/builtin/downloaders/WallhavenLegacyDownloader.py'
INFO: 2025-12-06 13:57:39,810: _walk_modules() 'Jumble loading module in EarthviewDownloader from /usr/lib/python3.13/site-packages/variety/plugins/builtin/downloaders/EarthviewDownloader.py'
INFO: 2025-12-06 13:57:39,810: load() 'Jumble found plugin class: <class 'EarthviewDownloader.EarthviewDownloader'>: {'name': 'EarthviewDownloader', 'description': 'Google Earth View Wallpapers', 'author': 'Peter Levi', 'version': '0.1'}'
INFO: 2025-12-06 13:57:39,810: _walk_modules() 'Jumble loading module in UnsplashDownloader from /usr/lib/python3.13/site-packages/variety/plugins/builtin/downloaders/UnsplashDownloader.py'
INFO: 2025-12-06 13:57:39,810: load() 'Jumble found plugin class: <class 'UnsplashDownloader.UnsplashDownloader'>: {'name': 'UnsplashDownloader', 'description': 'High-resolution photos from Unsplash.com', 'author': 'Peter Levi', 'version': '0.1'}'
INFO: 2025-12-06 13:57:39,810: _walk_modules() 'Jumble loading module in ArtStationSource from /usr/lib/python3.13/site-packages/variety/plugins/builtin/downloaders/ArtStationSource.py'
INFO: 2025-12-06 13:57:39,811: load() 'Jumble found plugin class: <class 'ArtStationSource.ArtStationSource'>: {'name': 'ArtStationSource', 'description': 'Configurable source for fetching images from ArtStation', 'author': 'Denis Gordeev', 'version': '0.1'}'
INFO: 2025-12-06 13:57:39,811: _walk_modules() 'Jumble loading module in __init__ from /usr/lib/python3.13/site-packages/variety/plugins/builtin/downloaders/__init__.py'
INFO: 2025-12-06 13:57:39,811: _walk_modules() 'Jumble loading module in RedditSource from /usr/lib/python3.13/site-packages/variety/plugins/builtin/downloaders/RedditSource.py'
INFO: 2025-12-06 13:57:39,811: load() 'Jumble found plugin class: <class 'RedditSource.RedditSource'>: {'name': 'RedditSource', 'description': 'Configurable source for fetching images from Reddit', 'author': 'Peter Levi', 'version': '0.1'}'
INFO: 2025-12-06 13:57:39,811: _walk_modules() 'Jumble loading module in RedditDownloader from /usr/lib/python3.13/site-packages/variety/plugins/builtin/downloaders/RedditDownloader.py'
INFO: 2025-12-06 13:57:39,812: _walk_modules() 'Jumble loading module in APODDownloader from /usr/lib/python3.13/site-packages/variety/plugins/builtin/downloaders/APODDownloader.py'
INFO: 2025-12-06 13:57:39,812: load() 'Jumble found plugin class: <class 'APODDownloader.APODDownloader'>: {'name': 'APODDownloader', 'description': 'NASA Astro Pic of the Day', 'author': 'Peter Levi', 'version': '0.1'}'
INFO: 2025-12-06 13:57:39,812: _walk_modules() 'Jumble loading module in ResizingDisplayModesPlugin from /usr/lib/python3.13/site-packages/variety/plugins/builtin/display_modes/ResizingDisplayModesPlugin.py'
INFO: 2025-12-06 13:57:39,813: load() 'Jumble found plugin class: <class 'ResizingDisplayModesPlugin.ResizingDisplayModesPlugin'>: {'name': 'ResizingDisplayModesPlugin', 'description': 'Display modes that use image resizing within Variety', 'version': '1.0', 'author': 'Peter Levi'}'
INFO: 2025-12-06 13:57:39,813: _walk_modules() 'Jumble loading module in GnomeDisplayModesPlugin from /usr/lib/python3.13/site-packages/variety/plugins/builtin/display_modes/GnomeDisplayModesPlugin.py'
INFO: 2025-12-06 13:57:39,813: load() 'Jumble found plugin class: <class 'GnomeDisplayModesPlugin.GnomeDisplayModesPlugin'>: {'name': 'GnomeDisplayModesPlugin', 'description': 'Display modes relying on the underlying desktop environment', 'version': '1.0', 'author': 'Peter Levi'}'
INFO: 2025-12-06 13:57:39,813: _walk_modules() 'Jumble loading module in __init__ from /usr/lib/python3.13/site-packages/variety/plugins/builtin/display_modes/__init__.py'
INFO: 2025-12-06 13:57:39,813: _walk_modules() 'Jumble loading module in LegacyDisplayModesPlugin from /usr/lib/python3.13/site-packages/variety/plugins/builtin/display_modes/LegacyDisplayModesPlugin.py'
INFO: 2025-12-06 13:57:39,813: load() 'Jumble found plugin class: <class 'LegacyDisplayModesPlugin.LegacyDisplayModesPlugin'>: {'name': 'LegacyDisplayModesPlugin', 'description': 'Legacy display mode for compatibility with past Variety versions', 'version': '1.0', 'author': 'Peter Levi'}'
INFO: 2025-12-06 13:57:39,814: _walk_modules() 'Jumble loading module in GeneralURLDownloader from /home/jay/.config/variety/plugins/GeneralURLDownloader.py'
INFO: 2025-12-06 13:57:39,814: _walk_modules() 'Jumble loading module in CustomRedditDownloader from /home/jay/.config/variety/plugins/CustomRedditDownloader.py'
INFO: 2025-12-06 13:57:39,814: _walk_modules() 'Jumble loading module in GeneralURLSource from /home/jay/.config/variety/plugins/GeneralURLSource.py'
INFO: 2025-12-06 13:57:39,815: load() 'Jumble found plugin class: <class 'GeneralURLSource.GeneralURLSource'>: {'name': 'GeneralURLSource', 'description': 'Download images from any URL', 'author': 'Variety Community', 'version': '1.0'}'
INFO: 2025-12-06 13:57:39,815: _walk_modules() 'Jumble loading module in CustomRedditSource from /home/jay/.config/variety/plugins/CustomRedditSource.py'
INFO: 2025-12-06 13:57:39,815: load() 'Jumble found plugin class: <class 'CustomRedditSource.CustomRedditSource'>: {'name': 'CustomRedditSource', 'description': 'Add custom subreddits or multi-reddits', 'author': 'Variety Community', 'version': '1.0'}'
INFO: 2025-12-06 13:57:39,815: _walk_modules() 'Jumble loading module in myplu from /home/jay/.config/variety/plugins/myplu.py'
ERROR: 2025-12-06 13:57:39,815: _walk_modules() 'Could not load plugin module /home/jay/.config/variety/plugins/myplu.py'
Traceback (most recent call last):
  File "/usr/lib/python3.13/site-packages/jumble/Jumble.py", line 48, in _walk_modules
    spec.loader.exec_module(module)
    ~~~~~~~~~~~~~~~~~~~~~~~^^^^^^^^
  File "<frozen importlib._bootstrap_external>", line 1026, in exec_module
  File "<frozen importlib._bootstrap>", line 488, in _call_with_frames_removed
  File "/home/jay/.config/variety/plugins/myplu.py", line 5, in <module>
    from variety import VarietyPlugin
ImportError: cannot import name 'VarietyPlugin' from 'variety' (/usr/lib/python3.13/site-packages/variety/__init__.py)
ERROR: 2025-12-06 13:57:39,816: get_xdg_pictures_folder() 'Could not get path to Pictures folder. Defaulting to ~/Pictures.'
Traceback (most recent call last):
  File "/usr/lib/python3.13/site-packages/variety/Util.py", line 818, in get_xdg_pictures_folder
    raise Exception("Could not get path to Pictures folder. Defaulting to ~/Pictures.")
Exception: Could not get path to Pictures folder. Defaulting to ~/Pictures.
ERROR: 2025-12-06 13:57:39,817: get_xdg_pictures_folder() 'Could not get path to Pictures folder. Defaulting to ~/Pictures.'
Traceback (most recent call last):
  File "/usr/lib/python3.13/site-packages/variety/Util.py", line 818, in get_xdg_pictures_folder
    raise Exception("Could not get path to Pictures folder. Defaulting to ~/Pictures.")
Exception: Could not get path to Pictures folder. Defaulting to ~/Pictures.
INFO: 2025-12-06 13:57:39,826: reload_config() 'Creating new downloader for type wallhaven, location https://wallhaven.cc/toplist'
INFO: 2025-12-06 13:57:39,826: reload_config() 'Creating new downloader for type reddit, location https://www.reddit.com/r/wallpapers/hot/'
INFO: 2025-12-06 13:57:39,826: _load_credentials() 'Loaded credentials for user: ayaan25@sirprase.com'
ERROR: 2025-12-06 13:57:41,145: _get_oauth_token() 'No access token in response'
INFO: 2025-12-06 13:57:41,146: _get_auth_headers() 'No authentication configured (NSFW content may be blocked)'
INFO: 2025-12-06 13:57:41,150: log_options() 'Loaded options:'
INFO: 2025-12-06 13:57:41,150: log_options() 'change_enabled = True'
INFO: 2025-12-06 13:57:41,150: log_options() 'change_interval = 18000'
INFO: 2025-12-06 13:57:41,150: log_options() 'change_on_start = True'
INFO: 2025-12-06 13:57:41,150: log_options() 'clipboard_enabled = False'
INFO: 2025-12-06 13:57:41,150: log_options() 'clipboard_hosts = ['wallhaven.cc', 'wallpapers.net', 'flickr.com', 'imgur.com', 'deviantart.com', 'interfacelift.com', 'vladstudio.com', 'imageshack.us', 'deviantart.net', 'imageshack.com']'
INFO: 2025-12-06 13:57:41,150: log_options() 'clipboard_use_whitelist = True'
INFO: 2025-12-06 13:57:41,150: log_options() 'clock_date_font = Serif 30'
INFO: 2025-12-06 13:57:41,150: log_options() 'clock_enabled = False'
INFO: 2025-12-06 13:57:41,150: log_options() 'clock_filter = -density 100 -font `fc-match -f '%{file[0]}' '%CLOCK_FONT_NAME'` -pointsize %CLOCK_FONT_SIZE -gravity SouthEast -fill '#00000044' -annotate 0x0+[%HOFFSET+58]+[%VOFFSET+108] '%H:%M' -fill white -annotate 0x0+[%HOFFSET+60]+[%VOFFSET+110] '%H:%M' -font `fc-match -f '%{file[0]}' '%DATE_FONT_NAME'` -pointsize %DATE_FONT_SIZE -fill '#00000044' -annotate 0x0+[%HOFFSET+58]+[%VOFFSET+58] '%A, %B %d' -fill white -annotate 0x0+[%HOFFSET+60]+[%VOFFSET+60] '%A, %B %d''
INFO: 2025-12-06 13:57:41,150: log_options() 'clock_font = Serif 70'
INFO: 2025-12-06 13:57:41,150: log_options() 'configfile = /home/jay/.config/variety/variety.conf'
INFO: 2025-12-06 13:57:41,150: log_options() 'copyto_enabled = False'
INFO: 2025-12-06 13:57:41,150: log_options() 'copyto_folder = Default'
INFO: 2025-12-06 13:57:41,150: log_options() 'desired_color = [160, 160, 160]'
INFO: 2025-12-06 13:57:41,150: log_options() 'desired_color_enabled = False'
INFO: 2025-12-06 13:57:41,150: log_options() 'download_folder = /home/jay/.config/variety/Downloaded'
INFO: 2025-12-06 13:57:41,150: log_options() 'download_preference_ratio = 0.9'
INFO: 2025-12-06 13:57:41,150: log_options() 'favorites_folder = /home/jay/.config/variety/Favorites'
INFO: 2025-12-06 13:57:41,150: log_options() 'favorites_operations = [['Downloaded', 'Copy'], ['Fetched', 'Move'], ['Others', 'Copy']]'
INFO: 2025-12-06 13:57:41,150: log_options() 'fetched_folder = /home/jay/.config/variety/Fetched'
INFO: 2025-12-06 13:57:41,150: log_options() 'filters = [[True, 'Keep original', ''], [True, 'Grayscale', '-type Grayscale'], [True, 'Heavy blur', '-scale 20% -blur 0x10 -resize 500%'], [True, 'Soft blur', '-scale 20% -blur 0x2 -resize 500%'], [True, 'Oil painting', '-paint 8'], [True, 'Pointilism', '-spread 10 -noise 3'], [True, 'Pixellate', '-scale 3% -scale 3333%']]'
INFO: 2025-12-06 13:57:41,150: log_options() 'get_wallpaper_script = /home/jay/.config/variety/scripts/get_wallpaper'
INFO: 2025-12-06 13:57:41,150: log_options() 'icon = Light'
INFO: 2025-12-06 13:57:41,151: log_options() 'internet_enabled = True'
INFO: 2025-12-06 13:57:41,151: log_options() 'lightness_enabled = False'
INFO: 2025-12-06 13:57:41,151: log_options() 'lightness_mode = 0'
INFO: 2025-12-06 13:57:41,151: log_options() 'min_rating = 4'
INFO: 2025-12-06 13:57:41,151: log_options() 'min_rating_enabled = False'
INFO: 2025-12-06 13:57:41,151: log_options() 'min_size = 80'
INFO: 2025-12-06 13:57:41,151: log_options() 'min_size_enabled = False'
INFO: 2025-12-06 13:57:41,151: log_options() 'name_regex = .*'
INFO: 2025-12-06 13:57:41,151: log_options() 'name_regex_enabled = False'
INFO: 2025-12-06 13:57:41,151: log_options() 'quota_enabled = True'
INFO: 2025-12-06 13:57:41,151: log_options() 'quota_size = 1000'
INFO: 2025-12-06 13:57:41,151: log_options() 'quotes_authors = '
INFO: 2025-12-06 13:57:41,151: log_options() 'quotes_bg_color = [80, 80, 80]'
INFO: 2025-12-06 13:57:41,151: log_options() 'quotes_bg_opacity = 55'
INFO: 2025-12-06 13:57:41,151: log_options() 'quotes_change_enabled = False'
INFO: 2025-12-06 13:57:41,151: log_options() 'quotes_change_interval = 300'
INFO: 2025-12-06 13:57:41,151: log_options() 'quotes_disabled_sources = ['Goodreads', 'Local text files', 'TheQuotationsPage.com', 'UNIX fortune program', 'Urban Dictionary']'
INFO: 2025-12-06 13:57:41,151: log_options() 'quotes_enabled = False'
INFO: 2025-12-06 13:57:41,151: log_options() 'quotes_favorites_file = /home/jay/.config/variety/favorite_quotes.txt'
INFO: 2025-12-06 13:57:41,151: log_options() 'quotes_font = Serif 30'
INFO: 2025-12-06 13:57:41,151: log_options() 'quotes_hpos = 100'
INFO: 2025-12-06 13:57:41,151: log_options() 'quotes_max_length = 250'
INFO: 2025-12-06 13:57:41,151: log_options() 'quotes_tags = '
INFO: 2025-12-06 13:57:41,151: log_options() 'quotes_text_color = [255, 255, 255]'
INFO: 2025-12-06 13:57:41,151: log_options() 'quotes_text_shadow = False'
INFO: 2025-12-06 13:57:41,151: log_options() 'quotes_vpos = 40'
INFO: 2025-12-06 13:57:41,151: log_options() 'quotes_width = 70'
INFO: 2025-12-06 13:57:41,151: log_options() 'safe_mode = False'
INFO: 2025-12-06 13:57:41,151: log_options() 'set_wallpaper_script = /home/jay/.config/variety/scripts/set_wallpaper'
INFO: 2025-12-06 13:57:41,151: log_options() 'slideshow_custom_enabled = False'
INFO: 2025-12-06 13:57:41,151: log_options() 'slideshow_custom_folder = /home/jay/Pictures'
INFO: 2025-12-06 13:57:41,151: log_options() 'slideshow_downloads_enabled = False'
INFO: 2025-12-06 13:57:41,151: log_options() 'slideshow_fade = 0.4'
INFO: 2025-12-06 13:57:41,151: log_options() 'slideshow_favorites_enabled = True'
INFO: 2025-12-06 13:57:41,151: log_options() 'slideshow_mode = Fullscreen'
INFO: 2025-12-06 13:57:41,151: log_options() 'slideshow_monitor = All'
INFO: 2025-12-06 13:57:41,151: log_options() 'slideshow_pan = 0.05'
INFO: 2025-12-06 13:57:41,151: log_options() 'slideshow_seconds = 6.0'
INFO: 2025-12-06 13:57:41,151: log_options() 'slideshow_sort_order = Random'
INFO: 2025-12-06 13:57:41,151: log_options() 'slideshow_sources_enabled = True'
INFO: 2025-12-06 13:57:41,151: log_options() 'slideshow_zoom = 0.2'
INFO: 2025-12-06 13:57:41,151: log_options() 'smart_enabled = False'
INFO: 2025-12-06 13:57:41,151: log_options() 'smart_notice_shown = False'
INFO: 2025-12-06 13:57:41,151: log_options() 'smart_register_shown = False'
INFO: 2025-12-06 13:57:41,151: log_options() 'sources = [[True, 'favorites', 'The Favorites folder'], [False, 'fetched', 'The Fetched folder'], [False, 'folder', '/usr/share/backgrounds'], [False, 'flickr', 'user:www.flickr.com/photos/peter-levi/;user_id:93647178@N00;'], [False, 'apod', "NASA's Astronomy Picture of the Day"], [False, 'bing', 'Bing Photo of the Day'], [False, 'earthview', 'Google Earth View Wallpapers'], [False, 'natgeo', "National Geographic's photo of the day"], [False, 'unsplash', 'High-resolution photos from Unsplash.com'], [False, 'artstation', 'https://www.artstation.com/khyzylsaleem.rss'], [True, 'wallhaven', 'https://wallhaven.cc/toplist'], [False, 'folder', '/home/jay/tmptasks/experiment/new/wallpapers_test'], [True, 'reddit', 'https://www.reddit.com/r/wallpapers/hot/'], [True, 'reddit_multi', 'Top wallpapers from multiple Reddit communities']]'
INFO: 2025-12-06 13:57:41,151: log_options() 'stats_enabled = True'
INFO: 2025-12-06 13:57:41,151: log_options() 'stats_notice_shown = False'
INFO: 2025-12-06 13:57:41,151: log_options() 'sync_enabled = True'
INFO: 2025-12-06 13:57:41,151: log_options() 'use_landscape_enabled = False'
INFO: 2025-12-06 13:57:41,151: log_options() 'wallhaven_api_key = '
INFO: 2025-12-06 13:57:41,151: log_options() 'wallpaper_auto_rotate = False'
INFO: 2025-12-06 13:57:41,151: log_options() 'wallpaper_display_mode = smart'
INFO: 2025-12-06 13:57:41,151: reload_config() 'No need to clear prepared queue'
INFO: 2025-12-06 13:57:41,151: update_indicator() 'Setting file info to: /usr/share/backgrounds/gnome/adwaita-l.jxl'
INFO: 2025-12-06 13:57:41,154: load_last_change_time() 'Change interval < 6 hours, ignore persisted last_change_time, wait initially the whole interval: 18000'
INFO: 2025-12-06 13:57:41,154: update_indicator() 'Setting file info to: /usr/share/backgrounds/gnome/adwaita-l.jxl'
INFO: 2025-12-06 13:57:41,155: regular_change_thread() 'regular_change thread running'
INFO: 2025-12-06 13:57:41,155: prepare_thread() 'Prepare thread running'
INFO: 2025-12-06 13:57:41,155: prepare_thread() 'Prepared buffer contains 0 images'
INFO: 2025-12-06 13:57:41,155: prepare_thread() 'Preparing some images'
INFO: 2025-12-06 13:57:41,156: get_throttling() 'Wallhaven.cc: parsing serverside options'
INFO: 2025-12-06 13:57:41,156: get_throttling() 'Could not parse Wallhaven.cc serverside options, using defaults 360, 40'
INFO: 2025-12-06 13:57:41,156: get_throttling() 'Wallhaven.cc: parsing serverside options'
INFO: 2025-12-06 13:57:41,156: get_throttling() 'Could not parse Wallhaven.cc serverside options, using defaults 360, 40'
INFO: 2025-12-06 13:57:41,156: download_one() 'Wallhaven.cc: Downloading an image, config: https://wallhaven.cc/toplist'
INFO: 2025-12-06 13:57:41,156: download_one() 'Wallhaven.cc: Queue size: 0'
INFO: 2025-12-06 13:57:41,156: get_throttling() 'Wallhaven.cc: parsing serverside options'
INFO: 2025-12-06 13:57:41,158: get_throttling() 'Could not parse Wallhaven.cc serverside options, using defaults 360, 40'
INFO: 2025-12-06 13:57:41,158: download_one() 'Wallhaven.cc: Filling queue'
INFO: 2025-12-06 13:57:41,158: search() 'Performing wallhaven search: url=https://wallhaven.cc/toplist'
INFO: 2025-12-06 13:57:41,158: update_indicator_icon() 'Creating indicator'
INFO: 2025-12-06 13:57:41,180: prepare_thread() 'After search prepared buffer contains 80 images'
WARNING: 2025-12-06 13:57:41,184: create_menu() 'Variety Slideshow is not installed. This is an optional extension adding pan-and-zoom slideshows to Variety: see https://github.com/peterlevi/variety-slideshow for details'
INFO: 2025-12-06 13:57:41,184: create_indicator() 'indicator backend: AppIndicator3'
INFO: 2025-12-06 13:57:41,189: set_from_theme_icon() 'Showing indicator icon variety-indicator from GTK theme'
INFO: 2025-12-06 13:57:41,255: do_set_wp() 'Calling do_set_wp with /usr/share/backgrounds/gnome/adwaita-l.jxl, time: 1765009661.2558455'
INFO: 2025-12-06 13:57:41,256: do_set_wp() 'Missing file or bad permissions, will not use it: /usr/share/backgrounds/gnome/adwaita-l.jxl'
INFO: 2025-12-06 13:57:42,075: fill_queue() '300 wallpapers in result, using page 6'
INFO: 2025-12-06 13:57:42,075: search() 'Performing wallhaven search: url=https://wallhaven.cc/toplist?page=6'
INFO: 2025-12-06 13:57:42,454: reload() 'Reloading preferences dialog'
ERROR: 2025-12-06 13:57:42,454: get_xdg_pictures_folder() 'Could not get path to Pictures folder. Defaulting to ~/Pictures.'
Traceback (most recent call last):
  File "/usr/lib/python3.13/site-packages/variety/Util.py", line 818, in get_xdg_pictures_folder
    raise Exception("Could not get path to Pictures folder. Defaulting to ~/Pictures.")
Exception: Could not get path to Pictures folder. Defaulting to ~/Pictures.
ERROR: 2025-12-06 13:57:42,455: get_xdg_pictures_folder() 'Could not get path to Pictures folder. Defaulting to ~/Pictures.'
Traceback (most recent call last):
  File "/usr/lib/python3.13/site-packages/variety/Util.py", line 818, in get_xdg_pictures_folder
    raise Exception("Could not get path to Pictures folder. Defaulting to ~/Pictures.")
Exception: Could not get path to Pictures folder. Defaulting to ~/Pictures.
ERROR: 2025-12-06 13:57:42,458: get_xdg_pictures_folder() 'Could not get path to Pictures folder. Defaulting to ~/Pictures.'
Traceback (most recent call last):
  File "/usr/lib/python3.13/site-packages/variety/Util.py", line 818, in get_xdg_pictures_folder
    raise Exception("Could not get path to Pictures folder. Defaulting to ~/Pictures.")
Exception: Could not get path to Pictures folder. Defaulting to ~/Pictures.
INFO: 2025-12-06 13:57:42,781: set_wallpaper() 'Calling set_wallpaper with /home/jay/.config/variety/Downloaded/reddit_www_reddit_com_r_wallpapers_hot_/ao5jzvwb410g1.jpg'
INFO: 2025-12-06 13:57:42,782: prepare_thread() 'Prepared buffer contains 80 images'
INFO: 2025-12-06 13:57:42,782: do_set_wp() 'Calling do_set_wp with /home/jay/.config/variety/Downloaded/reddit_www_reddit_com_r_wallpapers_hot_/ao5jzvwb410g1.jpg, time: 1765009662.7829082'
INFO: 2025-12-06 13:57:42,801: download_one() 'Wallhaven.cc: Queue populated with 12 URLs'
INFO: 2025-12-06 13:57:42,801: download_queue_item() 'Wallpaper URL: https://wallhaven.cc/w/9oo63k'
INFO: 2025-12-06 13:57:42,873: update_indicator() 'Setting file info to: /home/jay/.config/variety/Downloaded/reddit_www_reddit_com_r_wallpapers_hot_/ao5jzvwb410g1.jpg'
INFO: 2025-12-06 13:57:42,874: _load_credentials() 'Loaded credentials for user: ayaan25@sirprase.com'
INFO: 2025-12-06 13:57:43,181: trigger_download() 'Triggering download thread to check if download needed and possible'
ERROR: 2025-12-06 13:57:43,490: _get_oauth_token() 'No access token in response'
INFO: 2025-12-06 13:57:43,492: _get_auth_headers() 'No authentication configured (NSFW content may be blocked)'
INFO: 2025-12-06 13:57:43,498: list_files() 'More than 1 files in the folders, stop listing'
INFO: 2025-12-06 13:57:43,514: download_queue_item() 'Image src URL: https://w.wallhaven.cc/full/9o/wallhaven-9oo63k.jpg'
INFO: 2025-12-06 13:57:43,515: save_locally() 'Origin URL: https://wallhaven.cc/w/9oo63k'
INFO: 2025-12-06 13:57:43,515: save_locally() 'Image URL: https://w.wallhaven.cc/full/9o/wallhaven-9oo63k.jpg'
INFO: 2025-12-06 13:57:43,515: save_locally() 'Local path: /home/jay/.config/variety/Downloaded/wallhaven_wallhaven_cc_toplist/wallhaven-9oo63k.jpg'
INFO: 2025-12-06 13:57:44,782: trigger_download() 'Triggering download thread to check if download needed and possible'
INFO: 2025-12-06 13:57:44,783: trigger_download() 'Triggering download thread to check if download needed and possible'
INFO: 2025-12-06 13:57:46,156: set_wallpaper() 'Calling set_wallpaper with /home/jay/.config/variety/Downloaded/wallhaven_wallhaven_cc_toplist/wallhaven-3qqqkv.jpg'
INFO: 2025-12-06 13:57:46,156: prepare_thread() 'Prepared buffer contains 80 images'
INFO: 2025-12-06 13:57:46,159: do_set_wp() 'Calling do_set_wp with /home/jay/.config/variety/Downloaded/wallhaven_wallhaven_cc_toplist/wallhaven-3qqqkv.jpg, time: 1765009666.159722'
INFO: 2025-12-06 13:57:46,161: build_imagemagick_filter_cmd() 'Applying filter: -scale 3% -scale 3333%'
INFO: 2025-12-06 13:57:46,161: build_imagemagick_filter_cmd() 'ImageMagick filter cmd: convert /home/jay/.config/variety/Downloaded/wallhaven_wallhaven_cc_toplist/wallhaven-3qqqkv.jpg -scale 3200x2000^ -scale 3% -scale 3333% /home/jay/.config/variety/wallpaper/wallpaper-filter-9c059573e638f3cd1e131f27aba442ac.jpg'
INFO: 2025-12-06 13:57:46,651: update_indicator() 'Setting file info to: /home/jay/.config/variety/Downloaded/wallhaven_wallhaven_cc_toplist/wallhaven-3qqqkv.jpg'
INFO: 2025-12-06 13:57:46,652: list_files() 'More than 1 files in the folders, stop listing'
INFO: 2025-12-06 13:57:48,158: trigger_download() 'Triggering download thread to check if download needed and possible'
INFO: 2025-12-06 13:57:48,159: trigger_download() 'Triggering download thread to check if download needed and possible'
INFO: 2025-12-06 13:57:49,625: save_locally() 'Download failed from image URL: https://w.wallhaven.cc/full/9o/wallhaven-9oo63k.jpg (source location: https://wallhaven.cc/toplist) '
ERROR: 2025-12-06 13:57:49,626: download_one_from() 'Could not download wallpaper:'
Traceback (most recent call last):
  File "/usr/lib/python3.13/site-packages/urllib3/response.py", line 779, in _error_catcher
    yield
  File "/usr/lib/python3.13/site-packages/urllib3/response.py", line 904, in _raw_read
    data = self._fp_read(amt, read1=read1) if not fp_closed else b""
           ~~~~~~~~~~~~~^^^^^^^^^^^^^^^^^^
  File "/usr/lib/python3.13/site-packages/urllib3/response.py", line 887, in _fp_read
    return self._fp.read(amt) if amt is not None else self._fp.read()
           ~~~~~~~~~~~~~^^^^^
  File "/usr/lib/python3.13/http/client.py", line 479, in read
    s = self.fp.read(amt)
  File "/usr/lib/python3.13/socket.py", line 719, in readinto
    return self._sock.recv_into(b)
           ~~~~~~~~~~~~~~~~~~~~^^^
  File "/usr/lib/python3.13/ssl.py", line 1304, in recv_into
    return self.read(nbytes, buffer)
           ~~~~~~~~~^^^^^^^^^^^^^^^^
  File "/usr/lib/python3.13/ssl.py", line 1138, in read
    return self._sslobj.read(len, buffer)
           ~~~~~~~~~~~~~~~~~^^^^^^^^^^^^^
TimeoutError: The read operation timed out

The above exception was the direct cause of the following exception:

Traceback (most recent call last):
  File "/usr/lib/python3.13/site-packages/requests/models.py", line 820, in generate
    yield from self.raw.stream(chunk_size, decode_content=True)
  File "/usr/lib/python3.13/site-packages/urllib3/response.py", line 1091, in stream
    data = self.read(amt=amt, decode_content=decode_content)
  File "/usr/lib/python3.13/site-packages/urllib3/response.py", line 980, in read
    data = self._raw_read(amt)
  File "/usr/lib/python3.13/site-packages/urllib3/response.py", line 903, in _raw_read
    with self._error_catcher():
         ~~~~~~~~~~~~~~~~~~~^^
  File "/usr/lib/python3.13/contextlib.py", line 162, in __exit__
    self.gen.throw(value)
    ~~~~~~~~~~~~~~^^^^^^^
  File "/usr/lib/python3.13/site-packages/urllib3/response.py", line 784, in _error_catcher
    raise ReadTimeoutError(self._pool, None, "Read timed out.") from e  # type: ignore[arg-type]
    ^^^^^^^^^^^^^^^^^^^^^^^^^^^^^^^^^^^^^^^^^^^^^^^^^^^^^^^^^^^^^^^^^^
urllib3.exceptions.ReadTimeoutError: HTTPSConnectionPool(host='w.wallhaven.cc', port=443): Read timed out.

During handling of the above exception, another exception occurred:

Traceback (most recent call last):
  File "/usr/lib/python3.13/site-packages/variety/VarietyWindow.py", line 1166, in download_one_from
    file = downloader.download_one()
  File "/usr/lib/python3.13/site-packages/variety/plugins/downloaders/DefaultDownloader.py", line 153, in download_one
    return self.download_queue_item(queue_item)
           ~~~~~~~~~~~~~~~~~~~~~~~~^^^^^^^^^^^^
  File "/usr/lib/python3.13/site-packages/variety/plugins/builtin/downloaders/WallhavenDownloader.py", line 112, in download_queue_item
    return self.legacy_downloader.download_queue_item(queue_item)
           ~~~~~~~~~~~~~~~~~~~~~~~~~~~~~~~~~~~~~~~~~~^^^^^^^^^^^^
  File "/usr/lib/python3.13/site-packages/variety/plugins/builtin/downloaders/WallhavenLegacyDownloader.py", line 112, in download_queue_item
    return self.save_locally(wallpaper_url, src_url, extra_metadata=extra_metadata)
           ~~~~~~~~~~~~~~~~~^^^^^^^^^^^^^^^^^^^^^^^^^^^^^^^^^^^^^^^^^^^^^^^^^^^^^^^
  File "/usr/lib/python3.13/site-packages/variety/plugins/downloaders/DefaultDownloader.py", line 244, in save_locally
    raise e
  File "/usr/lib/python3.13/site-packages/variety/plugins/downloaders/DefaultDownloader.py", line 237, in save_locally
    Util.request_write_to(r, f)
    ~~~~~~~~~~~~~~~~~~~~~^^^^^^
  File "/usr/lib/python3.13/site-packages/variety/Util.py", line 671, in request_write_to
    for chunk in r.iter_content(1024):
                 ~~~~~~~~~~~~~~^^^^^^
  File "/usr/lib/python3.13/site-packages/requests/models.py", line 826, in generate
    raise ConnectionError(e)
requests.exceptions.ConnectionError: HTTPSConnectionPool(host='w.wallhaven.cc', port=443): Read timed out.
INFO: 2025-12-06 13:57:50,635: get_throttling() 'Reddit: parsing serverside options'
INFO: 2025-12-06 13:57:50,636: get_throttling() 'Could not parse Reddit serverside options, using defaults None, None'
INFO: 2025-12-06 13:57:50,636: get_throttling() 'Reddit: parsing serverside options'
INFO: 2025-12-06 13:57:50,636: get_throttling() 'Could not parse Reddit serverside options, using defaults None, None'
INFO: 2025-12-06 13:57:50,636: download_one() 'Reddit: Downloading an image, config: https://www.reddit.com/r/wallpapers/hot/'
INFO: 2025-12-06 13:57:50,636: download_one() 'Reddit: Queue size: 0'
INFO: 2025-12-06 13:57:50,636: get_throttling() 'Reddit: parsing serverside options'
INFO: 2025-12-06 13:57:50,636: get_throttling() 'Could not parse Reddit serverside options, using defaults None, None'
INFO: 2025-12-06 13:57:50,636: download_one() 'Reddit: Filling queue'
INFO: 2025-12-06 13:57:50,636: fill_queue() 'Custom Reddit URL: https://www.reddit.com/r/wallpapers/hot/'
INFO: 2025-12-06 13:57:50,636: fill_queue() 'Fetching from: https://www.reddit.com/r/wallpapers/hot/.json?limit=100 (attempt 1)'
INFO: 2025-12-06 13:57:54,457: fill_queue() 'Found 100 posts on page 1'
INFO: 2025-12-06 13:57:54,459: fill_queue() 'Reached target of 20 images'
INFO: 2025-12-06 13:57:54,459: fill_queue() 'Queue populated with 122 images'
INFO: 2025-12-06 13:57:54,460: download_one() 'Reddit: Queue populated with 122 URLs'
INFO: 2025-12-06 13:57:54,460: save_locally() 'Origin URL: https://www.reddit.com/r/wallpapers/comments/1p8ttly/just_wanted_to_share_this_shot_i_made_in_beamng_i/'
INFO: 2025-12-06 13:57:54,461: save_locally() 'Image URL: https://i.redd.it/xr9jrk99tz3g1.jpeg'
INFO: 2025-12-06 13:57:54,461: save_locally() 'Local path: /home/jay/.config/variety/Downloaded/reddit_www_reddit_com_r_wallpapers_hot_/xr9jrk99tz3g1.jpeg'
INFO: 2025-12-06 13:57:55,336: save_locally() 'Download complete'
INFO: 2025-12-06 13:57:55,337: update_indicator() 'Setting file info to: /home/jay/.config/variety/Downloaded/wallhaven_wallhaven_cc_toplist/wallhaven-3qqqkv.jpg'
INFO: 2025-12-06 13:57:55,339: list_files() 'More than 1 files in the folders, stop listing'
INFO: 2025-12-06 13:57:55,339: download_one_from() 'Adding downloaded file /home/jay/.config/variety/Downloaded/reddit_www_reddit_com_r_wallpapers_hot_/xr9jrk99tz3g1.jpeg to unseen_downloads'
INFO: 2025-12-06 13:58:01,155: server_options_thread() 'Fetching server options from https://gist.githubusercontent.com/peterlevi/a7d1dbf3a4e76e15760a/raw/fab10d0ce5cfe66377e7c650be56edb497aabbd4/variety_server_options.json'
INFO: 2025-12-06 13:58:01,697: server_options_thread() 'Fetched server options: {'flickr': {'min_fill_queue_interval': 1200, 'min_download_interval': 1200}, 'wallbase': {'min_fill_queue_interval': 1800, 'min_download_interval': 1800}, 'wallhaven': {'min_fill_queue_interval': 1800, 'min_download_interval': 1800}, 'wallpapers.net': {'min_fill_queue_interval': 601, 'min_download_interval': 0}, 'unsplash': {'min_fill_queue_interval': 20000000000, 'min_download_interval': 20000000000}, 'unsplash_v2': {'min_fill_queue_interval': 3600, 'min_download_interval': 1800}, 'status_message': {'0.0.1': '', '*': ''}}'
INFO: 2025-12-06 14:00:56,341: get_throttling() 'Wallhaven.cc: parsing serverside options'
INFO: 2025-12-06 14:00:56,341: get_throttling() 'Wallhaven.cc serverside options: {'min_fill_queue_interval': 1800, 'min_download_interval': 1800}'
INFO: 2025-12-06 14:00:56,341: get_throttling() 'Wallhaven.cc: parsing serverside options'
INFO: 2025-12-06 14:00:56,341: get_throttling() 'Wallhaven.cc serverside options: {'min_fill_queue_interval': 1800, 'min_download_interval': 1800}'
INFO: 2025-12-06 14:00:56,341: download_one() 'Wallhaven.cc: Downloading an image, config: https://wallhaven.cc/toplist'
INFO: 2025-12-06 14:00:56,341: download_one() 'Wallhaven.cc: Queue size: 11'
INFO: 2025-12-06 14:00:56,341: download_one() 'Wallhaven.cc: Queue populated with 11 URLs'
INFO: 2025-12-06 14:00:56,341: download_queue_item() 'Wallpaper URL: https://wallhaven.cc/w/zppz3w'
ERROR: 2025-12-06 14:01:01,869: download_one_from() 'Could not download wallpaper:'
Traceback (most recent call last):
  File "/usr/lib/python3.13/site-packages/urllib3/connectionpool.py", line 534, in _make_request
    response = conn.getresponse()
  File "/usr/lib/python3.13/site-packages/urllib3/connection.py", line 565, in getresponse
    httplib_response = super().getresponse()
  File "/usr/lib/python3.13/http/client.py", line 1430, in getresponse
    response.begin()
    ~~~~~~~~~~~~~~^^
  File "/usr/lib/python3.13/http/client.py", line 331, in begin
    version, status, reason = self._read_status()
                              ~~~~~~~~~~~~~~~~~^^
  File "/usr/lib/python3.13/http/client.py", line 292, in _read_status
    line = str(self.fp.readline(_MAXLINE + 1), "iso-8859-1")
               ~~~~~~~~~~~~~~~~^^^^^^^^^^^^^^
  File "/usr/lib/python3.13/socket.py", line 719, in readinto
    return self._sock.recv_into(b)
           ~~~~~~~~~~~~~~~~~~~~^^^
  File "/usr/lib/python3.13/ssl.py", line 1304, in recv_into
    return self.read(nbytes, buffer)
           ~~~~~~~~~^^^^^^^^^^^^^^^^
  File "/usr/lib/python3.13/ssl.py", line 1138, in read
    return self._sslobj.read(len, buffer)
           ~~~~~~~~~~~~~~~~~^^^^^^^^^^^^^
TimeoutError: The read operation timed out

The above exception was the direct cause of the following exception:

Traceback (most recent call last):
  File "/usr/lib/python3.13/site-packages/requests/adapters.py", line 644, in send
    resp = conn.urlopen(
        method=request.method,
    ...<9 lines>...
        chunked=chunked,
    )
  File "/usr/lib/python3.13/site-packages/urllib3/connectionpool.py", line 841, in urlopen
    retries = retries.increment(
        method, url, error=new_e, _pool=self, _stacktrace=sys.exc_info()[2]
    )
  File "/usr/lib/python3.13/site-packages/urllib3/util/retry.py", line 474, in increment
    raise reraise(type(error), error, _stacktrace)
          ~~~~~~~^^^^^^^^^^^^^^^^^^^^^^^^^^^^^^^^^
  File "/usr/lib/python3.13/site-packages/urllib3/util/util.py", line 39, in reraise
    raise value
  File "/usr/lib/python3.13/site-packages/urllib3/connectionpool.py", line 787, in urlopen
    response = self._make_request(
        conn,
    ...<10 lines>...
        **response_kw,
    )
  File "/usr/lib/python3.13/site-packages/urllib3/connectionpool.py", line 536, in _make_request
    self._raise_timeout(err=e, url=url, timeout_value=read_timeout)
    ~~~~~~~~~~~~~~~~~~~^^^^^^^^^^^^^^^^^^^^^^^^^^^^^^^^^^^^^^^^^^^^
  File "/usr/lib/python3.13/site-packages/urllib3/connectionpool.py", line 367, in _raise_timeout
    raise ReadTimeoutError(
        self, url, f"Read timed out. (read timeout={timeout_value})"
    ) from err
urllib3.exceptions.ReadTimeoutError: HTTPSConnectionPool(host='wallhaven.cc', port=443): Read timed out. (read timeout=5)

During handling of the above exception, another exception occurred:

Traceback (most recent call last):
  File "/usr/lib/python3.13/site-packages/variety/VarietyWindow.py", line 1166, in download_one_from
    file = downloader.download_one()
  File "/usr/lib/python3.13/site-packages/variety/plugins/downloaders/DefaultDownloader.py", line 153, in download_one
    return self.download_queue_item(queue_item)
           ~~~~~~~~~~~~~~~~~~~~~~~~^^^^^^^^^^^^
  File "/usr/lib/python3.13/site-packages/variety/plugins/builtin/downloaders/WallhavenDownloader.py", line 112, in download_queue_item
    return self.legacy_downloader.download_queue_item(queue_item)
           ~~~~~~~~~~~~~~~~~~~~~~~~~~~~~~~~~~~~~~~~~~^^^^^^^^^^^^
  File "/usr/lib/python3.13/site-packages/variety/plugins/builtin/downloaders/WallhavenLegacyDownloader.py", line 86, in download_queue_item
    s = Util.html_soup(wallpaper_url)
  File "/usr/lib/python3.13/site-packages/variety/Util.py", line 688, in html_soup
    return bs4.BeautifulSoup(Util.fetch(url, data, **request_kwargs), "lxml")
                             ~~~~~~~~~~^^^^^^^^^^^^^^^^^^^^^^^^^^^^^
  File "/usr/lib/python3.13/site-packages/variety/Util.py", line 676, in fetch
    return Util.request(url, data, **request_kwargs).text
           ~~~~~~~~~~~~^^^^^^^^^^^^^^^^^^^^^^^^^^^^^
  File "/usr/lib/python3.13/site-packages/variety/Util.py", line 654, in request
    r = requests.request(
        method=method,
    ...<5 lines>...
        timeout=timeout,
    )
  File "/usr/lib/python3.13/site-packages/requests/api.py", line 59, in request
    return session.request(method=method, url=url, **kwargs)
           ~~~~~~~~~~~~~~~^^^^^^^^^^^^^^^^^^^^^^^^^^^^^^^^^^
  File "/usr/lib/python3.13/site-packages/requests/sessions.py", line 589, in request
    resp = self.send(prep, **send_kwargs)
  File "/usr/lib/python3.13/site-packages/requests/sessions.py", line 703, in send
    r = adapter.send(request, **kwargs)
  File "/usr/lib/python3.13/site-packages/requests/adapters.py", line 690, in send
    raise ReadTimeout(e, request=request)
requests.exceptions.ReadTimeout: HTTPSConnectionPool(host='wallhaven.cc', port=443): Read timed out. (read timeout=5)
INFO: 2025-12-06 14:04:02,877: get_throttling() 'Wallhaven.cc: parsing serverside options'
INFO: 2025-12-06 14:04:02,877: get_throttling() 'Wallhaven.cc serverside options: {'min_fill_queue_interval': 1800, 'min_download_interval': 1800}'
INFO: 2025-12-06 14:04:02,877: get_throttling() 'Wallhaven.cc: parsing serverside options'
INFO: 2025-12-06 14:04:02,884: get_throttling() 'Wallhaven.cc serverside options: {'min_fill_queue_interval': 1800, 'min_download_interval': 1800}'
INFO: 2025-12-06 14:04:02,884: download_one() 'Wallhaven.cc: Downloading an image, config: https://wallhaven.cc/toplist'
INFO: 2025-12-06 14:04:02,884: download_one() 'Wallhaven.cc: Queue size: 10'
INFO: 2025-12-06 14:04:02,884: download_one() 'Wallhaven.cc: Queue populated with 10 URLs'
INFO: 2025-12-06 14:04:02,884: download_queue_item() 'Wallpaper URL: https://wallhaven.cc/w/oggvw9'
INFO: 2025-12-06 14:04:04,733: download_queue_item() 'Image src URL: https://w.wallhaven.cc/full/og/wallhaven-oggvw9.jpg'
INFO: 2025-12-06 14:04:04,734: save_locally() 'Origin URL: https://wallhaven.cc/w/oggvw9'
INFO: 2025-12-06 14:04:04,734: save_locally() 'Image URL: https://w.wallhaven.cc/full/og/wallhaven-oggvw9.jpg'
INFO: 2025-12-06 14:04:04,734: save_locally() 'Local path: /home/jay/.config/variety/Downloaded/wallhaven_wallhaven_cc_toplist/wallhaven-oggvw9.jpg'
INFO: 2025-12-06 14:05:31,759: save_locally() 'Download complete'
INFO: 2025-12-06 14:05:31,760: update_indicator() 'Setting file info to: /home/jay/.config/variety/Downloaded/wallhaven_wallhaven_cc_toplist/wallhaven-3qqqkv.jpg'
INFO: 2025-12-06 14:05:31,761: list_files() 'More than 1 files in the folders, stop listing'
INFO: 2025-12-06 14:05:31,761: download_one_from() 'Adding downloaded file /home/jay/.config/variety/Downloaded/wallhaven_wallhaven_cc_toplist/wallhaven-oggvw9.jpg to unseen_downloads'
INFO: 2025-12-06 14:05:32,762: get_throttling() 'Wallhaven.cc: parsing serverside options'
INFO: 2025-12-06 14:05:32,762: get_throttling() 'Wallhaven.cc serverside options: {'min_fill_queue_interval': 1800, 'min_download_interval': 1800}'
INFO: 2025-12-06 14:05:32,762: get_throttling() 'Wallhaven.cc: parsing serverside options'
INFO: 2025-12-06 14:05:32,762: get_throttling() 'Wallhaven.cc serverside options: {'min_fill_queue_interval': 1800, 'min_download_interval': 1800}'
INFO: 2025-12-06 14:05:32,762: download_one() 'Wallhaven.cc: Downloading an image, config: https://wallhaven.cc/toplist'
INFO: 2025-12-06 14:05:32,763: download_one() 'Wallhaven.cc: Queue size: 9'
INFO: 2025-12-06 14:05:32,763: download_one() 'Wallhaven.cc: Queue populated with 9 URLs'
INFO: 2025-12-06 14:05:32,763: download_queue_item() 'Wallpaper URL: https://wallhaven.cc/w/k88jv6'
INFO: 2025-12-06 14:05:34,192: download_queue_item() 'Image src URL: https://w.wallhaven.cc/full/k8/wallhaven-k88jv6.jpg'
INFO: 2025-12-06 14:05:34,192: save_locally() 'Origin URL: https://wallhaven.cc/w/k88jv6'
INFO: 2025-12-06 14:05:34,192: save_locally() 'Image URL: https://w.wallhaven.cc/full/k8/wallhaven-k88jv6.jpg'
INFO: 2025-12-06 14:05:34,192: save_locally() 'Local path: /home/jay/.config/variety/Downloaded/wallhaven_wallhaven_cc_toplist/wallhaven-k88jv6.jpg'
INFO: 2025-12-06 14:05:35,217: save_locally() 'Download complete'
INFO: 2025-12-06 14:05:35,217: update_indicator() 'Setting file info to: /home/jay/.config/variety/Downloaded/wallhaven_wallhaven_cc_toplist/wallhaven-3qqqkv.jpg'
INFO: 2025-12-06 14:05:35,219: list_files() 'More than 1 files in the folders, stop listing'
INFO: 2025-12-06 14:05:35,219: download_one_from() 'Adding downloaded file /home/jay/.config/variety/Downloaded/wallhaven_wallhaven_cc_toplist/wallhaven-k88jv6.jpg to unseen_downloads'
INFO: 2025-12-06 14:41:34,826: update_indicator() 'Setting file info to: /home/jay/.config/variety/Downloaded/wallhaven_wallhaven_cc_toplist/wallhaven-3qqqkv.jpg'
INFO: 2025-12-06 14:41:34,828: list_files() 'More than 1 files in the folders, stop listing'
INFO: 2025-12-06 14:42:20,955: update_indicator() 'Setting file info to: /home/jay/.config/variety/Downloaded/wallhaven_wallhaven_cc_toplist/wallhaven-3qqqkv.jpg'
INFO: 2025-12-06 14:42:20,958: list_files() 'More than 1 files in the folders, stop listing'
INFO: 2025-12-06 14:48:48,573: move_or_copy_file() 'Copied /home/jay/.config/variety/Downloaded/wallhaven_wallhaven_cc_toplist/wallhaven-3qqqkv.jpg to /home/jay/.config/variety/Favorites'
INFO: 2025-12-06 14:48:48,574: update_indicator() 'Setting file info to: /home/jay/.config/variety/Downloaded/wallhaven_wallhaven_cc_toplist/wallhaven-3qqqkv.jpg'
INFO: 2025-12-06 14:48:48,576: list_files() 'More than 1 files in the folders, stop listing'
