INFO: 2025-12-06 17:01:13,641: main() 'Using profile folder /home/jay/.config/variety/'
INFO: 2025-12-06 17:01:13,642: perform_upgrade() 'Last run version was 0.8.13 or earlier, current version is 0.8.13'
INFO: 2025-12-06 17:01:13,645: process_command() 'Received command: ['--next']'
INFO: 2025-12-06 17:01:13,646: start() 'Using data_path /usr/share/variety'
INFO: 2025-12-06 17:01:13,646: load() 'Jumble loading'
INFO: 2025-12-06 17:01:13,646: _walk_modules() 'Jumble loading module in __init__ from /usr/lib/python3.13/site-packages/variety/plugins/builtin/__init__.py'
INFO: 2025-12-06 17:01:13,646: _walk_modules() 'Jumble loading module in GoodreadsSource from /usr/lib/python3.13/site-packages/variety/plugins/builtin/quotes/GoodreadsSource.py'
INFO: 2025-12-06 17:01:13,669: load() 'Jumble found plugin class: <class 'GoodreadsSource.GoodreadsSource'>: {'name': 'Goodreads', 'description': 'Fetches quotes from Goodreads.com', 'author': 'Peter Levi', 'version': '0.1'}'
INFO: 2025-12-06 17:01:13,669: _walk_modules() 'Jumble loading module in LocalFilesSource from /usr/lib/python3.13/site-packages/variety/plugins/builtin/quotes/LocalFilesSource.py'
INFO: 2025-12-06 17:01:13,670: load() 'Jumble found plugin class: <class 'LocalFilesSource.LocalFilesSource'>: {'name': 'Local text files', 'description': 'Displays quotes, defined in local text files.\nPut your own txt files in: ~/.config/variety/pluginconfig/quotes/.\nThe file format is:\n\nquote -- author\n.\nsecond quote -- another author\n.\netc...\n\nExample: http://rvelthuis.de/zips/quotes.txt', 'author': 'Peter Levi', 'version': '0.1'}'
INFO: 2025-12-06 17:01:13,670: _walk_modules() 'Jumble loading module in FortuneSource from /usr/lib/python3.13/site-packages/variety/plugins/builtin/quotes/FortuneSource.py'
INFO: 2025-12-06 17:01:13,670: load() 'Jumble found plugin class: <class 'FortuneSource.FortuneSource'>: {'name': 'UNIX fortune program', 'description': 'Displays quotes using the UNIX fortune program. You may want to install additional fortune packs, e.g. fortunes-bofh-excuses.', 'author': 'Dan Jones', 'version': '0.1'}'
INFO: 2025-12-06 17:01:13,670: _walk_modules() 'Jumble loading module in UrbanDictionarySource from /usr/lib/python3.13/site-packages/variety/plugins/builtin/quotes/UrbanDictionarySource.py'
INFO: 2025-12-06 17:01:13,671: load() 'Jumble found plugin class: <class 'UrbanDictionarySource.UrbanDictionarySource'>: {'name': 'Urban Dictionary', 'description': 'Displays definitions from Urban Dictionary', 'author': 'James Miller', 'version': '0.1'}'
INFO: 2025-12-06 17:01:13,671: _walk_modules() 'Jumble loading module in QuotationsPageSource from /usr/lib/python3.13/site-packages/variety/plugins/builtin/quotes/QuotationsPageSource.py'
INFO: 2025-12-06 17:01:13,671: load() 'Jumble found plugin class: <class 'QuotationsPageSource.QuotationsPageSource'>: {'name': 'TheQuotationsPage.com', 'description': 'Fetches quotes from TheQuotationsPage.com', 'author': 'Peter Levi', 'version': '0.1'}'
INFO: 2025-12-06 17:01:13,671: _walk_modules() 'Jumble loading module in __init__ from /usr/lib/python3.13/site-packages/variety/plugins/builtin/quotes/__init__.py'
INFO: 2025-12-06 17:01:13,671: _walk_modules() 'Jumble loading module in MediaRSSSource from /usr/lib/python3.13/site-packages/variety/plugins/builtin/downloaders/MediaRSSSource.py'
INFO: 2025-12-06 17:01:13,672: load() 'Jumble found plugin class: <class 'MediaRSSSource.MediaRSSSource'>: {'name': 'MediaRSSSource', 'description': 'Configurable source for fetching images from MediaRSS feeds', 'author': 'Peter Levi', 'version': '0.1'}'
INFO: 2025-12-06 17:01:13,672: _walk_modules() 'Jumble loading module in ArtStationDownloader from /usr/lib/python3.13/site-packages/variety/plugins/builtin/downloaders/ArtStationDownloader.py'
INFO: 2025-12-06 17:01:13,673: _walk_modules() 'Jumble loading module in BingDownloader from /usr/lib/python3.13/site-packages/variety/plugins/builtin/downloaders/BingDownloader.py'
INFO: 2025-12-06 17:01:13,673: load() 'Jumble found plugin class: <class 'BingDownloader.BingDownloader'>: {'name': 'BingDownloader', 'description': 'Bing Photo of the Day', 'author': 'Peter Levi', 'version': '0.1'}'
INFO: 2025-12-06 17:01:13,673: _walk_modules() 'Jumble loading module in MediaRSSDownloader from /usr/lib/python3.13/site-packages/variety/plugins/builtin/downloaders/MediaRSSDownloader.py'
INFO: 2025-12-06 17:01:13,673: _walk_modules() 'Jumble loading module in WallhavenSource from /usr/lib/python3.13/site-packages/variety/plugins/builtin/downloaders/WallhavenSource.py'
INFO: 2025-12-06 17:01:13,674: load() 'Jumble found plugin class: <class 'WallhavenSource.WallhavenSource'>: {'name': 'WallhavenSource', 'description': 'Configurable source for fetching images from Wallhaven.cc', 'author': 'Peter Levi', 'version': '0.1'}'
INFO: 2025-12-06 17:01:13,674: _walk_modules() 'Jumble loading module in UnsplashConfigurableSource from /usr/lib/python3.13/site-packages/variety/plugins/builtin/downloaders/UnsplashConfigurableSource.py'
INFO: 2025-12-06 17:01:13,675: load() 'Jumble found plugin class: <class 'UnsplashConfigurableSource.UnsplashConfigurableSource'>: {'name': 'UnsplashConfigurableSource', 'description': 'Configurable source for fetching photos from Unsplash.com', 'author': 'Peter Levi', 'version': '0.1'}'
INFO: 2025-12-06 17:01:13,675: _walk_modules() 'Jumble loading module in NationalGeographicDownloader from /usr/lib/python3.13/site-packages/variety/plugins/builtin/downloaders/NationalGeographicDownloader.py'
INFO: 2025-12-06 17:01:13,675: load() 'Jumble found plugin class: <class 'NationalGeographicDownloader.NationalGeographicDownloader'>: {'name': 'NationalGeographicDownloader', 'description': "National Geographic's photo of the day", 'author': 'Eric RÃ¶sch', 'version': '0.1'}'
INFO: 2025-12-06 17:01:13,675: _walk_modules() 'Jumble loading module in WallhavenDownloader from /usr/lib/python3.13/site-packages/variety/plugins/builtin/downloaders/WallhavenDownloader.py'
INFO: 2025-12-06 17:01:13,676: _walk_modules() 'Jumble loading module in WallhavenLegacyDownloader from /usr/lib/python3.13/site-packages/variety/plugins/builtin/downloaders/WallhavenLegacyDownloader.py'
INFO: 2025-12-06 17:01:13,676: _walk_modules() 'Jumble loading module in EarthviewDownloader from /usr/lib/python3.13/site-packages/variety/plugins/builtin/downloaders/EarthviewDownloader.py'
INFO: 2025-12-06 17:01:13,676: load() 'Jumble found plugin class: <class 'EarthviewDownloader.EarthviewDownloader'>: {'name': 'EarthviewDownloader', 'description': 'Google Earth View Wallpapers', 'author': 'Peter Levi', 'version': '0.1'}'
INFO: 2025-12-06 17:01:13,676: _walk_modules() 'Jumble loading module in UnsplashDownloader from /usr/lib/python3.13/site-packages/variety/plugins/builtin/downloaders/UnsplashDownloader.py'
INFO: 2025-12-06 17:01:13,676: load() 'Jumble found plugin class: <class 'UnsplashDownloader.UnsplashDownloader'>: {'name': 'UnsplashDownloader', 'description': 'High-resolution photos from Unsplash.com', 'author': 'Peter Levi', 'version': '0.1'}'
INFO: 2025-12-06 17:01:13,676: _walk_modules() 'Jumble loading module in ArtStationSource from /usr/lib/python3.13/site-packages/variety/plugins/builtin/downloaders/ArtStationSource.py'
INFO: 2025-12-06 17:01:13,677: load() 'Jumble found plugin class: <class 'ArtStationSource.ArtStationSource'>: {'name': 'ArtStationSource', 'description': 'Configurable source for fetching images from ArtStation', 'author': 'Denis Gordeev', 'version': '0.1'}'
INFO: 2025-12-06 17:01:13,677: _walk_modules() 'Jumble loading module in __init__ from /usr/lib/python3.13/site-packages/variety/plugins/builtin/downloaders/__init__.py'
INFO: 2025-12-06 17:01:13,677: _walk_modules() 'Jumble loading module in RedditSource from /usr/lib/python3.13/site-packages/variety/plugins/builtin/downloaders/RedditSource.py'
INFO: 2025-12-06 17:01:13,677: load() 'Jumble found plugin class: <class 'RedditSource.RedditSource'>: {'name': 'RedditSource', 'description': 'Configurable source for fetching images from Reddit', 'author': 'Peter Levi', 'version': '0.1'}'
INFO: 2025-12-06 17:01:13,677: _walk_modules() 'Jumble loading module in RedditDownloader from /usr/lib/python3.13/site-packages/variety/plugins/builtin/downloaders/RedditDownloader.py'
INFO: 2025-12-06 17:01:13,678: _walk_modules() 'Jumble loading module in APODDownloader from /usr/lib/python3.13/site-packages/variety/plugins/builtin/downloaders/APODDownloader.py'
INFO: 2025-12-06 17:01:13,678: load() 'Jumble found plugin class: <class 'APODDownloader.APODDownloader'>: {'name': 'APODDownloader', 'description': 'NASA Astro Pic of the Day', 'author': 'Peter Levi', 'version': '0.1'}'
INFO: 2025-12-06 17:01:13,678: _walk_modules() 'Jumble loading module in ResizingDisplayModesPlugin from /usr/lib/python3.13/site-packages/variety/plugins/builtin/display_modes/ResizingDisplayModesPlugin.py'
INFO: 2025-12-06 17:01:13,679: load() 'Jumble found plugin class: <class 'ResizingDisplayModesPlugin.ResizingDisplayModesPlugin'>: {'name': 'ResizingDisplayModesPlugin', 'description': 'Display modes that use image resizing within Variety', 'version': '1.0', 'author': 'Peter Levi'}'
INFO: 2025-12-06 17:01:13,679: _walk_modules() 'Jumble loading module in GnomeDisplayModesPlugin from /usr/lib/python3.13/site-packages/variety/plugins/builtin/display_modes/GnomeDisplayModesPlugin.py'
INFO: 2025-12-06 17:01:13,679: load() 'Jumble found plugin class: <class 'GnomeDisplayModesPlugin.GnomeDisplayModesPlugin'>: {'name': 'GnomeDisplayModesPlugin', 'description': 'Display modes relying on the underlying desktop environment', 'version': '1.0', 'author': 'Peter Levi'}'
INFO: 2025-12-06 17:01:13,679: _walk_modules() 'Jumble loading module in __init__ from /usr/lib/python3.13/site-packages/variety/plugins/builtin/display_modes/__init__.py'
INFO: 2025-12-06 17:01:13,679: _walk_modules() 'Jumble loading module in LegacyDisplayModesPlugin from /usr/lib/python3.13/site-packages/variety/plugins/builtin/display_modes/LegacyDisplayModesPlugin.py'
INFO: 2025-12-06 17:01:13,679: load() 'Jumble found plugin class: <class 'LegacyDisplayModesPlugin.LegacyDisplayModesPlugin'>: {'name': 'LegacyDisplayModesPlugin', 'description': 'Legacy display mode for compatibility with past Variety versions', 'version': '1.0', 'author': 'Peter Levi'}'
INFO: 2025-12-06 17:01:13,680: _walk_modules() 'Jumble loading module in GeneralURLDownloader from /home/jay/.config/variety/plugins/GeneralURLDownloader.py'
INFO: 2025-12-06 17:01:13,680: _walk_modules() 'Jumble loading module in CustomRedditDownloader from /home/jay/.config/variety/plugins/CustomRedditDownloader.py'
INFO: 2025-12-06 17:01:13,680: _walk_modules() 'Jumble loading module in GeneralURLSource from /home/jay/.config/variety/plugins/GeneralURLSource.py'
INFO: 2025-12-06 17:01:13,681: load() 'Jumble found plugin class: <class 'GeneralURLSource.GeneralURLSource'>: {'name': 'GeneralURLSource', 'description': 'Download images from any URL', 'author': 'Variety Community', 'version': '1.0'}'
INFO: 2025-12-06 17:01:13,681: _walk_modules() 'Jumble loading module in CustomRedditSource from /home/jay/.config/variety/plugins/CustomRedditSource.py'
INFO: 2025-12-06 17:01:13,681: load() 'Jumble found plugin class: <class 'CustomRedditSource.CustomRedditSource'>: {'name': 'CustomRedditSource', 'description': 'Add custom subreddits or multi-reddits', 'author': 'Variety Community', 'version': '1.0'}'
INFO: 2025-12-06 17:01:13,681: _walk_modules() 'Jumble loading module in myplu from /home/jay/.config/variety/plugins/myplu.py'
ERROR: 2025-12-06 17:01:13,681: _walk_modules() 'Could not load plugin module /home/jay/.config/variety/plugins/myplu.py'
Traceback (most recent call last):
  File "/usr/lib/python3.13/site-packages/jumble/Jumble.py", line 48, in _walk_modules
    spec.loader.exec_module(module)
    ~~~~~~~~~~~~~~~~~~~~~~~^^^^^^^^
  File "<frozen importlib._bootstrap_external>", line 1026, in exec_module
  File "<frozen importlib._bootstrap>", line 488, in _call_with_frames_removed
  File "/home/jay/.config/variety/plugins/myplu.py", line 5, in <module>
    from variety import VarietyPlugin
ImportError: cannot import name 'VarietyPlugin' from 'variety' (/usr/lib/python3.13/site-packages/variety/__init__.py)
ERROR: 2025-12-06 17:01:13,683: get_xdg_pictures_folder() 'Could not get path to Pictures folder. Defaulting to ~/Pictures.'
Traceback (most recent call last):
  File "/usr/lib/python3.13/site-packages/variety/Util.py", line 818, in get_xdg_pictures_folder
    raise Exception("Could not get path to Pictures folder. Defaulting to ~/Pictures.")
Exception: Could not get path to Pictures folder. Defaulting to ~/Pictures.
ERROR: 2025-12-06 17:01:13,684: get_xdg_pictures_folder() 'Could not get path to Pictures folder. Defaulting to ~/Pictures.'
Traceback (most recent call last):
  File "/usr/lib/python3.13/site-packages/variety/Util.py", line 818, in get_xdg_pictures_folder
    raise Exception("Could not get path to Pictures folder. Defaulting to ~/Pictures.")
Exception: Could not get path to Pictures folder. Defaulting to ~/Pictures.
INFO: 2025-12-06 17:01:13,693: reload_config() 'Creating new downloader for type wallhaven, location https://wallhaven.cc/toplist'
INFO: 2025-12-06 17:01:13,693: reload_config() 'Creating new downloader for type reddit, location https://www.reddit.com/r/wallpapers/hot/'
INFO: 2025-12-06 17:01:13,694: _load_credentials() 'Loaded credentials for user: ayaan25@sirprase.com'
ERROR: 2025-12-06 17:01:14,058: _get_oauth_token() 'No access token in response'
INFO: 2025-12-06 17:01:14,059: _get_auth_headers() 'No authentication configured (NSFW content may be blocked)'
INFO: 2025-12-06 17:01:14,063: log_options() 'Loaded options:'
INFO: 2025-12-06 17:01:14,063: log_options() 'change_enabled = True'
INFO: 2025-12-06 17:01:14,063: log_options() 'change_interval = 18000'
INFO: 2025-12-06 17:01:14,064: log_options() 'change_on_start = True'
INFO: 2025-12-06 17:01:14,064: log_options() 'clipboard_enabled = False'
INFO: 2025-12-06 17:01:14,064: log_options() 'clipboard_hosts = ['wallhaven.cc', 'wallpapers.net', 'flickr.com', 'imgur.com', 'deviantart.com', 'interfacelift.com', 'vladstudio.com', 'imageshack.us', 'deviantart.net', 'imageshack.com']'
INFO: 2025-12-06 17:01:14,064: log_options() 'clipboard_use_whitelist = True'
INFO: 2025-12-06 17:01:14,064: log_options() 'clock_date_font = Serif 30'
INFO: 2025-12-06 17:01:14,064: log_options() 'clock_enabled = False'
INFO: 2025-12-06 17:01:14,064: log_options() 'clock_filter = -density 100 -font `fc-match -f '%{file[0]}' '%CLOCK_FONT_NAME'` -pointsize %CLOCK_FONT_SIZE -gravity SouthEast -fill '#00000044' -annotate 0x0+[%HOFFSET+58]+[%VOFFSET+108] '%H:%M' -fill white -annotate 0x0+[%HOFFSET+60]+[%VOFFSET+110] '%H:%M' -font `fc-match -f '%{file[0]}' '%DATE_FONT_NAME'` -pointsize %DATE_FONT_SIZE -fill '#00000044' -annotate 0x0+[%HOFFSET+58]+[%VOFFSET+58] '%A, %B %d' -fill white -annotate 0x0+[%HOFFSET+60]+[%VOFFSET+60] '%A, %B %d''
INFO: 2025-12-06 17:01:14,064: log_options() 'clock_font = Serif 70'
INFO: 2025-12-06 17:01:14,064: log_options() 'configfile = /home/jay/.config/variety/variety.conf'
INFO: 2025-12-06 17:01:14,064: log_options() 'copyto_enabled = False'
INFO: 2025-12-06 17:01:14,064: log_options() 'copyto_folder = Default'
INFO: 2025-12-06 17:01:14,064: log_options() 'desired_color = [160, 160, 160]'
INFO: 2025-12-06 17:01:14,064: log_options() 'desired_color_enabled = False'
INFO: 2025-12-06 17:01:14,064: log_options() 'download_folder = /home/jay/.config/variety/Downloaded'
INFO: 2025-12-06 17:01:14,064: log_options() 'download_preference_ratio = 0.9'
INFO: 2025-12-06 17:01:14,064: log_options() 'favorites_folder = /home/jay/.config/variety/Favorites'
INFO: 2025-12-06 17:01:14,064: log_options() 'favorites_operations = [['Downloaded', 'Copy'], ['Fetched', 'Move'], ['Others', 'Copy']]'
INFO: 2025-12-06 17:01:14,064: log_options() 'fetched_folder = /home/jay/.config/variety/Fetched'
INFO: 2025-12-06 17:01:14,064: log_options() 'filters = [[True, 'Keep original', ''], [True, 'Grayscale', '-type Grayscale'], [True, 'Heavy blur', '-scale 20% -blur 0x10 -resize 500%'], [True, 'Soft blur', '-scale 20% -blur 0x2 -resize 500%'], [True, 'Oil painting', '-paint 8'], [True, 'Pointilism', '-spread 10 -noise 3'], [True, 'Pixellate', '-scale 3% -scale 3333%']]'
INFO: 2025-12-06 17:01:14,064: log_options() 'get_wallpaper_script = /home/jay/.config/variety/scripts/get_wallpaper'
INFO: 2025-12-06 17:01:14,064: log_options() 'icon = Light'
INFO: 2025-12-06 17:01:14,064: log_options() 'internet_enabled = True'
INFO: 2025-12-06 17:01:14,064: log_options() 'lightness_enabled = False'
INFO: 2025-12-06 17:01:14,064: log_options() 'lightness_mode = 0'
INFO: 2025-12-06 17:01:14,064: log_options() 'min_rating = 4'
INFO: 2025-12-06 17:01:14,064: log_options() 'min_rating_enabled = False'
INFO: 2025-12-06 17:01:14,064: log_options() 'min_size = 80'
INFO: 2025-12-06 17:01:14,064: log_options() 'min_size_enabled = False'
INFO: 2025-12-06 17:01:14,064: log_options() 'name_regex = .*'
INFO: 2025-12-06 17:01:14,064: log_options() 'name_regex_enabled = False'
INFO: 2025-12-06 17:01:14,064: log_options() 'quota_enabled = True'
INFO: 2025-12-06 17:01:14,064: log_options() 'quota_size = 1000'
INFO: 2025-12-06 17:01:14,064: log_options() 'quotes_authors = '
INFO: 2025-12-06 17:01:14,064: log_options() 'quotes_bg_color = [80, 80, 80]'
INFO: 2025-12-06 17:01:14,064: log_options() 'quotes_bg_opacity = 55'
INFO: 2025-12-06 17:01:14,064: log_options() 'quotes_change_enabled = False'
INFO: 2025-12-06 17:01:14,064: log_options() 'quotes_change_interval = 300'
INFO: 2025-12-06 17:01:14,064: log_options() 'quotes_disabled_sources = ['Goodreads', 'Local text files', 'TheQuotationsPage.com', 'UNIX fortune program', 'Urban Dictionary']'
INFO: 2025-12-06 17:01:14,064: log_options() 'quotes_enabled = False'
INFO: 2025-12-06 17:01:14,064: log_options() 'quotes_favorites_file = /home/jay/.config/variety/favorite_quotes.txt'
INFO: 2025-12-06 17:01:14,064: log_options() 'quotes_font = Serif 30'
INFO: 2025-12-06 17:01:14,064: log_options() 'quotes_hpos = 100'
INFO: 2025-12-06 17:01:14,064: log_options() 'quotes_max_length = 250'
INFO: 2025-12-06 17:01:14,064: log_options() 'quotes_tags = '
INFO: 2025-12-06 17:01:14,064: log_options() 'quotes_text_color = [255, 255, 255]'
INFO: 2025-12-06 17:01:14,064: log_options() 'quotes_text_shadow = False'
INFO: 2025-12-06 17:01:14,064: log_options() 'quotes_vpos = 40'
INFO: 2025-12-06 17:01:14,064: log_options() 'quotes_width = 70'
INFO: 2025-12-06 17:01:14,065: log_options() 'safe_mode = False'
INFO: 2025-12-06 17:01:14,065: log_options() 'set_wallpaper_script = /home/jay/.config/variety/scripts/set_wallpaper'
INFO: 2025-12-06 17:01:14,065: log_options() 'slideshow_custom_enabled = False'
INFO: 2025-12-06 17:01:14,065: log_options() 'slideshow_custom_folder = /home/jay/Pictures'
INFO: 2025-12-06 17:01:14,065: log_options() 'slideshow_downloads_enabled = False'
INFO: 2025-12-06 17:01:14,065: log_options() 'slideshow_fade = 0.4'
INFO: 2025-12-06 17:01:14,065: log_options() 'slideshow_favorites_enabled = True'
INFO: 2025-12-06 17:01:14,065: log_options() 'slideshow_mode = Fullscreen'
INFO: 2025-12-06 17:01:14,065: log_options() 'slideshow_monitor = All'
INFO: 2025-12-06 17:01:14,065: log_options() 'slideshow_pan = 0.05'
INFO: 2025-12-06 17:01:14,065: log_options() 'slideshow_seconds = 6.0'
INFO: 2025-12-06 17:01:14,065: log_options() 'slideshow_sort_order = Random'
INFO: 2025-12-06 17:01:14,065: log_options() 'slideshow_sources_enabled = True'
INFO: 2025-12-06 17:01:14,065: log_options() 'slideshow_zoom = 0.2'
INFO: 2025-12-06 17:01:14,065: log_options() 'smart_enabled = False'
INFO: 2025-12-06 17:01:14,065: log_options() 'smart_notice_shown = False'
INFO: 2025-12-06 17:01:14,065: log_options() 'smart_register_shown = False'
INFO: 2025-12-06 17:01:14,065: log_options() 'sources = [[True, 'favorites', 'The Favorites folder'], [False, 'fetched', 'The Fetched folder'], [False, 'folder', '/usr/share/backgrounds'], [False, 'flickr', 'user:www.flickr.com/photos/peter-levi/;user_id:93647178@N00;'], [False, 'apod', "NASA's Astronomy Picture of the Day"], [False, 'bing', 'Bing Photo of the Day'], [False, 'earthview', 'Google Earth View Wallpapers'], [False, 'natgeo', "National Geographic's photo of the day"], [False, 'unsplash', 'High-resolution photos from Unsplash.com'], [False, 'artstation', 'https://www.artstation.com/khyzylsaleem.rss'], [True, 'wallhaven', 'https://wallhaven.cc/toplist'], [False, 'folder', '/home/jay/tmptasks/experiment/new/wallpapers_test'], [True, 'reddit', 'https://www.reddit.com/r/wallpapers/hot/'], [True, 'reddit_multi', 'Top wallpapers from multiple Reddit communities']]'
INFO: 2025-12-06 17:01:14,065: log_options() 'stats_enabled = True'
INFO: 2025-12-06 17:01:14,065: log_options() 'stats_notice_shown = False'
INFO: 2025-12-06 17:01:14,065: log_options() 'sync_enabled = True'
INFO: 2025-12-06 17:01:14,065: log_options() 'use_landscape_enabled = False'
INFO: 2025-12-06 17:01:14,065: log_options() 'wallhaven_api_key = '
INFO: 2025-12-06 17:01:14,065: log_options() 'wallpaper_auto_rotate = False'
INFO: 2025-12-06 17:01:14,065: log_options() 'wallpaper_display_mode = smart'
INFO: 2025-12-06 17:01:14,065: reload_config() 'No need to clear prepared queue'
INFO: 2025-12-06 17:01:14,065: update_indicator() 'Setting file info to: /usr/share/backgrounds/gnome/adwaita-l.jxl'
INFO: 2025-12-06 17:01:14,067: load_last_change_time() 'Change interval < 6 hours, ignore persisted last_change_time, wait initially the whole interval: 18000'
INFO: 2025-12-06 17:01:14,067: update_indicator() 'Setting file info to: /usr/share/backgrounds/gnome/adwaita-l.jxl'
INFO: 2025-12-06 17:01:14,068: regular_change_thread() 'regular_change thread running'
INFO: 2025-12-06 17:01:14,068: prepare_thread() 'Prepare thread running'
INFO: 2025-12-06 17:01:14,068: prepare_thread() 'Prepared buffer contains 0 images'
INFO: 2025-12-06 17:01:14,068: prepare_thread() 'Preparing some images'
INFO: 2025-12-06 17:01:14,072: prepare_thread() 'After search prepared buffer contains 100 images'
INFO: 2025-12-06 17:01:14,072: update_indicator_icon() 'Creating indicator'
WARNING: 2025-12-06 17:01:14,097: create_menu() 'Variety Slideshow is not installed. This is an optional extension adding pan-and-zoom slideshows to Variety: see https://github.com/peterlevi/variety-slideshow for details'
INFO: 2025-12-06 17:01:14,097: create_indicator() 'indicator backend: AppIndicator3'
INFO: 2025-12-06 17:01:14,102: set_from_theme_icon() 'Showing indicator icon variety-indicator from GTK theme'
INFO: 2025-12-06 17:01:14,168: do_set_wp() 'Calling do_set_wp with /usr/share/backgrounds/gnome/adwaita-l.jxl, time: 1765020674.1680734'
INFO: 2025-12-06 17:01:14,168: do_set_wp() 'Missing file or bad permissions, will not use it: /usr/share/backgrounds/gnome/adwaita-l.jxl'
INFO: 2025-12-06 17:01:15,551: reload() 'Reloading preferences dialog'
ERROR: 2025-12-06 17:01:15,551: get_xdg_pictures_folder() 'Could not get path to Pictures folder. Defaulting to ~/Pictures.'
Traceback (most recent call last):
  File "/usr/lib/python3.13/site-packages/variety/Util.py", line 818, in get_xdg_pictures_folder
    raise Exception("Could not get path to Pictures folder. Defaulting to ~/Pictures.")
Exception: Could not get path to Pictures folder. Defaulting to ~/Pictures.
ERROR: 2025-12-06 17:01:15,553: get_xdg_pictures_folder() 'Could not get path to Pictures folder. Defaulting to ~/Pictures.'
Traceback (most recent call last):
  File "/usr/lib/python3.13/site-packages/variety/Util.py", line 818, in get_xdg_pictures_folder
    raise Exception("Could not get path to Pictures folder. Defaulting to ~/Pictures.")
Exception: Could not get path to Pictures folder. Defaulting to ~/Pictures.
ERROR: 2025-12-06 17:01:15,555: get_xdg_pictures_folder() 'Could not get path to Pictures folder. Defaulting to ~/Pictures.'
Traceback (most recent call last):
  File "/usr/lib/python3.13/site-packages/variety/Util.py", line 818, in get_xdg_pictures_folder
    raise Exception("Could not get path to Pictures folder. Defaulting to ~/Pictures.")
Exception: Could not get path to Pictures folder. Defaulting to ~/Pictures.
INFO: 2025-12-06 17:01:16,095: trigger_download() 'Triggering download thread to check if download needed and possible'
INFO: 2025-12-06 17:01:16,647: set_wallpaper() 'Calling set_wallpaper with /home/jay/.config/variety/Downloaded/reddit_www_reddit_com_r_wallpapers_hot_/r89y0loekv2g1.jpeg'
INFO: 2025-12-06 17:01:16,647: prepare_thread() 'Prepared buffer contains 100 images'
INFO: 2025-12-06 17:01:16,650: do_set_wp() 'Calling do_set_wp with /home/jay/.config/variety/Downloaded/reddit_www_reddit_com_r_wallpapers_hot_/r89y0loekv2g1.jpeg, time: 1765020676.6505702'
INFO: 2025-12-06 17:01:16,653: build_imagemagick_filter_cmd() 'Applying filter: -scale 3% -scale 3333%'
INFO: 2025-12-06 17:01:16,653: build_imagemagick_filter_cmd() 'ImageMagick filter cmd: convert /home/jay/.config/variety/Downloaded/reddit_www_reddit_com_r_wallpapers_hot_/r89y0loekv2g1.jpeg -scale 3200x2000^ -scale 3% -scale 3333% /home/jay/.config/variety/wallpaper/wallpaper-filter-27ae0f1142d2025546c4fde19e114c77.jpg'
INFO: 2025-12-06 17:01:17,082: apply_display_mode() 'ImageMagick display mode cmd: convert /home/jay/.config/variety/wallpaper/wallpaper-filter-27ae0f1142d2025546c4fde19e114c77.jpg -resize 3200x2000^ -gravity center -extent 3200x2000 -scale 10% -blur 0x3 -resize 1000% -clone 0 -resize 3200x2000 -size 3200x2000 -gravity center -composite /home/jay/.config/variety/wallpaper/wallpaper-zoomed-319466b4e847f1f5de57680269b2c447.jpg'
INFO: 2025-12-06 17:01:17,437: update_indicator() 'Setting file info to: /home/jay/.config/variety/Downloaded/reddit_www_reddit_com_r_wallpapers_hot_/r89y0loekv2g1.jpeg'
INFO: 2025-12-06 17:01:17,438: _load_credentials() 'Loaded credentials for user: ayaan25@sirprase.com'
ERROR: 2025-12-06 17:01:17,907: _get_oauth_token() 'No access token in response'
INFO: 2025-12-06 17:01:17,908: _get_auth_headers() 'No authentication configured (NSFW content may be blocked)'
INFO: 2025-12-06 17:01:17,909: list_files() 'More than 1 files in the folders, stop listing'
INFO: 2025-12-06 17:01:18,648: trigger_download() 'Triggering download thread to check if download needed and possible'
INFO: 2025-12-06 17:01:18,649: get_throttling() 'Reddit: parsing serverside options'
INFO: 2025-12-06 17:01:18,649: get_throttling() 'Could not parse Reddit serverside options, using defaults None, None'
INFO: 2025-12-06 17:01:18,650: get_throttling() 'Reddit: parsing serverside options'
INFO: 2025-12-06 17:01:18,650: get_throttling() 'Could not parse Reddit serverside options, using defaults None, None'
INFO: 2025-12-06 17:01:18,650: download_one() 'Reddit: Downloading an image, config: https://www.reddit.com/r/wallpapers/hot/'
INFO: 2025-12-06 17:01:18,650: download_one() 'Reddit: Queue size: 0'
INFO: 2025-12-06 17:01:18,650: get_throttling() 'Reddit: parsing serverside options'
INFO: 2025-12-06 17:01:18,650: get_throttling() 'Could not parse Reddit serverside options, using defaults None, None'
INFO: 2025-12-06 17:01:18,650: download_one() 'Reddit: Filling queue'
INFO: 2025-12-06 17:01:18,650: fill_queue() 'Custom Reddit URL: https://www.reddit.com/r/wallpapers/hot/'
INFO: 2025-12-06 17:01:18,650: fill_queue() 'Fetching from: https://www.reddit.com/r/wallpapers/hot/.json?limit=100 (attempt 1)'
INFO: 2025-12-06 17:01:18,651: trigger_download() 'Triggering download thread to check if download needed and possible'
INFO: 2025-12-06 17:01:19,068: set_wallpaper() 'Calling set_wallpaper with /home/jay/.config/variety/Downloaded/reddit_www_reddit_com_r_wallpapers_hot_/pzpxj924ox3g1.jpeg'
INFO: 2025-12-06 17:01:19,069: prepare_thread() 'Prepared buffer contains 100 images'
INFO: 2025-12-06 17:01:19,072: do_set_wp() 'Calling do_set_wp with /home/jay/.config/variety/Downloaded/reddit_www_reddit_com_r_wallpapers_hot_/pzpxj924ox3g1.jpeg, time: 1765020679.072303'
INFO: 2025-12-06 17:01:19,102: apply_display_mode() 'ImageMagick display mode cmd: convert /home/jay/.config/variety/Downloaded/reddit_www_reddit_com_r_wallpapers_hot_/pzpxj924ox3g1.jpeg -resize 3200x2000^ -gravity center -extent 3200x2000 -scale 10% -blur 0x3 -resize 1000% -clone 0 -resize 3200x2000 -size 3200x2000 -gravity center -composite /home/jay/.config/variety/wallpaper/wallpaper-zoomed-cfa5dd4e541b702b45570a4fd1661961.jpg'
INFO: 2025-12-06 17:01:19,492: update_indicator() 'Setting file info to: /home/jay/.config/variety/Downloaded/reddit_www_reddit_com_r_wallpapers_hot_/pzpxj924ox3g1.jpeg'
INFO: 2025-12-06 17:01:19,493: _load_credentials() 'Loaded credentials for user: ayaan25@sirprase.com'
ERROR: 2025-12-06 17:01:19,941: _get_oauth_token() 'No access token in response'
INFO: 2025-12-06 17:01:19,943: _get_auth_headers() 'No authentication configured (NSFW content may be blocked)'
INFO: 2025-12-06 17:01:19,944: list_files() 'More than 1 files in the folders, stop listing'
INFO: 2025-12-06 17:01:21,070: trigger_download() 'Triggering download thread to check if download needed and possible'
INFO: 2025-12-06 17:01:21,071: trigger_download() 'Triggering download thread to check if download needed and possible'
INFO: 2025-12-06 17:01:21,434: fill_queue() 'Found 100 posts on page 1'
INFO: 2025-12-06 17:01:21,436: fill_queue() 'Reached target of 20 images'
INFO: 2025-12-06 17:01:21,436: fill_queue() 'Queue populated with 101 images'
INFO: 2025-12-06 17:01:21,438: download_one() 'Reddit: Queue populated with 101 URLs'
INFO: 2025-12-06 17:01:21,438: save_locally() 'Origin URL: https://www.reddit.com/r/wallpapers/comments/1p8unya/minimalistic_landscapes_3840x2160/'
INFO: 2025-12-06 17:01:21,438: save_locally() 'Image URL: https://preview.redd.it/578h3hnp004g1.jpg?width=3840&format=pjpg&auto=webp&s=0beefbdb9f5a24a394b3e0fb84ba8ccccebdf3d4'
INFO: 2025-12-06 17:01:21,438: save_locally() 'Local path: /home/jay/.config/variety/Downloaded/reddit_www_reddit_com_r_wallpapers_hot_/578h3hnp004g1.jpg'
INFO: 2025-12-06 17:01:22,084: save_locally() 'Download complete'
INFO: 2025-12-06 17:01:22,085: update_indicator() 'Setting file info to: /home/jay/.config/variety/Downloaded/reddit_www_reddit_com_r_wallpapers_hot_/pzpxj924ox3g1.jpeg'
INFO: 2025-12-06 17:01:22,086: _load_credentials() 'Loaded credentials for user: ayaan25@sirprase.com'
ERROR: 2025-12-06 17:01:22,514: _get_oauth_token() 'No access token in response'
INFO: 2025-12-06 17:01:22,516: _get_auth_headers() 'No authentication configured (NSFW content may be blocked)'
INFO: 2025-12-06 17:01:22,516: list_files() 'More than 1 files in the folders, stop listing'
INFO: 2025-12-06 17:01:22,516: download_one_from() 'Adding downloaded file /home/jay/.config/variety/Downloaded/reddit_www_reddit_com_r_wallpapers_hot_/578h3hnp004g1.jpg to unseen_downloads'
INFO: 2025-12-06 17:01:23,517: get_throttling() 'Reddit: parsing serverside options'
INFO: 2025-12-06 17:01:23,517: get_throttling() 'Could not parse Reddit serverside options, using defaults None, None'
INFO: 2025-12-06 17:01:23,517: get_throttling() 'Reddit: parsing serverside options'
INFO: 2025-12-06 17:01:23,517: get_throttling() 'Could not parse Reddit serverside options, using defaults None, None'
INFO: 2025-12-06 17:01:23,518: download_one() 'Reddit: Downloading an image, config: https://www.reddit.com/r/wallpapers/hot/'
INFO: 2025-12-06 17:01:23,518: download_one() 'Reddit: Queue size: 100'
INFO: 2025-12-06 17:01:23,518: download_one() 'Reddit: Queue populated with 100 URLs'
INFO: 2025-12-06 17:01:23,518: save_locally() 'Origin URL: https://www.reddit.com/r/wallpapers/comments/1p3r72b/4232x2688_arch_wall_hi_res/'
INFO: 2025-12-06 17:01:23,518: save_locally() 'Image URL: https://preview.redd.it/wkz8o2gips2g1.png?width=4232&format=png&auto=webp&s=425f7094c4c9ff0f2f06661742739e25394eddef'
INFO: 2025-12-06 17:01:23,518: save_locally() 'Local path: /home/jay/.config/variety/Downloaded/reddit_www_reddit_com_r_wallpapers_hot_/wkz8o2gips2g1.png'
INFO: 2025-12-06 17:01:24,009: save_locally() 'Download complete'
INFO: 2025-12-06 17:01:24,010: update_indicator() 'Setting file info to: /home/jay/.config/variety/Downloaded/reddit_www_reddit_com_r_wallpapers_hot_/pzpxj924ox3g1.jpeg'
INFO: 2025-12-06 17:01:24,010: _load_credentials() 'Loaded credentials for user: ayaan25@sirprase.com'
ERROR: 2025-12-06 17:01:24,456: _get_oauth_token() 'No access token in response'
INFO: 2025-12-06 17:01:24,457: _get_auth_headers() 'No authentication configured (NSFW content may be blocked)'
INFO: 2025-12-06 17:01:24,458: list_files() 'More than 1 files in the folders, stop listing'
INFO: 2025-12-06 17:01:24,458: download_one_from() 'Adding downloaded file /home/jay/.config/variety/Downloaded/reddit_www_reddit_com_r_wallpapers_hot_/wkz8o2gips2g1.png to unseen_downloads'
INFO: 2025-12-06 17:01:24,770: process_command() 'Received command: ['--next']'
INFO: 2025-12-06 17:01:24,772: set_wallpaper() 'Calling set_wallpaper with /home/jay/.config/variety/Downloaded/reddit_www_reddit_com_r_wallpapers_hot_/gam7gaf6ql4g1.jpg'
INFO: 2025-12-06 17:01:24,772: prepare_thread() 'Prepared buffer contains 100 images'
INFO: 2025-12-06 17:01:24,772: do_set_wp() 'Calling do_set_wp with /home/jay/.config/variety/Downloaded/reddit_www_reddit_com_r_wallpapers_hot_/gam7gaf6ql4g1.jpg, time: 1765020684.772649'
INFO: 2025-12-06 17:01:24,773: build_imagemagick_filter_cmd() 'Applying filter: -scale 3% -scale 3333%'
INFO: 2025-12-06 17:01:24,773: build_imagemagick_filter_cmd() 'ImageMagick filter cmd: convert /home/jay/.config/variety/Downloaded/reddit_www_reddit_com_r_wallpapers_hot_/gam7gaf6ql4g1.jpg -scale 3200x2000^ -scale 3% -scale 3333% /home/jay/.config/variety/wallpaper/wallpaper-filter-5846ffb9c2e6c43b57c7841e7f2ae364.jpg'
INFO: 2025-12-06 17:01:25,209: update_indicator() 'Setting file info to: /home/jay/.config/variety/Downloaded/reddit_www_reddit_com_r_wallpapers_hot_/gam7gaf6ql4g1.jpg'
INFO: 2025-12-06 17:01:25,210: _load_credentials() 'Loaded credentials for user: ayaan25@sirprase.com'
INFO: 2025-12-06 17:01:25,459: get_throttling() 'Reddit: parsing serverside options'
INFO: 2025-12-06 17:01:25,459: get_throttling() 'Could not parse Reddit serverside options, using defaults None, None'
INFO: 2025-12-06 17:01:25,459: get_throttling() 'Reddit: parsing serverside options'
INFO: 2025-12-06 17:01:25,459: get_throttling() 'Could not parse Reddit serverside options, using defaults None, None'
INFO: 2025-12-06 17:01:25,459: download_one() 'Reddit: Downloading an image, config: https://www.reddit.com/r/wallpapers/hot/'
INFO: 2025-12-06 17:01:25,459: download_one() 'Reddit: Queue size: 99'
INFO: 2025-12-06 17:01:25,459: download_one() 'Reddit: Queue populated with 99 URLs'
INFO: 2025-12-06 17:01:25,459: save_locally() 'Origin URL: https://www.reddit.com/r/wallpapers/comments/1pbdj9q/wallpaper_worthy/'
INFO: 2025-12-06 17:01:25,459: save_locally() 'Image URL: https://i.redd.it/05c4sqf3rf4g1.png'
INFO: 2025-12-06 17:01:25,459: save_locally() 'Local path: /home/jay/.config/variety/Downloaded/reddit_www_reddit_com_r_wallpapers_hot_/05c4sqf3rf4g1.png'
ERROR: 2025-12-06 17:01:25,563: _get_oauth_token() 'No access token in response'
INFO: 2025-12-06 17:01:25,564: _get_auth_headers() 'No authentication configured (NSFW content may be blocked)'
INFO: 2025-12-06 17:01:25,564: list_files() 'More than 1 files in the folders, stop listing'
INFO: 2025-12-06 17:01:25,897: save_locally() 'Download complete'
INFO: 2025-12-06 17:01:25,898: update_indicator() 'Setting file info to: /home/jay/.config/variety/Downloaded/reddit_www_reddit_com_r_wallpapers_hot_/gam7gaf6ql4g1.jpg'
INFO: 2025-12-06 17:01:25,899: _load_credentials() 'Loaded credentials for user: ayaan25@sirprase.com'
ERROR: 2025-12-06 17:01:26,307: _get_oauth_token() 'No access token in response'
INFO: 2025-12-06 17:01:26,309: _get_auth_headers() 'No authentication configured (NSFW content may be blocked)'
INFO: 2025-12-06 17:01:26,309: list_files() 'More than 1 files in the folders, stop listing'
INFO: 2025-12-06 17:01:26,310: download_one_from() 'Adding downloaded file /home/jay/.config/variety/Downloaded/reddit_www_reddit_com_r_wallpapers_hot_/05c4sqf3rf4g1.png to unseen_downloads'
INFO: 2025-12-06 17:01:26,772: trigger_download() 'Triggering download thread to check if download needed and possible'
INFO: 2025-12-06 17:01:26,773: trigger_download() 'Triggering download thread to check if download needed and possible'
INFO: 2025-12-06 17:01:34,070: server_options_thread() 'Fetching server options from https://gist.githubusercontent.com/peterlevi/a7d1dbf3a4e76e15760a/raw/fab10d0ce5cfe66377e7c650be56edb497aabbd4/variety_server_options.json'
INFO: 2025-12-06 17:01:34,630: server_options_thread() 'Fetched server options: {'flickr': {'min_fill_queue_interval': 1200, 'min_download_interval': 1200}, 'wallbase': {'min_fill_queue_interval': 1800, 'min_download_interval': 1800}, 'wallhaven': {'min_fill_queue_interval': 1800, 'min_download_interval': 1800}, 'wallpapers.net': {'min_fill_queue_interval': 601, 'min_download_interval': 0}, 'unsplash': {'min_fill_queue_interval': 20000000000, 'min_download_interval': 20000000000}, 'unsplash_v2': {'min_fill_queue_interval': 3600, 'min_download_interval': 1800}, 'status_message': {'0.0.1': '', '*': ''}}'
INFO: 2025-12-06 17:01:36,028: process_command() 'Received command: ['--next']'
INFO: 2025-12-06 17:01:36,031: set_wallpaper() 'Calling set_wallpaper with /home/jay/.config/variety/Downloaded/reddit_www_reddit_com_r_wallpapers_hot_/3e35fkmzhuzf1.jpg'
INFO: 2025-12-06 17:01:36,031: prepare_thread() 'Prepared buffer contains 100 images'
INFO: 2025-12-06 17:01:36,032: do_set_wp() 'Calling do_set_wp with /home/jay/.config/variety/Downloaded/reddit_www_reddit_com_r_wallpapers_hot_/3e35fkmzhuzf1.jpg, time: 1765020696.0324583'
INFO: 2025-12-06 17:01:36,032: build_imagemagick_filter_cmd() 'Applying filter: -type Grayscale'
INFO: 2025-12-06 17:01:36,032: build_imagemagick_filter_cmd() 'ImageMagick filter cmd: convert /home/jay/.config/variety/Downloaded/reddit_www_reddit_com_r_wallpapers_hot_/3e35fkmzhuzf1.jpg -scale 3200x2000^ -type Grayscale /home/jay/.config/variety/wallpaper/wallpaper-filter-a10db8b8c26246a4d73fa5a999a556ea.jpg'
INFO: 2025-12-06 17:01:36,347: update_indicator() 'Setting file info to: /home/jay/.config/variety/Downloaded/reddit_www_reddit_com_r_wallpapers_hot_/3e35fkmzhuzf1.jpg'
INFO: 2025-12-06 17:01:36,348: _load_credentials() 'Loaded credentials for user: ayaan25@sirprase.com'
ERROR: 2025-12-06 17:01:36,810: _get_oauth_token() 'No access token in response'
INFO: 2025-12-06 17:01:36,812: _get_auth_headers() 'No authentication configured (NSFW content may be blocked)'
INFO: 2025-12-06 17:01:36,813: list_files() 'More than 1 files in the folders, stop listing'
INFO: 2025-12-06 17:01:38,032: trigger_download() 'Triggering download thread to check if download needed and possible'
INFO: 2025-12-06 17:01:38,033: trigger_download() 'Triggering download thread to check if download needed and possible'
INFO: 2025-12-06 17:01:38,033: get_throttling() 'Wallhaven.cc: parsing serverside options'
INFO: 2025-12-06 17:01:38,034: get_throttling() 'Wallhaven.cc serverside options: {'min_fill_queue_interval': 1800, 'min_download_interval': 1800}'
INFO: 2025-12-06 17:01:38,034: get_throttling() 'Wallhaven.cc: parsing serverside options'
INFO: 2025-12-06 17:01:38,034: get_throttling() 'Wallhaven.cc serverside options: {'min_fill_queue_interval': 1800, 'min_download_interval': 1800}'
INFO: 2025-12-06 17:01:38,034: download_one() 'Wallhaven.cc: Downloading an image, config: https://wallhaven.cc/toplist'
INFO: 2025-12-06 17:01:38,034: download_one() 'Wallhaven.cc: Queue size: 0'
INFO: 2025-12-06 17:01:38,034: get_throttling() 'Wallhaven.cc: parsing serverside options'
INFO: 2025-12-06 17:01:38,034: get_throttling() 'Wallhaven.cc serverside options: {'min_fill_queue_interval': 1800, 'min_download_interval': 1800}'
INFO: 2025-12-06 17:01:38,034: download_one() 'Wallhaven.cc: Filling queue'
INFO: 2025-12-06 17:01:38,034: search() 'Performing wallhaven search: url=https://wallhaven.cc/toplist'
ERROR: 2025-12-06 17:01:38,198: request() 'SSL Error for url https://wallhaven.cc/toplist:'
Traceback (most recent call last):
  File "/usr/lib/python3.13/site-packages/urllib3/connectionpool.py", line 464, in _make_request
    self._validate_conn(conn)
    ~~~~~~~~~~~~~~~~~~~^^^^^^
  File "/usr/lib/python3.13/site-packages/urllib3/connectionpool.py", line 1093, in _validate_conn
    conn.connect()
    ~~~~~~~~~~~~^^
  File "/usr/lib/python3.13/site-packages/urllib3/connection.py", line 790, in connect
    sock_and_verified = _ssl_wrap_socket_and_match_hostname(
        sock=sock,
    ...<14 lines>...
        assert_fingerprint=self.assert_fingerprint,
    )
  File "/usr/lib/python3.13/site-packages/urllib3/connection.py", line 969, in _ssl_wrap_socket_and_match_hostname
    ssl_sock = ssl_wrap_socket(
        sock=sock,
    ...<8 lines>...
        tls_in_tls=tls_in_tls,
    )
  File "/usr/lib/python3.13/site-packages/urllib3/util/ssl_.py", line 480, in ssl_wrap_socket
    ssl_sock = _ssl_wrap_socket_impl(sock, context, tls_in_tls, server_hostname)
  File "/usr/lib/python3.13/site-packages/urllib3/util/ssl_.py", line 524, in _ssl_wrap_socket_impl
    return ssl_context.wrap_socket(sock, server_hostname=server_hostname)
           ~~~~~~~~~~~~~~~~~~~~~~~^^^^^^^^^^^^^^^^^^^^^^^^^^^^^^^^^^^^^^^
  File "/usr/lib/python3.13/ssl.py", line 455, in wrap_socket
    return self.sslsocket_class._create(
           ~~~~~~~~~~~~~~~~~~~~~~~~~~~~^
        sock=sock,
        ^^^^^^^^^^
    ...<5 lines>...
        session=session
        ^^^^^^^^^^^^^^^
    )
    ^
  File "/usr/lib/python3.13/ssl.py", line 1076, in _create
    self.do_handshake()
    ~~~~~~~~~~~~~~~~~^^
  File "/usr/lib/python3.13/ssl.py", line 1372, in do_handshake
    self._sslobj.do_handshake()
    ~~~~~~~~~~~~~~~~~~~~~~~~~^^
ssl.SSLError: [SSL] unknown error (_ssl.c:1032)

During handling of the above exception, another exception occurred:

Traceback (most recent call last):
  File "/usr/lib/python3.13/site-packages/urllib3/connectionpool.py", line 787, in urlopen
    response = self._make_request(
        conn,
    ...<10 lines>...
        **response_kw,
    )
  File "/usr/lib/python3.13/site-packages/urllib3/connectionpool.py", line 488, in _make_request
    raise new_e
urllib3.exceptions.SSLError: [SSL] unknown error (_ssl.c:1032)

The above exception was the direct cause of the following exception:

Traceback (most recent call last):
  File "/usr/lib/python3.13/site-packages/requests/adapters.py", line 644, in send
    resp = conn.urlopen(
        method=request.method,
    ...<9 lines>...
        chunked=chunked,
    )
  File "/usr/lib/python3.13/site-packages/urllib3/connectionpool.py", line 841, in urlopen
    retries = retries.increment(
        method, url, error=new_e, _pool=self, _stacktrace=sys.exc_info()[2]
    )
  File "/usr/lib/python3.13/site-packages/urllib3/util/retry.py", line 519, in increment
    raise MaxRetryError(_pool, url, reason) from reason  # type: ignore[arg-type]
    ^^^^^^^^^^^^^^^^^^^^^^^^^^^^^^^^^^^^^^^^^^^^^^^^^^^
urllib3.exceptions.MaxRetryError: HTTPSConnectionPool(host='wallhaven.cc', port=443): Max retries exceeded with url: /toplist (Caused by SSLError(SSLError(1, '[SSL] unknown error (_ssl.c:1032)')))

During handling of the above exception, another exception occurred:

Traceback (most recent call last):
  File "/usr/lib/python3.13/site-packages/variety/Util.py", line 654, in request
    r = requests.request(
        method=method,
    ...<5 lines>...
        timeout=timeout,
    )
  File "/usr/lib/python3.13/site-packages/requests/api.py", line 59, in request
    return session.request(method=method, url=url, **kwargs)
           ~~~~~~~~~~~~~~~^^^^^^^^^^^^^^^^^^^^^^^^^^^^^^^^^^
  File "/usr/lib/python3.13/site-packages/requests/sessions.py", line 589, in request
    resp = self.send(prep, **send_kwargs)
  File "/usr/lib/python3.13/site-packages/requests/sessions.py", line 703, in send
    r = adapter.send(request, **kwargs)
  File "/usr/lib/python3.13/site-packages/requests/adapters.py", line 675, in send
    raise SSLError(e, request=request)
requests.exceptions.SSLError: HTTPSConnectionPool(host='wallhaven.cc', port=443): Max retries exceeded with url: /toplist (Caused by SSLError(SSLError(1, '[SSL] unknown error (_ssl.c:1032)')))
ERROR: 2025-12-06 17:01:38,206: download_one_from() 'Could not download wallpaper:'
Traceback (most recent call last):
  File "/usr/lib/python3.13/site-packages/urllib3/connectionpool.py", line 464, in _make_request
    self._validate_conn(conn)
    ~~~~~~~~~~~~~~~~~~~^^^^^^
  File "/usr/lib/python3.13/site-packages/urllib3/connectionpool.py", line 1093, in _validate_conn
    conn.connect()
    ~~~~~~~~~~~~^^
  File "/usr/lib/python3.13/site-packages/urllib3/connection.py", line 790, in connect
    sock_and_verified = _ssl_wrap_socket_and_match_hostname(
        sock=sock,
    ...<14 lines>...
        assert_fingerprint=self.assert_fingerprint,
    )
  File "/usr/lib/python3.13/site-packages/urllib3/connection.py", line 969, in _ssl_wrap_socket_and_match_hostname
    ssl_sock = ssl_wrap_socket(
        sock=sock,
    ...<8 lines>...
        tls_in_tls=tls_in_tls,
    )
  File "/usr/lib/python3.13/site-packages/urllib3/util/ssl_.py", line 480, in ssl_wrap_socket
    ssl_sock = _ssl_wrap_socket_impl(sock, context, tls_in_tls, server_hostname)
  File "/usr/lib/python3.13/site-packages/urllib3/util/ssl_.py", line 524, in _ssl_wrap_socket_impl
    return ssl_context.wrap_socket(sock, server_hostname=server_hostname)
           ~~~~~~~~~~~~~~~~~~~~~~~^^^^^^^^^^^^^^^^^^^^^^^^^^^^^^^^^^^^^^^
  File "/usr/lib/python3.13/ssl.py", line 455, in wrap_socket
    return self.sslsocket_class._create(
           ~~~~~~~~~~~~~~~~~~~~~~~~~~~~^
        sock=sock,
        ^^^^^^^^^^
    ...<5 lines>...
        session=session
        ^^^^^^^^^^^^^^^
    )
    ^
  File "/usr/lib/python3.13/ssl.py", line 1076, in _create
    self.do_handshake()
    ~~~~~~~~~~~~~~~~~^^
  File "/usr/lib/python3.13/ssl.py", line 1372, in do_handshake
    self._sslobj.do_handshake()
    ~~~~~~~~~~~~~~~~~~~~~~~~~^^
ssl.SSLError: [SSL] unknown error (_ssl.c:1032)

During handling of the above exception, another exception occurred:

Traceback (most recent call last):
  File "/usr/lib/python3.13/site-packages/urllib3/connectionpool.py", line 787, in urlopen
    response = self._make_request(
        conn,
    ...<10 lines>...
        **response_kw,
    )
  File "/usr/lib/python3.13/site-packages/urllib3/connectionpool.py", line 488, in _make_request
    raise new_e
urllib3.exceptions.SSLError: [SSL] unknown error (_ssl.c:1032)

The above exception was the direct cause of the following exception:

Traceback (most recent call last):
  File "/usr/lib/python3.13/site-packages/requests/adapters.py", line 644, in send
    resp = conn.urlopen(
        method=request.method,
    ...<9 lines>...
        chunked=chunked,
    )
  File "/usr/lib/python3.13/site-packages/urllib3/connectionpool.py", line 841, in urlopen
    retries = retries.increment(
        method, url, error=new_e, _pool=self, _stacktrace=sys.exc_info()[2]
    )
  File "/usr/lib/python3.13/site-packages/urllib3/util/retry.py", line 519, in increment
    raise MaxRetryError(_pool, url, reason) from reason  # type: ignore[arg-type]
    ^^^^^^^^^^^^^^^^^^^^^^^^^^^^^^^^^^^^^^^^^^^^^^^^^^^
urllib3.exceptions.MaxRetryError: HTTPSConnectionPool(host='wallhaven.cc', port=443): Max retries exceeded with url: /toplist (Caused by SSLError(SSLError(1, '[SSL] unknown error (_ssl.c:1032)')))

During handling of the above exception, another exception occurred:

Traceback (most recent call last):
  File "/usr/lib/python3.13/site-packages/variety/VarietyWindow.py", line 1166, in download_one_from
    file = downloader.download_one()
  File "/usr/lib/python3.13/site-packages/variety/plugins/downloaders/DefaultDownloader.py", line 141, in download_one
    items = self.fill_queue()
  File "/usr/lib/python3.13/site-packages/variety/plugins/builtin/downloaders/WallhavenDownloader.py", line 147, in fill_queue
    return self.legacy_downloader.fill_queue()
           ~~~~~~~~~~~~~~~~~~~~~~~~~~~~~~~~~^^
  File "/usr/lib/python3.13/site-packages/variety/plugins/builtin/downloaders/WallhavenLegacyDownloader.py", line 119, in fill_queue
    s, count = self.search()
               ~~~~~~~~~~~^^
  File "/usr/lib/python3.13/site-packages/variety/plugins/builtin/downloaders/WallhavenLegacyDownloader.py", line 53, in search
    soup = Util.html_soup(url)
  File "/usr/lib/python3.13/site-packages/variety/Util.py", line 688, in html_soup
    return bs4.BeautifulSoup(Util.fetch(url, data, **request_kwargs), "lxml")
                             ~~~~~~~~~~^^^^^^^^^^^^^^^^^^^^^^^^^^^^^
  File "/usr/lib/python3.13/site-packages/variety/Util.py", line 676, in fetch
    return Util.request(url, data, **request_kwargs).text
           ~~~~~~~~~~~~^^^^^^^^^^^^^^^^^^^^^^^^^^^^^
  File "/usr/lib/python3.13/site-packages/variety/Util.py", line 654, in request
    r = requests.request(
        method=method,
    ...<5 lines>...
        timeout=timeout,
    )
  File "/usr/lib/python3.13/site-packages/requests/api.py", line 59, in request
    return session.request(method=method, url=url, **kwargs)
           ~~~~~~~~~~~~~~~^^^^^^^^^^^^^^^^^^^^^^^^^^^^^^^^^^
  File "/usr/lib/python3.13/site-packages/requests/sessions.py", line 589, in request
    resp = self.send(prep, **send_kwargs)
  File "/usr/lib/python3.13/site-packages/requests/sessions.py", line 703, in send
    r = adapter.send(request, **kwargs)
  File "/usr/lib/python3.13/site-packages/requests/adapters.py", line 675, in send
    raise SSLError(e, request=request)
requests.exceptions.SSLError: HTTPSConnectionPool(host='wallhaven.cc', port=443): Max retries exceeded with url: /toplist (Caused by SSLError(SSLError(1, '[SSL] unknown error (_ssl.c:1032)')))
INFO: 2025-12-06 17:01:39,213: get_throttling() 'Reddit: parsing serverside options'
INFO: 2025-12-06 17:01:39,213: get_throttling() 'Could not parse Reddit serverside options, using defaults None, None'
INFO: 2025-12-06 17:01:39,213: get_throttling() 'Reddit: parsing serverside options'
INFO: 2025-12-06 17:01:39,213: get_throttling() 'Could not parse Reddit serverside options, using defaults None, None'
INFO: 2025-12-06 17:01:39,213: download_one() 'Reddit: Downloading an image, config: https://www.reddit.com/r/wallpapers/hot/'
INFO: 2025-12-06 17:01:39,213: download_one() 'Reddit: Queue size: 98'
INFO: 2025-12-06 17:01:39,213: download_one() 'Reddit: Queue populated with 98 URLs'
INFO: 2025-12-06 17:01:39,213: save_locally() 'Origin URL: https://www.reddit.com/r/wallpapers/comments/1p0xw99/space_battleship_arizona_fires_her_guns_for_the/'
INFO: 2025-12-06 17:01:39,213: save_locally() 'Image URL: https://i.redd.it/5eq109we452g1.jpeg'
INFO: 2025-12-06 17:01:39,214: save_locally() 'Local path: /home/jay/.config/variety/Downloaded/reddit_www_reddit_com_r_wallpapers_hot_/5eq109we452g1.jpeg'
INFO: 2025-12-06 17:01:39,671: save_locally() 'Download complete'
INFO: 2025-12-06 17:01:39,673: update_indicator() 'Setting file info to: /home/jay/.config/variety/Downloaded/reddit_www_reddit_com_r_wallpapers_hot_/3e35fkmzhuzf1.jpg'
INFO: 2025-12-06 17:01:39,674: _load_credentials() 'Loaded credentials for user: ayaan25@sirprase.com'
ERROR: 2025-12-06 17:01:40,097: _get_oauth_token() 'No access token in response'
INFO: 2025-12-06 17:01:40,098: _get_auth_headers() 'No authentication configured (NSFW content may be blocked)'
INFO: 2025-12-06 17:01:40,098: list_files() 'More than 1 files in the folders, stop listing'
INFO: 2025-12-06 17:01:40,098: download_one_from() 'Adding downloaded file /home/jay/.config/variety/Downloaded/reddit_www_reddit_com_r_wallpapers_hot_/5eq109we452g1.jpeg to unseen_downloads'
INFO: 2025-12-06 17:03:28,515: process_command() 'Received command: ['--next']'
INFO: 2025-12-06 17:03:28,517: set_wallpaper() 'Calling set_wallpaper with /home/jay/.config/variety/Downloaded/reddit_www_reddit_com_r_wallpapers_hot_/05c4sqf3rf4g1.png'
INFO: 2025-12-06 17:03:28,517: prepare_thread() 'Prepared buffer contains 100 images'
INFO: 2025-12-06 17:03:28,518: do_set_wp() 'Calling do_set_wp with /home/jay/.config/variety/Downloaded/reddit_www_reddit_com_r_wallpapers_hot_/05c4sqf3rf4g1.png, time: 1765020808.5188634'
INFO: 2025-12-06 17:03:28,519: build_imagemagick_filter_cmd() 'Applying filter: -type Grayscale'
INFO: 2025-12-06 17:03:28,519: build_imagemagick_filter_cmd() 'ImageMagick filter cmd: convert /home/jay/.config/variety/Downloaded/reddit_www_reddit_com_r_wallpapers_hot_/05c4sqf3rf4g1.png -scale 3200x2000^ -type Grayscale /home/jay/.config/variety/wallpaper/wallpaper-filter-d24a9717c78d9c217bb9b2edc7020c83.jpg'
INFO: 2025-12-06 17:03:28,807: update_indicator() 'Setting file info to: /home/jay/.config/variety/Downloaded/reddit_www_reddit_com_r_wallpapers_hot_/05c4sqf3rf4g1.png'
INFO: 2025-12-06 17:03:28,810: _load_credentials() 'Loaded credentials for user: ayaan25@sirprase.com'
ERROR: 2025-12-06 17:03:29,186: _get_oauth_token() 'No access token in response'
INFO: 2025-12-06 17:03:29,188: _get_auth_headers() 'No authentication configured (NSFW content may be blocked)'
INFO: 2025-12-06 17:03:29,189: list_files() 'More than 1 files in the folders, stop listing'
INFO: 2025-12-06 17:03:30,518: trigger_download() 'Triggering download thread to check if download needed and possible'
INFO: 2025-12-06 17:03:30,519: trigger_download() 'Triggering download thread to check if download needed and possible'
INFO: 2025-12-06 17:03:30,519: get_throttling() 'Wallhaven.cc: parsing serverside options'
INFO: 2025-12-06 17:03:30,520: get_throttling() 'Wallhaven.cc serverside options: {'min_fill_queue_interval': 1800, 'min_download_interval': 1800}'
INFO: 2025-12-06 17:03:30,520: get_throttling() 'Wallhaven.cc: parsing serverside options'
INFO: 2025-12-06 17:03:30,520: get_throttling() 'Wallhaven.cc serverside options: {'min_fill_queue_interval': 1800, 'min_download_interval': 1800}'
INFO: 2025-12-06 17:03:30,520: download_one() 'Wallhaven.cc: Downloading an image, config: https://wallhaven.cc/toplist'
INFO: 2025-12-06 17:03:30,520: download_one() 'Wallhaven.cc: Queue size: 0'
INFO: 2025-12-06 17:03:30,520: get_throttling() 'Wallhaven.cc: parsing serverside options'
INFO: 2025-12-06 17:03:30,520: get_throttling() 'Wallhaven.cc serverside options: {'min_fill_queue_interval': 1800, 'min_download_interval': 1800}'
INFO: 2025-12-06 17:03:30,520: download_one() 'Wallhaven.cc: Filling queue'
INFO: 2025-12-06 17:03:30,520: search() 'Performing wallhaven search: url=https://wallhaven.cc/toplist'
ERROR: 2025-12-06 17:03:30,676: request() 'SSL Error for url https://wallhaven.cc/toplist:'
Traceback (most recent call last):
  File "/usr/lib/python3.13/site-packages/urllib3/connectionpool.py", line 464, in _make_request
    self._validate_conn(conn)
    ~~~~~~~~~~~~~~~~~~~^^^^^^
  File "/usr/lib/python3.13/site-packages/urllib3/connectionpool.py", line 1093, in _validate_conn
    conn.connect()
    ~~~~~~~~~~~~^^
  File "/usr/lib/python3.13/site-packages/urllib3/connection.py", line 790, in connect
    sock_and_verified = _ssl_wrap_socket_and_match_hostname(
        sock=sock,
    ...<14 lines>...
        assert_fingerprint=self.assert_fingerprint,
    )
  File "/usr/lib/python3.13/site-packages/urllib3/connection.py", line 969, in _ssl_wrap_socket_and_match_hostname
    ssl_sock = ssl_wrap_socket(
        sock=sock,
    ...<8 lines>...
        tls_in_tls=tls_in_tls,
    )
  File "/usr/lib/python3.13/site-packages/urllib3/util/ssl_.py", line 480, in ssl_wrap_socket
    ssl_sock = _ssl_wrap_socket_impl(sock, context, tls_in_tls, server_hostname)
  File "/usr/lib/python3.13/site-packages/urllib3/util/ssl_.py", line 524, in _ssl_wrap_socket_impl
    return ssl_context.wrap_socket(sock, server_hostname=server_hostname)
           ~~~~~~~~~~~~~~~~~~~~~~~^^^^^^^^^^^^^^^^^^^^^^^^^^^^^^^^^^^^^^^
  File "/usr/lib/python3.13/ssl.py", line 455, in wrap_socket
    return self.sslsocket_class._create(
           ~~~~~~~~~~~~~~~~~~~~~~~~~~~~^
        sock=sock,
        ^^^^^^^^^^
    ...<5 lines>...
        session=session
        ^^^^^^^^^^^^^^^
    )
    ^
  File "/usr/lib/python3.13/ssl.py", line 1076, in _create
    self.do_handshake()
    ~~~~~~~~~~~~~~~~~^^
  File "/usr/lib/python3.13/ssl.py", line 1372, in do_handshake
    self._sslobj.do_handshake()
    ~~~~~~~~~~~~~~~~~~~~~~~~~^^
ssl.SSLError: [SSL] unknown error (_ssl.c:1032)

During handling of the above exception, another exception occurred:

Traceback (most recent call last):
  File "/usr/lib/python3.13/site-packages/urllib3/connectionpool.py", line 787, in urlopen
    response = self._make_request(
        conn,
    ...<10 lines>...
        **response_kw,
    )
  File "/usr/lib/python3.13/site-packages/urllib3/connectionpool.py", line 488, in _make_request
    raise new_e
urllib3.exceptions.SSLError: [SSL] unknown error (_ssl.c:1032)

The above exception was the direct cause of the following exception:

Traceback (most recent call last):
  File "/usr/lib/python3.13/site-packages/requests/adapters.py", line 644, in send
    resp = conn.urlopen(
        method=request.method,
    ...<9 lines>...
        chunked=chunked,
    )
  File "/usr/lib/python3.13/site-packages/urllib3/connectionpool.py", line 841, in urlopen
    retries = retries.increment(
        method, url, error=new_e, _pool=self, _stacktrace=sys.exc_info()[2]
    )
  File "/usr/lib/python3.13/site-packages/urllib3/util/retry.py", line 519, in increment
    raise MaxRetryError(_pool, url, reason) from reason  # type: ignore[arg-type]
    ^^^^^^^^^^^^^^^^^^^^^^^^^^^^^^^^^^^^^^^^^^^^^^^^^^^
urllib3.exceptions.MaxRetryError: HTTPSConnectionPool(host='wallhaven.cc', port=443): Max retries exceeded with url: /toplist (Caused by SSLError(SSLError(1, '[SSL] unknown error (_ssl.c:1032)')))

During handling of the above exception, another exception occurred:

Traceback (most recent call last):
  File "/usr/lib/python3.13/site-packages/variety/Util.py", line 654, in request
    r = requests.request(
        method=method,
    ...<5 lines>...
        timeout=timeout,
    )
  File "/usr/lib/python3.13/site-packages/requests/api.py", line 59, in request
    return session.request(method=method, url=url, **kwargs)
           ~~~~~~~~~~~~~~~^^^^^^^^^^^^^^^^^^^^^^^^^^^^^^^^^^
  File "/usr/lib/python3.13/site-packages/requests/sessions.py", line 589, in request
    resp = self.send(prep, **send_kwargs)
  File "/usr/lib/python3.13/site-packages/requests/sessions.py", line 703, in send
    r = adapter.send(request, **kwargs)
  File "/usr/lib/python3.13/site-packages/requests/adapters.py", line 675, in send
    raise SSLError(e, request=request)
requests.exceptions.SSLError: HTTPSConnectionPool(host='wallhaven.cc', port=443): Max retries exceeded with url: /toplist (Caused by SSLError(SSLError(1, '[SSL] unknown error (_ssl.c:1032)')))
ERROR: 2025-12-06 17:03:30,682: download_one_from() 'Could not download wallpaper:'
Traceback (most recent call last):
  File "/usr/lib/python3.13/site-packages/urllib3/connectionpool.py", line 464, in _make_request
    self._validate_conn(conn)
    ~~~~~~~~~~~~~~~~~~~^^^^^^
  File "/usr/lib/python3.13/site-packages/urllib3/connectionpool.py", line 1093, in _validate_conn
    conn.connect()
    ~~~~~~~~~~~~^^
  File "/usr/lib/python3.13/site-packages/urllib3/connection.py", line 790, in connect
    sock_and_verified = _ssl_wrap_socket_and_match_hostname(
        sock=sock,
    ...<14 lines>...
        assert_fingerprint=self.assert_fingerprint,
    )
  File "/usr/lib/python3.13/site-packages/urllib3/connection.py", line 969, in _ssl_wrap_socket_and_match_hostname
    ssl_sock = ssl_wrap_socket(
        sock=sock,
    ...<8 lines>...
        tls_in_tls=tls_in_tls,
    )
  File "/usr/lib/python3.13/site-packages/urllib3/util/ssl_.py", line 480, in ssl_wrap_socket
    ssl_sock = _ssl_wrap_socket_impl(sock, context, tls_in_tls, server_hostname)
  File "/usr/lib/python3.13/site-packages/urllib3/util/ssl_.py", line 524, in _ssl_wrap_socket_impl
    return ssl_context.wrap_socket(sock, server_hostname=server_hostname)
           ~~~~~~~~~~~~~~~~~~~~~~~^^^^^^^^^^^^^^^^^^^^^^^^^^^^^^^^^^^^^^^
  File "/usr/lib/python3.13/ssl.py", line 455, in wrap_socket
    return self.sslsocket_class._create(
           ~~~~~~~~~~~~~~~~~~~~~~~~~~~~^
        sock=sock,
        ^^^^^^^^^^
    ...<5 lines>...
        session=session
        ^^^^^^^^^^^^^^^
    )
    ^
  File "/usr/lib/python3.13/ssl.py", line 1076, in _create
    self.do_handshake()
    ~~~~~~~~~~~~~~~~~^^
  File "/usr/lib/python3.13/ssl.py", line 1372, in do_handshake
    self._sslobj.do_handshake()
    ~~~~~~~~~~~~~~~~~~~~~~~~~^^
ssl.SSLError: [SSL] unknown error (_ssl.c:1032)

During handling of the above exception, another exception occurred:

Traceback (most recent call last):
  File "/usr/lib/python3.13/site-packages/urllib3/connectionpool.py", line 787, in urlopen
    response = self._make_request(
        conn,
    ...<10 lines>...
        **response_kw,
    )
  File "/usr/lib/python3.13/site-packages/urllib3/connectionpool.py", line 488, in _make_request
    raise new_e
urllib3.exceptions.SSLError: [SSL] unknown error (_ssl.c:1032)

The above exception was the direct cause of the following exception:

Traceback (most recent call last):
  File "/usr/lib/python3.13/site-packages/requests/adapters.py", line 644, in send
    resp = conn.urlopen(
        method=request.method,
    ...<9 lines>...
        chunked=chunked,
    )
  File "/usr/lib/python3.13/site-packages/urllib3/connectionpool.py", line 841, in urlopen
    retries = retries.increment(
        method, url, error=new_e, _pool=self, _stacktrace=sys.exc_info()[2]
    )
  File "/usr/lib/python3.13/site-packages/urllib3/util/retry.py", line 519, in increment
    raise MaxRetryError(_pool, url, reason) from reason  # type: ignore[arg-type]
    ^^^^^^^^^^^^^^^^^^^^^^^^^^^^^^^^^^^^^^^^^^^^^^^^^^^
urllib3.exceptions.MaxRetryError: HTTPSConnectionPool(host='wallhaven.cc', port=443): Max retries exceeded with url: /toplist (Caused by SSLError(SSLError(1, '[SSL] unknown error (_ssl.c:1032)')))

During handling of the above exception, another exception occurred:

Traceback (most recent call last):
  File "/usr/lib/python3.13/site-packages/variety/VarietyWindow.py", line 1166, in download_one_from
    file = downloader.download_one()
  File "/usr/lib/python3.13/site-packages/variety/plugins/downloaders/DefaultDownloader.py", line 141, in download_one
    items = self.fill_queue()
  File "/usr/lib/python3.13/site-packages/variety/plugins/builtin/downloaders/WallhavenDownloader.py", line 147, in fill_queue
    return self.legacy_downloader.fill_queue()
           ~~~~~~~~~~~~~~~~~~~~~~~~~~~~~~~~~^^
  File "/usr/lib/python3.13/site-packages/variety/plugins/builtin/downloaders/WallhavenLegacyDownloader.py", line 119, in fill_queue
    s, count = self.search()
               ~~~~~~~~~~~^^
  File "/usr/lib/python3.13/site-packages/variety/plugins/builtin/downloaders/WallhavenLegacyDownloader.py", line 53, in search
    soup = Util.html_soup(url)
  File "/usr/lib/python3.13/site-packages/variety/Util.py", line 688, in html_soup
    return bs4.BeautifulSoup(Util.fetch(url, data, **request_kwargs), "lxml")
                             ~~~~~~~~~~^^^^^^^^^^^^^^^^^^^^^^^^^^^^^
  File "/usr/lib/python3.13/site-packages/variety/Util.py", line 676, in fetch
    return Util.request(url, data, **request_kwargs).text
           ~~~~~~~~~~~~^^^^^^^^^^^^^^^^^^^^^^^^^^^^^
  File "/usr/lib/python3.13/site-packages/variety/Util.py", line 654, in request
    r = requests.request(
        method=method,
    ...<5 lines>...
        timeout=timeout,
    )
  File "/usr/lib/python3.13/site-packages/requests/api.py", line 59, in request
    return session.request(method=method, url=url, **kwargs)
           ~~~~~~~~~~~~~~~^^^^^^^^^^^^^^^^^^^^^^^^^^^^^^^^^^
  File "/usr/lib/python3.13/site-packages/requests/sessions.py", line 589, in request
    resp = self.send(prep, **send_kwargs)
  File "/usr/lib/python3.13/site-packages/requests/sessions.py", line 703, in send
    r = adapter.send(request, **kwargs)
  File "/usr/lib/python3.13/site-packages/requests/adapters.py", line 675, in send
    raise SSLError(e, request=request)
requests.exceptions.SSLError: HTTPSConnectionPool(host='wallhaven.cc', port=443): Max retries exceeded with url: /toplist (Caused by SSLError(SSLError(1, '[SSL] unknown error (_ssl.c:1032)')))
INFO: 2025-12-06 17:03:31,687: get_throttling() 'Reddit: parsing serverside options'
INFO: 2025-12-06 17:03:31,687: get_throttling() 'Could not parse Reddit serverside options, using defaults None, None'
INFO: 2025-12-06 17:03:31,687: get_throttling() 'Reddit: parsing serverside options'
INFO: 2025-12-06 17:03:31,687: get_throttling() 'Could not parse Reddit serverside options, using defaults None, None'
INFO: 2025-12-06 17:03:31,687: download_one() 'Reddit: Downloading an image, config: https://www.reddit.com/r/wallpapers/hot/'
INFO: 2025-12-06 17:03:31,688: download_one() 'Reddit: Queue size: 97'
INFO: 2025-12-06 17:03:31,688: download_one() 'Reddit: Queue populated with 97 URLs'
INFO: 2025-12-06 17:03:31,688: save_locally() 'Origin URL: https://www.reddit.com/r/wallpapers/comments/1ow0qfk/nature_landscape_3840x2160/'
INFO: 2025-12-06 17:03:31,688: save_locally() 'Image URL: https://preview.redd.it/i7cyzxiyx01g1.jpg?width=3840&format=pjpg&auto=webp&s=6e7cbab71a3b8e1a165724121651dbdd3e10455f'
INFO: 2025-12-06 17:03:31,688: save_locally() 'Local path: /home/jay/.config/variety/Downloaded/reddit_www_reddit_com_r_wallpapers_hot_/i7cyzxiyx01g1.jpg'
INFO: 2025-12-06 17:03:32,525: save_locally() 'Download complete'
INFO: 2025-12-06 17:03:32,526: update_indicator() 'Setting file info to: /home/jay/.config/variety/Downloaded/reddit_www_reddit_com_r_wallpapers_hot_/05c4sqf3rf4g1.png'
INFO: 2025-12-06 17:03:32,527: _load_credentials() 'Loaded credentials for user: ayaan25@sirprase.com'
ERROR: 2025-12-06 17:03:32,948: _get_oauth_token() 'No access token in response'
INFO: 2025-12-06 17:03:32,949: _get_auth_headers() 'No authentication configured (NSFW content may be blocked)'
INFO: 2025-12-06 17:03:32,950: list_files() 'More than 1 files in the folders, stop listing'
INFO: 2025-12-06 17:03:32,950: download_one_from() 'Adding downloaded file /home/jay/.config/variety/Downloaded/reddit_www_reddit_com_r_wallpapers_hot_/i7cyzxiyx01g1.jpg to unseen_downloads'
